2022-06-30 23:24:08.838 [ERRO] {d0ac9e01556ffd163d27563bb3befeb9} [  1 ms] [default] [rows:0  ] SHOW FULL COLUMNS FROM `user`
Error: dial tcp 127.0.0.1:3306: connect: connection refused 
Stack:
1.  github.com/gogf/gf/v2/database/gdb.(*Core).writeSqlToLogger
    /Users/quman/go/pkg/mod/github.com/gogf/gf/v2@v2.0.4/database/gdb/gdb_core.go:656
2.  github.com/gogf/gf/v2/database/gdb.(*Core).DoCommit
    /Users/quman/go/pkg/mod/github.com/gogf/gf/v2@v2.0.4/database/gdb/gdb_core_underlying.go:250
3.  github.com/gogf/gf/v2/database/gdb.(*Core).DoQuery
    /Users/quman/go/pkg/mod/github.com/gogf/gf/v2@v2.0.4/database/gdb/gdb_core_underlying.go:62
4.  github.com/gogf/gf/v2/database/gdb.(*Core).DoGetAll
    /Users/quman/go/pkg/mod/github.com/gogf/gf/v2@v2.0.4/database/gdb/gdb_core.go:153
5.  github.com/gogf/gf/v2/database/gdb.(*DriverMysql).TableFields.func1
    /Users/quman/go/pkg/mod/github.com/gogf/gf/v2@v2.0.4/database/gdb/gdb_driver_mysql.go:150
6.  github.com/gogf/gf/v2/container/gmap.(*AnyAnyMap).doSetWithLockCheck
    /Users/quman/go/pkg/mod/github.com/gogf/gf/v2@v2.0.4/container/gmap/gmap_hash_any_any_map.go:220
7.  github.com/gogf/gf/v2/container/gmap.(*AnyAnyMap).GetOrSetFuncLock
    /Users/quman/go/pkg/mod/github.com/gogf/gf/v2@v2.0.4/container/gmap/gmap_hash_any_any_map.go:257
8.  github.com/gogf/gf/v2/database/gdb.(*DriverMysql).TableFields
    /Users/quman/go/pkg/mod/github.com/gogf/gf/v2@v2.0.4/database/gdb/gdb_driver_mysql.go:140
9.  github.com/gogf/gf/v2/database/gdb.(*Core).TableFields
    /Users/quman/go/pkg/mod/github.com/gogf/gf/v2@v2.0.4/database/gdb/gdb_core_utility.go:103
10. github.com/gogf/gf/v2/database/gdb.(*Model).TableFields
    /Users/quman/go/pkg/mod/github.com/gogf/gf/v2@v2.0.4/database/gdb/gdb_model_utility.go:41
11. github.com/gogf/gf/v2/database/gdb.(*Model).mappingAndFilterToTableFields
    /Users/quman/go/pkg/mod/github.com/gogf/gf/v2@v2.0.4/database/gdb/gdb_model_utility.go:59
12. github.com/gogf/gf/v2/database/gdb.(*Model).Fields
    /Users/quman/go/pkg/mod/github.com/gogf/gf/v2@v2.0.4/database/gdb/gdb_model_fields.go:54
13. github.com/gogf/gf/v2/database/gdb.(*Model).doStruct
    /Users/quman/go/pkg/mod/github.com/gogf/gf/v2@v2.0.4/database/gdb/gdb_model_select.go:218
14. github.com/gogf/gf/v2/database/gdb.(*Model).Scan
    /Users/quman/go/pkg/mod/github.com/gogf/gf/v2@v2.0.4/database/gdb/gdb_model_select.go:309
15. threebody/internal/dao.(*userDao).FindOneByPhone
    /Users/quman/GolandProjects/threebody/internal/dao/user.go:36
16. threebody/internal/service.(*sUser).FindByPhoneAndPassword
    /Users/quman/GolandProjects/threebody/internal/service/user.go:35
17. threebody/internal/service.Authenticator
    /Users/quman/GolandProjects/threebody/internal/service/auth.go:67
18. github.com/gogf/gf-jwt/v2.(*GfJWTMiddleware).LoginHandler
    /Users/quman/go/pkg/mod/github.com/gogf/gf-jwt/v2@v2.0.1/auth_jwt.go:291
19. threebody/internal/controller.(*user).Login
    /Users/quman/GolandProjects/threebody/internal/controller/user.go:28
20. github.com/gogf/gf/v2/net/ghttp.(*middleware).callHandlerFunc.func1
    /Users/quman/go/pkg/mod/github.com/gogf/gf/v2@v2.0.4/net/ghttp/ghttp_request_middleware.go:153
21. github.com/gogf/gf/v2/net/ghttp.niceCallFunc
    /Users/quman/go/pkg/mod/github.com/gogf/gf/v2@v2.0.4/net/ghttp/ghttp_func.go:56
22. github.com/gogf/gf/v2/net/ghttp.(*middleware).callHandlerFunc
    /Users/quman/go/pkg/mod/github.com/gogf/gf/v2@v2.0.4/net/ghttp/ghttp_request_middleware.go:128
23. github.com/gogf/gf/v2/net/ghttp.(*middleware).Next.func1
    /Users/quman/go/pkg/mod/github.com/gogf/gf/v2@v2.0.4/net/ghttp/ghttp_request_middleware.go:74
24. github.com/gogf/gf/v2/util/gutil.TryCatch
    /Users/quman/go/pkg/mod/github.com/gogf/gf/v2@v2.0.4/util/gutil/gutil.go:55
25. github.com/gogf/gf/v2/net/ghttp.(*middleware).Next
    /Users/quman/go/pkg/mod/github.com/gogf/gf/v2@v2.0.4/net/ghttp/ghttp_request_middleware.go:48
26. threebody/internal/service.(*middlewareService).CORS
    /Users/quman/GolandProjects/threebody/internal/service/middleware.go:17
27. github.com/gogf/gf/v2/net/ghttp.(*middleware).Next.func1.1
    /Users/quman/go/pkg/mod/github.com/gogf/gf/v2@v2.0.4/net/ghttp/ghttp_request_middleware.go:54
28. github.com/gogf/gf/v2/net/ghttp.niceCallFunc
    /Users/quman/go/pkg/mod/github.com/gogf/gf/v2@v2.0.4/net/ghttp/ghttp_func.go:56
29. github.com/gogf/gf/v2/net/ghttp.(*middleware).Next.func1
    /Users/quman/go/pkg/mod/github.com/gogf/gf/v2@v2.0.4/net/ghttp/ghttp_request_middleware.go:53
30. github.com/gogf/gf/v2/util/gutil.TryCatch
    /Users/quman/go/pkg/mod/github.com/gogf/gf/v2@v2.0.4/util/gutil/gutil.go:55
31. github.com/gogf/gf/v2/net/ghttp.(*middleware).Next
    /Users/quman/go/pkg/mod/github.com/gogf/gf/v2@v2.0.4/net/ghttp/ghttp_request_middleware.go:48
32. github.com/gogf/gf/v2/net/ghttp.MiddlewareHandlerResponse
    /Users/quman/go/pkg/mod/github.com/gogf/gf/v2@v2.0.4/net/ghttp/ghttp_middleware_handler_response.go:25
33. github.com/gogf/gf/v2/net/ghttp.(*middleware).Next.func1.1
    /Users/quman/go/pkg/mod/github.com/gogf/gf/v2@v2.0.4/net/ghttp/ghttp_request_middleware.go:54
34. github.com/gogf/gf/v2/net/ghttp.niceCallFunc
    /Users/quman/go/pkg/mod/github.com/gogf/gf/v2@v2.0.4/net/ghttp/ghttp_func.go:56
35. github.com/gogf/gf/v2/net/ghttp.(*middleware).Next.func1
    /Users/quman/go/pkg/mod/github.com/gogf/gf/v2@v2.0.4/net/ghttp/ghttp_request_middleware.go:53
36. github.com/gogf/gf/v2/util/gutil.TryCatch
    /Users/quman/go/pkg/mod/github.com/gogf/gf/v2@v2.0.4/util/gutil/gutil.go:55
37. github.com/gogf/gf/v2/net/ghttp.(*middleware).Next
    /Users/quman/go/pkg/mod/github.com/gogf/gf/v2@v2.0.4/net/ghttp/ghttp_request_middleware.go:48
38. github.com/gogf/gf/v2/net/ghttp.internalMiddlewareServerTracing
    /Users/quman/go/pkg/mod/github.com/gogf/gf/v2@v2.0.4/net/ghttp/ghttp_middleware_tracing.go:78
39. github.com/gogf/gf/v2/net/ghttp.(*middleware).Next.func1.5
    /Users/quman/go/pkg/mod/github.com/gogf/gf/v2@v2.0.4/net/ghttp/ghttp_request_middleware.go:95
40. github.com/gogf/gf/v2/net/ghttp.niceCallFunc
    /Users/quman/go/pkg/mod/github.com/gogf/gf/v2@v2.0.4/net/ghttp/ghttp_func.go:56
41. github.com/gogf/gf/v2/net/ghttp.(*middleware).Next.func1
    /Users/quman/go/pkg/mod/github.com/gogf/gf/v2@v2.0.4/net/ghttp/ghttp_request_middleware.go:94
42. github.com/gogf/gf/v2/util/gutil.TryCatch
    /Users/quman/go/pkg/mod/github.com/gogf/gf/v2@v2.0.4/util/gutil/gutil.go:55
43. github.com/gogf/gf/v2/net/ghttp.(*middleware).Next
    /Users/quman/go/pkg/mod/github.com/gogf/gf/v2@v2.0.4/net/ghttp/ghttp_request_middleware.go:48
44. github.com/gogf/gf/v2/net/ghttp.(*Server).ServeHTTP
    /Users/quman/go/pkg/mod/github.com/gogf/gf/v2@v2.0.4/net/ghttp/ghttp_server_handler.go:121
 
2022-06-30 23:24:09.023 [ERRO] {d0ac9e01556ffd163d27563bb3befeb9} [  1 ms] [default] [rows:0  ] SHOW FULL COLUMNS FROM `user`
Error: dial tcp 127.0.0.1:3306: connect: connection refused 
Stack:
1.  github.com/gogf/gf/v2/database/gdb.(*Core).writeSqlToLogger
    /Users/quman/go/pkg/mod/github.com/gogf/gf/v2@v2.0.4/database/gdb/gdb_core.go:656
2.  github.com/gogf/gf/v2/database/gdb.(*Core).DoCommit
    /Users/quman/go/pkg/mod/github.com/gogf/gf/v2@v2.0.4/database/gdb/gdb_core_underlying.go:250
3.  github.com/gogf/gf/v2/database/gdb.(*Core).DoQuery
    /Users/quman/go/pkg/mod/github.com/gogf/gf/v2@v2.0.4/database/gdb/gdb_core_underlying.go:62
4.  github.com/gogf/gf/v2/database/gdb.(*Core).DoGetAll
    /Users/quman/go/pkg/mod/github.com/gogf/gf/v2@v2.0.4/database/gdb/gdb_core.go:153
5.  github.com/gogf/gf/v2/database/gdb.(*DriverMysql).TableFields.func1
    /Users/quman/go/pkg/mod/github.com/gogf/gf/v2@v2.0.4/database/gdb/gdb_driver_mysql.go:150
6.  github.com/gogf/gf/v2/container/gmap.(*AnyAnyMap).doSetWithLockCheck
    /Users/quman/go/pkg/mod/github.com/gogf/gf/v2@v2.0.4/container/gmap/gmap_hash_any_any_map.go:220
7.  github.com/gogf/gf/v2/container/gmap.(*AnyAnyMap).GetOrSetFuncLock
    /Users/quman/go/pkg/mod/github.com/gogf/gf/v2@v2.0.4/container/gmap/gmap_hash_any_any_map.go:257
8.  github.com/gogf/gf/v2/database/gdb.(*DriverMysql).TableFields
    /Users/quman/go/pkg/mod/github.com/gogf/gf/v2@v2.0.4/database/gdb/gdb_driver_mysql.go:140
9.  github.com/gogf/gf/v2/database/gdb.(*Core).TableFields
    /Users/quman/go/pkg/mod/github.com/gogf/gf/v2@v2.0.4/database/gdb/gdb_core_utility.go:103
10. github.com/gogf/gf/v2/database/gdb.(*Model).TableFields
    /Users/quman/go/pkg/mod/github.com/gogf/gf/v2@v2.0.4/database/gdb/gdb_model_utility.go:41
11. github.com/gogf/gf/v2/database/gdb.(*Model).getSoftFieldName
    /Users/quman/go/pkg/mod/github.com/gogf/gf/v2@v2.0.4/database/gdb/gdb_model_time.go:98
12. github.com/gogf/gf/v2/database/gdb.(*Model).getSoftFieldNameDeleted
    /Users/quman/go/pkg/mod/github.com/gogf/gf/v2@v2.0.4/database/gdb/gdb_model_time.go:92
13. github.com/gogf/gf/v2/database/gdb.(*Model).getConditionForSoftDeleting
    /Users/quman/go/pkg/mod/github.com/gogf/gf/v2@v2.0.4/database/gdb/gdb_model_time.go:144
14. github.com/gogf/gf/v2/database/gdb.(*Model).formatCondition
    /Users/quman/go/pkg/mod/github.com/gogf/gf/v2@v2.0.4/database/gdb/gdb_model_select.go:682
15. github.com/gogf/gf/v2/database/gdb.(*Model).getFormattedSqlAndArgs
    /Users/quman/go/pkg/mod/github.com/gogf/gf/v2@v2.0.4/database/gdb/gdb_model_select.go:579
16. github.com/gogf/gf/v2/database/gdb.(*Model).doGetAll
    /Users/quman/go/pkg/mod/github.com/gogf/gf/v2@v2.0.4/database/gdb/gdb_model_select.go:46
17. github.com/gogf/gf/v2/database/gdb.(*Model).One
    /Users/quman/go/pkg/mod/github.com/gogf/gf/v2@v2.0.4/database/gdb/gdb_model_select.go:136
18. github.com/gogf/gf/v2/database/gdb.(*Model).doStruct
    /Users/quman/go/pkg/mod/github.com/gogf/gf/v2@v2.0.4/database/gdb/gdb_model_select.go:221
19. github.com/gogf/gf/v2/database/gdb.(*Model).Scan
    /Users/quman/go/pkg/mod/github.com/gogf/gf/v2@v2.0.4/database/gdb/gdb_model_select.go:309
20. threebody/internal/dao.(*userDao).FindOneByPhone
    /Users/quman/GolandProjects/threebody/internal/dao/user.go:36
21. threebody/internal/service.(*sUser).FindByPhoneAndPassword
    /Users/quman/GolandProjects/threebody/internal/service/user.go:35
22. threebody/internal/service.Authenticator
    /Users/quman/GolandProjects/threebody/internal/service/auth.go:67
23. github.com/gogf/gf-jwt/v2.(*GfJWTMiddleware).LoginHandler
    /Users/quman/go/pkg/mod/github.com/gogf/gf-jwt/v2@v2.0.1/auth_jwt.go:291
24. threebody/internal/controller.(*user).Login
    /Users/quman/GolandProjects/threebody/internal/controller/user.go:28
25. github.com/gogf/gf/v2/net/ghttp.(*middleware).callHandlerFunc.func1
    /Users/quman/go/pkg/mod/github.com/gogf/gf/v2@v2.0.4/net/ghttp/ghttp_request_middleware.go:153
26. github.com/gogf/gf/v2/net/ghttp.niceCallFunc
    /Users/quman/go/pkg/mod/github.com/gogf/gf/v2@v2.0.4/net/ghttp/ghttp_func.go:56
27. github.com/gogf/gf/v2/net/ghttp.(*middleware).callHandlerFunc
    /Users/quman/go/pkg/mod/github.com/gogf/gf/v2@v2.0.4/net/ghttp/ghttp_request_middleware.go:128
28. github.com/gogf/gf/v2/net/ghttp.(*middleware).Next.func1
    /Users/quman/go/pkg/mod/github.com/gogf/gf/v2@v2.0.4/net/ghttp/ghttp_request_middleware.go:74
29. github.com/gogf/gf/v2/util/gutil.TryCatch
    /Users/quman/go/pkg/mod/github.com/gogf/gf/v2@v2.0.4/util/gutil/gutil.go:55
30. github.com/gogf/gf/v2/net/ghttp.(*middleware).Next
    /Users/quman/go/pkg/mod/github.com/gogf/gf/v2@v2.0.4/net/ghttp/ghttp_request_middleware.go:48
31. threebody/internal/service.(*middlewareService).CORS
    /Users/quman/GolandProjects/threebody/internal/service/middleware.go:17
32. github.com/gogf/gf/v2/net/ghttp.(*middleware).Next.func1.1
    /Users/quman/go/pkg/mod/github.com/gogf/gf/v2@v2.0.4/net/ghttp/ghttp_request_middleware.go:54
33. github.com/gogf/gf/v2/net/ghttp.niceCallFunc
    /Users/quman/go/pkg/mod/github.com/gogf/gf/v2@v2.0.4/net/ghttp/ghttp_func.go:56
34. github.com/gogf/gf/v2/net/ghttp.(*middleware).Next.func1
    /Users/quman/go/pkg/mod/github.com/gogf/gf/v2@v2.0.4/net/ghttp/ghttp_request_middleware.go:53
35. github.com/gogf/gf/v2/util/gutil.TryCatch
    /Users/quman/go/pkg/mod/github.com/gogf/gf/v2@v2.0.4/util/gutil/gutil.go:55
36. github.com/gogf/gf/v2/net/ghttp.(*middleware).Next
    /Users/quman/go/pkg/mod/github.com/gogf/gf/v2@v2.0.4/net/ghttp/ghttp_request_middleware.go:48
37. github.com/gogf/gf/v2/net/ghttp.MiddlewareHandlerResponse
    /Users/quman/go/pkg/mod/github.com/gogf/gf/v2@v2.0.4/net/ghttp/ghttp_middleware_handler_response.go:25
38. github.com/gogf/gf/v2/net/ghttp.(*middleware).Next.func1.1
    /Users/quman/go/pkg/mod/github.com/gogf/gf/v2@v2.0.4/net/ghttp/ghttp_request_middleware.go:54
39. github.com/gogf/gf/v2/net/ghttp.niceCallFunc
    /Users/quman/go/pkg/mod/github.com/gogf/gf/v2@v2.0.4/net/ghttp/ghttp_func.go:56
40. github.com/gogf/gf/v2/net/ghttp.(*middleware).Next.func1
    /Users/quman/go/pkg/mod/github.com/gogf/gf/v2@v2.0.4/net/ghttp/ghttp_request_middleware.go:53
41. github.com/gogf/gf/v2/util/gutil.TryCatch
    /Users/quman/go/pkg/mod/github.com/gogf/gf/v2@v2.0.4/util/gutil/gutil.go:55
42. github.com/gogf/gf/v2/net/ghttp.(*middleware).Next
    /Users/quman/go/pkg/mod/github.com/gogf/gf/v2@v2.0.4/net/ghttp/ghttp_request_middleware.go:48
43. github.com/gogf/gf/v2/net/ghttp.internalMiddlewareServerTracing
    /Users/quman/go/pkg/mod/github.com/gogf/gf/v2@v2.0.4/net/ghttp/ghttp_middleware_tracing.go:78
44. github.com/gogf/gf/v2/net/ghttp.(*middleware).Next.func1.5
    /Users/quman/go/pkg/mod/github.com/gogf/gf/v2@v2.0.4/net/ghttp/ghttp_request_middleware.go:95
45. github.com/gogf/gf/v2/net/ghttp.niceCallFunc
    /Users/quman/go/pkg/mod/github.com/gogf/gf/v2@v2.0.4/net/ghttp/ghttp_func.go:56
46. github.com/gogf/gf/v2/net/ghttp.(*middleware).Next.func1
    /Users/quman/go/pkg/mod/github.com/gogf/gf/v2@v2.0.4/net/ghttp/ghttp_request_middleware.go:94
47. github.com/gogf/gf/v2/util/gutil.TryCatch
    /Users/quman/go/pkg/mod/github.com/gogf/gf/v2@v2.0.4/util/gutil/gutil.go:55
48. github.com/gogf/gf/v2/net/ghttp.(*middleware).Next
    /Users/quman/go/pkg/mod/github.com/gogf/gf/v2@v2.0.4/net/ghttp/ghttp_request_middleware.go:48
49. github.com/gogf/gf/v2/net/ghttp.(*Server).ServeHTTP
    /Users/quman/go/pkg/mod/github.com/gogf/gf/v2@v2.0.4/net/ghttp/ghttp_server_handler.go:121
 
2022-06-30 23:24:09.128 [ERRO] {d0ac9e01556ffd163d27563bb3befeb9} [  0 ms] [default] [rows:0  ] SELECT `Id`,`Avatar`,`Nickname`,`Phone`,`Password`,`Status`,`CreatedAt` FROM `user` WHERE `phone`='15105191182' LIMIT 1
Error: dial tcp 127.0.0.1:3306: connect: connection refused 
Stack:
1.  github.com/gogf/gf/v2/database/gdb.(*Core).writeSqlToLogger
    /Users/quman/go/pkg/mod/github.com/gogf/gf/v2@v2.0.4/database/gdb/gdb_core.go:656
2.  github.com/gogf/gf/v2/database/gdb.(*Core).DoCommit
    /Users/quman/go/pkg/mod/github.com/gogf/gf/v2@v2.0.4/database/gdb/gdb_core_underlying.go:250
3.  github.com/gogf/gf/v2/database/gdb.(*Core).DoQuery
    /Users/quman/go/pkg/mod/github.com/gogf/gf/v2@v2.0.4/database/gdb/gdb_core_underlying.go:62
4.  github.com/gogf/gf/v2/database/gdb.(*Core).DoGetAll
    /Users/quman/go/pkg/mod/github.com/gogf/gf/v2@v2.0.4/database/gdb/gdb_core.go:153
5.  github.com/gogf/gf/v2/database/gdb.(*Model).doGetAllBySql
    /Users/quman/go/pkg/mod/github.com/gogf/gf/v2@v2.0.4/database/gdb/gdb_model_select.go:535
6.  github.com/gogf/gf/v2/database/gdb.(*Model).doGetAll
    /Users/quman/go/pkg/mod/github.com/gogf/gf/v2@v2.0.4/database/gdb/gdb_model_select.go:47
7.  github.com/gogf/gf/v2/database/gdb.(*Model).One
    /Users/quman/go/pkg/mod/github.com/gogf/gf/v2@v2.0.4/database/gdb/gdb_model_select.go:136
8.  github.com/gogf/gf/v2/database/gdb.(*Model).doStruct
    /Users/quman/go/pkg/mod/github.com/gogf/gf/v2@v2.0.4/database/gdb/gdb_model_select.go:221
9.  github.com/gogf/gf/v2/database/gdb.(*Model).Scan
    /Users/quman/go/pkg/mod/github.com/gogf/gf/v2@v2.0.4/database/gdb/gdb_model_select.go:309
10. threebody/internal/dao.(*userDao).FindOneByPhone
    /Users/quman/GolandProjects/threebody/internal/dao/user.go:36
11. threebody/internal/service.(*sUser).FindByPhoneAndPassword
    /Users/quman/GolandProjects/threebody/internal/service/user.go:35
12. threebody/internal/service.Authenticator
    /Users/quman/GolandProjects/threebody/internal/service/auth.go:67
13. github.com/gogf/gf-jwt/v2.(*GfJWTMiddleware).LoginHandler
    /Users/quman/go/pkg/mod/github.com/gogf/gf-jwt/v2@v2.0.1/auth_jwt.go:291
14. threebody/internal/controller.(*user).Login
    /Users/quman/GolandProjects/threebody/internal/controller/user.go:28
15. github.com/gogf/gf/v2/net/ghttp.(*middleware).callHandlerFunc.func1
    /Users/quman/go/pkg/mod/github.com/gogf/gf/v2@v2.0.4/net/ghttp/ghttp_request_middleware.go:153
16. github.com/gogf/gf/v2/net/ghttp.niceCallFunc
    /Users/quman/go/pkg/mod/github.com/gogf/gf/v2@v2.0.4/net/ghttp/ghttp_func.go:56
17. github.com/gogf/gf/v2/net/ghttp.(*middleware).callHandlerFunc
    /Users/quman/go/pkg/mod/github.com/gogf/gf/v2@v2.0.4/net/ghttp/ghttp_request_middleware.go:128
18. github.com/gogf/gf/v2/net/ghttp.(*middleware).Next.func1
    /Users/quman/go/pkg/mod/github.com/gogf/gf/v2@v2.0.4/net/ghttp/ghttp_request_middleware.go:74
19. github.com/gogf/gf/v2/util/gutil.TryCatch
    /Users/quman/go/pkg/mod/github.com/gogf/gf/v2@v2.0.4/util/gutil/gutil.go:55
20. github.com/gogf/gf/v2/net/ghttp.(*middleware).Next
    /Users/quman/go/pkg/mod/github.com/gogf/gf/v2@v2.0.4/net/ghttp/ghttp_request_middleware.go:48
21. threebody/internal/service.(*middlewareService).CORS
    /Users/quman/GolandProjects/threebody/internal/service/middleware.go:17
22. github.com/gogf/gf/v2/net/ghttp.(*middleware).Next.func1.1
    /Users/quman/go/pkg/mod/github.com/gogf/gf/v2@v2.0.4/net/ghttp/ghttp_request_middleware.go:54
23. github.com/gogf/gf/v2/net/ghttp.niceCallFunc
    /Users/quman/go/pkg/mod/github.com/gogf/gf/v2@v2.0.4/net/ghttp/ghttp_func.go:56
24. github.com/gogf/gf/v2/net/ghttp.(*middleware).Next.func1
    /Users/quman/go/pkg/mod/github.com/gogf/gf/v2@v2.0.4/net/ghttp/ghttp_request_middleware.go:53
25. github.com/gogf/gf/v2/util/gutil.TryCatch
    /Users/quman/go/pkg/mod/github.com/gogf/gf/v2@v2.0.4/util/gutil/gutil.go:55
26. github.com/gogf/gf/v2/net/ghttp.(*middleware).Next
    /Users/quman/go/pkg/mod/github.com/gogf/gf/v2@v2.0.4/net/ghttp/ghttp_request_middleware.go:48
27. github.com/gogf/gf/v2/net/ghttp.MiddlewareHandlerResponse
    /Users/quman/go/pkg/mod/github.com/gogf/gf/v2@v2.0.4/net/ghttp/ghttp_middleware_handler_response.go:25
28. github.com/gogf/gf/v2/net/ghttp.(*middleware).Next.func1.1
    /Users/quman/go/pkg/mod/github.com/gogf/gf/v2@v2.0.4/net/ghttp/ghttp_request_middleware.go:54
29. github.com/gogf/gf/v2/net/ghttp.niceCallFunc
    /Users/quman/go/pkg/mod/github.com/gogf/gf/v2@v2.0.4/net/ghttp/ghttp_func.go:56
30. github.com/gogf/gf/v2/net/ghttp.(*middleware).Next.func1
    /Users/quman/go/pkg/mod/github.com/gogf/gf/v2@v2.0.4/net/ghttp/ghttp_request_middleware.go:53
31. github.com/gogf/gf/v2/util/gutil.TryCatch
    /Users/quman/go/pkg/mod/github.com/gogf/gf/v2@v2.0.4/util/gutil/gutil.go:55
32. github.com/gogf/gf/v2/net/ghttp.(*middleware).Next
    /Users/quman/go/pkg/mod/github.com/gogf/gf/v2@v2.0.4/net/ghttp/ghttp_request_middleware.go:48
33. github.com/gogf/gf/v2/net/ghttp.internalMiddlewareServerTracing
    /Users/quman/go/pkg/mod/github.com/gogf/gf/v2@v2.0.4/net/ghttp/ghttp_middleware_tracing.go:78
34. github.com/gogf/gf/v2/net/ghttp.(*middleware).Next.func1.5
    /Users/quman/go/pkg/mod/github.com/gogf/gf/v2@v2.0.4/net/ghttp/ghttp_request_middleware.go:95
35. github.com/gogf/gf/v2/net/ghttp.niceCallFunc
    /Users/quman/go/pkg/mod/github.com/gogf/gf/v2@v2.0.4/net/ghttp/ghttp_func.go:56
36. github.com/gogf/gf/v2/net/ghttp.(*middleware).Next.func1
    /Users/quman/go/pkg/mod/github.com/gogf/gf/v2@v2.0.4/net/ghttp/ghttp_request_middleware.go:94
37. github.com/gogf/gf/v2/util/gutil.TryCatch
    /Users/quman/go/pkg/mod/github.com/gogf/gf/v2@v2.0.4/util/gutil/gutil.go:55
38. github.com/gogf/gf/v2/net/ghttp.(*middleware).Next
    /Users/quman/go/pkg/mod/github.com/gogf/gf/v2@v2.0.4/net/ghttp/ghttp_request_middleware.go:48
39. github.com/gogf/gf/v2/net/ghttp.(*Server).ServeHTTP
    /Users/quman/go/pkg/mod/github.com/gogf/gf/v2@v2.0.4/net/ghttp/ghttp_server_handler.go:121
 
2022-06-30 23:24:18.531 [ERRO] {20eeaa43576ffd163e27563b8328aa57} [  0 ms] [default] [rows:0  ] SHOW FULL COLUMNS FROM `user`
Error: dial tcp 127.0.0.1:3306: connect: connection refused 
Stack:
1.  github.com/gogf/gf/v2/database/gdb.(*Core).writeSqlToLogger
    /Users/quman/go/pkg/mod/github.com/gogf/gf/v2@v2.0.4/database/gdb/gdb_core.go:656
2.  github.com/gogf/gf/v2/database/gdb.(*Core).DoCommit
    /Users/quman/go/pkg/mod/github.com/gogf/gf/v2@v2.0.4/database/gdb/gdb_core_underlying.go:250
3.  github.com/gogf/gf/v2/database/gdb.(*Core).DoQuery
    /Users/quman/go/pkg/mod/github.com/gogf/gf/v2@v2.0.4/database/gdb/gdb_core_underlying.go:62
4.  github.com/gogf/gf/v2/database/gdb.(*Core).DoGetAll
    /Users/quman/go/pkg/mod/github.com/gogf/gf/v2@v2.0.4/database/gdb/gdb_core.go:153
5.  github.com/gogf/gf/v2/database/gdb.(*DriverMysql).TableFields.func1
    /Users/quman/go/pkg/mod/github.com/gogf/gf/v2@v2.0.4/database/gdb/gdb_driver_mysql.go:150
6.  github.com/gogf/gf/v2/container/gmap.(*AnyAnyMap).doSetWithLockCheck
    /Users/quman/go/pkg/mod/github.com/gogf/gf/v2@v2.0.4/container/gmap/gmap_hash_any_any_map.go:220
7.  github.com/gogf/gf/v2/container/gmap.(*AnyAnyMap).GetOrSetFuncLock
    /Users/quman/go/pkg/mod/github.com/gogf/gf/v2@v2.0.4/container/gmap/gmap_hash_any_any_map.go:257
8.  github.com/gogf/gf/v2/database/gdb.(*DriverMysql).TableFields
    /Users/quman/go/pkg/mod/github.com/gogf/gf/v2@v2.0.4/database/gdb/gdb_driver_mysql.go:140
9.  github.com/gogf/gf/v2/database/gdb.(*Core).TableFields
    /Users/quman/go/pkg/mod/github.com/gogf/gf/v2@v2.0.4/database/gdb/gdb_core_utility.go:103
10. github.com/gogf/gf/v2/database/gdb.(*Model).TableFields
    /Users/quman/go/pkg/mod/github.com/gogf/gf/v2@v2.0.4/database/gdb/gdb_model_utility.go:41
11. github.com/gogf/gf/v2/database/gdb.(*Model).mappingAndFilterToTableFields
    /Users/quman/go/pkg/mod/github.com/gogf/gf/v2@v2.0.4/database/gdb/gdb_model_utility.go:59
12. github.com/gogf/gf/v2/database/gdb.(*Model).Fields
    /Users/quman/go/pkg/mod/github.com/gogf/gf/v2@v2.0.4/database/gdb/gdb_model_fields.go:54
13. github.com/gogf/gf/v2/database/gdb.(*Model).doStruct
    /Users/quman/go/pkg/mod/github.com/gogf/gf/v2@v2.0.4/database/gdb/gdb_model_select.go:218
14. github.com/gogf/gf/v2/database/gdb.(*Model).Scan
    /Users/quman/go/pkg/mod/github.com/gogf/gf/v2@v2.0.4/database/gdb/gdb_model_select.go:309
15. threebody/internal/dao.(*userDao).FindOneByPhone
    /Users/quman/GolandProjects/threebody/internal/dao/user.go:36
16. threebody/internal/service.(*sUser).FindByPhoneAndPassword
    /Users/quman/GolandProjects/threebody/internal/service/user.go:35
17. threebody/internal/service.Authenticator
    /Users/quman/GolandProjects/threebody/internal/service/auth.go:67
18. github.com/gogf/gf-jwt/v2.(*GfJWTMiddleware).LoginHandler
    /Users/quman/go/pkg/mod/github.com/gogf/gf-jwt/v2@v2.0.1/auth_jwt.go:291
19. threebody/internal/controller.(*user).Login
    /Users/quman/GolandProjects/threebody/internal/controller/user.go:28
20. github.com/gogf/gf/v2/net/ghttp.(*middleware).callHandlerFunc.func1
    /Users/quman/go/pkg/mod/github.com/gogf/gf/v2@v2.0.4/net/ghttp/ghttp_request_middleware.go:153
21. github.com/gogf/gf/v2/net/ghttp.niceCallFunc
    /Users/quman/go/pkg/mod/github.com/gogf/gf/v2@v2.0.4/net/ghttp/ghttp_func.go:56
22. github.com/gogf/gf/v2/net/ghttp.(*middleware).callHandlerFunc
    /Users/quman/go/pkg/mod/github.com/gogf/gf/v2@v2.0.4/net/ghttp/ghttp_request_middleware.go:128
23. github.com/gogf/gf/v2/net/ghttp.(*middleware).Next.func1
    /Users/quman/go/pkg/mod/github.com/gogf/gf/v2@v2.0.4/net/ghttp/ghttp_request_middleware.go:74
24. github.com/gogf/gf/v2/util/gutil.TryCatch
    /Users/quman/go/pkg/mod/github.com/gogf/gf/v2@v2.0.4/util/gutil/gutil.go:55
25. github.com/gogf/gf/v2/net/ghttp.(*middleware).Next
    /Users/quman/go/pkg/mod/github.com/gogf/gf/v2@v2.0.4/net/ghttp/ghttp_request_middleware.go:48
26. threebody/internal/service.(*middlewareService).CORS
    /Users/quman/GolandProjects/threebody/internal/service/middleware.go:17
27. github.com/gogf/gf/v2/net/ghttp.(*middleware).Next.func1.1
    /Users/quman/go/pkg/mod/github.com/gogf/gf/v2@v2.0.4/net/ghttp/ghttp_request_middleware.go:54
28. github.com/gogf/gf/v2/net/ghttp.niceCallFunc
    /Users/quman/go/pkg/mod/github.com/gogf/gf/v2@v2.0.4/net/ghttp/ghttp_func.go:56
29. github.com/gogf/gf/v2/net/ghttp.(*middleware).Next.func1
    /Users/quman/go/pkg/mod/github.com/gogf/gf/v2@v2.0.4/net/ghttp/ghttp_request_middleware.go:53
30. github.com/gogf/gf/v2/util/gutil.TryCatch
    /Users/quman/go/pkg/mod/github.com/gogf/gf/v2@v2.0.4/util/gutil/gutil.go:55
31. github.com/gogf/gf/v2/net/ghttp.(*middleware).Next
    /Users/quman/go/pkg/mod/github.com/gogf/gf/v2@v2.0.4/net/ghttp/ghttp_request_middleware.go:48
32. github.com/gogf/gf/v2/net/ghttp.MiddlewareHandlerResponse
    /Users/quman/go/pkg/mod/github.com/gogf/gf/v2@v2.0.4/net/ghttp/ghttp_middleware_handler_response.go:25
33. github.com/gogf/gf/v2/net/ghttp.(*middleware).Next.func1.1
    /Users/quman/go/pkg/mod/github.com/gogf/gf/v2@v2.0.4/net/ghttp/ghttp_request_middleware.go:54
34. github.com/gogf/gf/v2/net/ghttp.niceCallFunc
    /Users/quman/go/pkg/mod/github.com/gogf/gf/v2@v2.0.4/net/ghttp/ghttp_func.go:56
35. github.com/gogf/gf/v2/net/ghttp.(*middleware).Next.func1
    /Users/quman/go/pkg/mod/github.com/gogf/gf/v2@v2.0.4/net/ghttp/ghttp_request_middleware.go:53
36. github.com/gogf/gf/v2/util/gutil.TryCatch
    /Users/quman/go/pkg/mod/github.com/gogf/gf/v2@v2.0.4/util/gutil/gutil.go:55
37. github.com/gogf/gf/v2/net/ghttp.(*middleware).Next
    /Users/quman/go/pkg/mod/github.com/gogf/gf/v2@v2.0.4/net/ghttp/ghttp_request_middleware.go:48
38. github.com/gogf/gf/v2/net/ghttp.internalMiddlewareServerTracing
    /Users/quman/go/pkg/mod/github.com/gogf/gf/v2@v2.0.4/net/ghttp/ghttp_middleware_tracing.go:78
39. github.com/gogf/gf/v2/net/ghttp.(*middleware).Next.func1.5
    /Users/quman/go/pkg/mod/github.com/gogf/gf/v2@v2.0.4/net/ghttp/ghttp_request_middleware.go:95
40. github.com/gogf/gf/v2/net/ghttp.niceCallFunc
    /Users/quman/go/pkg/mod/github.com/gogf/gf/v2@v2.0.4/net/ghttp/ghttp_func.go:56
41. github.com/gogf/gf/v2/net/ghttp.(*middleware).Next.func1
    /Users/quman/go/pkg/mod/github.com/gogf/gf/v2@v2.0.4/net/ghttp/ghttp_request_middleware.go:94
42. github.com/gogf/gf/v2/util/gutil.TryCatch
    /Users/quman/go/pkg/mod/github.com/gogf/gf/v2@v2.0.4/util/gutil/gutil.go:55
43. github.com/gogf/gf/v2/net/ghttp.(*middleware).Next
    /Users/quman/go/pkg/mod/github.com/gogf/gf/v2@v2.0.4/net/ghttp/ghttp_request_middleware.go:48
44. github.com/gogf/gf/v2/net/ghttp.(*Server).ServeHTTP
    /Users/quman/go/pkg/mod/github.com/gogf/gf/v2@v2.0.4/net/ghttp/ghttp_server_handler.go:121
 
2022-06-30 23:24:18.600 [ERRO] {20eeaa43576ffd163e27563b8328aa57} [  0 ms] [default] [rows:0  ] SHOW FULL COLUMNS FROM `user`
Error: dial tcp 127.0.0.1:3306: connect: connection refused 
Stack:
1.  github.com/gogf/gf/v2/database/gdb.(*Core).writeSqlToLogger
    /Users/quman/go/pkg/mod/github.com/gogf/gf/v2@v2.0.4/database/gdb/gdb_core.go:656
2.  github.com/gogf/gf/v2/database/gdb.(*Core).DoCommit
    /Users/quman/go/pkg/mod/github.com/gogf/gf/v2@v2.0.4/database/gdb/gdb_core_underlying.go:250
3.  github.com/gogf/gf/v2/database/gdb.(*Core).DoQuery
    /Users/quman/go/pkg/mod/github.com/gogf/gf/v2@v2.0.4/database/gdb/gdb_core_underlying.go:62
4.  github.com/gogf/gf/v2/database/gdb.(*Core).DoGetAll
    /Users/quman/go/pkg/mod/github.com/gogf/gf/v2@v2.0.4/database/gdb/gdb_core.go:153
5.  github.com/gogf/gf/v2/database/gdb.(*DriverMysql).TableFields.func1
    /Users/quman/go/pkg/mod/github.com/gogf/gf/v2@v2.0.4/database/gdb/gdb_driver_mysql.go:150
6.  github.com/gogf/gf/v2/container/gmap.(*AnyAnyMap).doSetWithLockCheck
    /Users/quman/go/pkg/mod/github.com/gogf/gf/v2@v2.0.4/container/gmap/gmap_hash_any_any_map.go:220
7.  github.com/gogf/gf/v2/container/gmap.(*AnyAnyMap).GetOrSetFuncLock
    /Users/quman/go/pkg/mod/github.com/gogf/gf/v2@v2.0.4/container/gmap/gmap_hash_any_any_map.go:257
8.  github.com/gogf/gf/v2/database/gdb.(*DriverMysql).TableFields
    /Users/quman/go/pkg/mod/github.com/gogf/gf/v2@v2.0.4/database/gdb/gdb_driver_mysql.go:140
9.  github.com/gogf/gf/v2/database/gdb.(*Core).TableFields
    /Users/quman/go/pkg/mod/github.com/gogf/gf/v2@v2.0.4/database/gdb/gdb_core_utility.go:103
10. github.com/gogf/gf/v2/database/gdb.(*Model).TableFields
    /Users/quman/go/pkg/mod/github.com/gogf/gf/v2@v2.0.4/database/gdb/gdb_model_utility.go:41
11. github.com/gogf/gf/v2/database/gdb.(*Model).getSoftFieldName
    /Users/quman/go/pkg/mod/github.com/gogf/gf/v2@v2.0.4/database/gdb/gdb_model_time.go:98
12. github.com/gogf/gf/v2/database/gdb.(*Model).getSoftFieldNameDeleted
    /Users/quman/go/pkg/mod/github.com/gogf/gf/v2@v2.0.4/database/gdb/gdb_model_time.go:92
13. github.com/gogf/gf/v2/database/gdb.(*Model).getConditionForSoftDeleting
    /Users/quman/go/pkg/mod/github.com/gogf/gf/v2@v2.0.4/database/gdb/gdb_model_time.go:144
14. github.com/gogf/gf/v2/database/gdb.(*Model).formatCondition
    /Users/quman/go/pkg/mod/github.com/gogf/gf/v2@v2.0.4/database/gdb/gdb_model_select.go:682
15. github.com/gogf/gf/v2/database/gdb.(*Model).getFormattedSqlAndArgs
    /Users/quman/go/pkg/mod/github.com/gogf/gf/v2@v2.0.4/database/gdb/gdb_model_select.go:579
16. github.com/gogf/gf/v2/database/gdb.(*Model).doGetAll
    /Users/quman/go/pkg/mod/github.com/gogf/gf/v2@v2.0.4/database/gdb/gdb_model_select.go:46
17. github.com/gogf/gf/v2/database/gdb.(*Model).One
    /Users/quman/go/pkg/mod/github.com/gogf/gf/v2@v2.0.4/database/gdb/gdb_model_select.go:136
18. github.com/gogf/gf/v2/database/gdb.(*Model).doStruct
    /Users/quman/go/pkg/mod/github.com/gogf/gf/v2@v2.0.4/database/gdb/gdb_model_select.go:221
19. github.com/gogf/gf/v2/database/gdb.(*Model).Scan
    /Users/quman/go/pkg/mod/github.com/gogf/gf/v2@v2.0.4/database/gdb/gdb_model_select.go:309
20. threebody/internal/dao.(*userDao).FindOneByPhone
    /Users/quman/GolandProjects/threebody/internal/dao/user.go:36
21. threebody/internal/service.(*sUser).FindByPhoneAndPassword
    /Users/quman/GolandProjects/threebody/internal/service/user.go:35
22. threebody/internal/service.Authenticator
    /Users/quman/GolandProjects/threebody/internal/service/auth.go:67
23. github.com/gogf/gf-jwt/v2.(*GfJWTMiddleware).LoginHandler
    /Users/quman/go/pkg/mod/github.com/gogf/gf-jwt/v2@v2.0.1/auth_jwt.go:291
24. threebody/internal/controller.(*user).Login
    /Users/quman/GolandProjects/threebody/internal/controller/user.go:28
25. github.com/gogf/gf/v2/net/ghttp.(*middleware).callHandlerFunc.func1
    /Users/quman/go/pkg/mod/github.com/gogf/gf/v2@v2.0.4/net/ghttp/ghttp_request_middleware.go:153
26. github.com/gogf/gf/v2/net/ghttp.niceCallFunc
    /Users/quman/go/pkg/mod/github.com/gogf/gf/v2@v2.0.4/net/ghttp/ghttp_func.go:56
27. github.com/gogf/gf/v2/net/ghttp.(*middleware).callHandlerFunc
    /Users/quman/go/pkg/mod/github.com/gogf/gf/v2@v2.0.4/net/ghttp/ghttp_request_middleware.go:128
28. github.com/gogf/gf/v2/net/ghttp.(*middleware).Next.func1
    /Users/quman/go/pkg/mod/github.com/gogf/gf/v2@v2.0.4/net/ghttp/ghttp_request_middleware.go:74
29. github.com/gogf/gf/v2/util/gutil.TryCatch
    /Users/quman/go/pkg/mod/github.com/gogf/gf/v2@v2.0.4/util/gutil/gutil.go:55
30. github.com/gogf/gf/v2/net/ghttp.(*middleware).Next
    /Users/quman/go/pkg/mod/github.com/gogf/gf/v2@v2.0.4/net/ghttp/ghttp_request_middleware.go:48
31. threebody/internal/service.(*middlewareService).CORS
    /Users/quman/GolandProjects/threebody/internal/service/middleware.go:17
32. github.com/gogf/gf/v2/net/ghttp.(*middleware).Next.func1.1
    /Users/quman/go/pkg/mod/github.com/gogf/gf/v2@v2.0.4/net/ghttp/ghttp_request_middleware.go:54
33. github.com/gogf/gf/v2/net/ghttp.niceCallFunc
    /Users/quman/go/pkg/mod/github.com/gogf/gf/v2@v2.0.4/net/ghttp/ghttp_func.go:56
34. github.com/gogf/gf/v2/net/ghttp.(*middleware).Next.func1
    /Users/quman/go/pkg/mod/github.com/gogf/gf/v2@v2.0.4/net/ghttp/ghttp_request_middleware.go:53
35. github.com/gogf/gf/v2/util/gutil.TryCatch
    /Users/quman/go/pkg/mod/github.com/gogf/gf/v2@v2.0.4/util/gutil/gutil.go:55
36. github.com/gogf/gf/v2/net/ghttp.(*middleware).Next
    /Users/quman/go/pkg/mod/github.com/gogf/gf/v2@v2.0.4/net/ghttp/ghttp_request_middleware.go:48
37. github.com/gogf/gf/v2/net/ghttp.MiddlewareHandlerResponse
    /Users/quman/go/pkg/mod/github.com/gogf/gf/v2@v2.0.4/net/ghttp/ghttp_middleware_handler_response.go:25
38. github.com/gogf/gf/v2/net/ghttp.(*middleware).Next.func1.1
    /Users/quman/go/pkg/mod/github.com/gogf/gf/v2@v2.0.4/net/ghttp/ghttp_request_middleware.go:54
39. github.com/gogf/gf/v2/net/ghttp.niceCallFunc
    /Users/quman/go/pkg/mod/github.com/gogf/gf/v2@v2.0.4/net/ghttp/ghttp_func.go:56
40. github.com/gogf/gf/v2/net/ghttp.(*middleware).Next.func1
    /Users/quman/go/pkg/mod/github.com/gogf/gf/v2@v2.0.4/net/ghttp/ghttp_request_middleware.go:53
41. github.com/gogf/gf/v2/util/gutil.TryCatch
    /Users/quman/go/pkg/mod/github.com/gogf/gf/v2@v2.0.4/util/gutil/gutil.go:55
42. github.com/gogf/gf/v2/net/ghttp.(*middleware).Next
    /Users/quman/go/pkg/mod/github.com/gogf/gf/v2@v2.0.4/net/ghttp/ghttp_request_middleware.go:48
43. github.com/gogf/gf/v2/net/ghttp.internalMiddlewareServerTracing
    /Users/quman/go/pkg/mod/github.com/gogf/gf/v2@v2.0.4/net/ghttp/ghttp_middleware_tracing.go:78
44. github.com/gogf/gf/v2/net/ghttp.(*middleware).Next.func1.5
    /Users/quman/go/pkg/mod/github.com/gogf/gf/v2@v2.0.4/net/ghttp/ghttp_request_middleware.go:95
45. github.com/gogf/gf/v2/net/ghttp.niceCallFunc
    /Users/quman/go/pkg/mod/github.com/gogf/gf/v2@v2.0.4/net/ghttp/ghttp_func.go:56
46. github.com/gogf/gf/v2/net/ghttp.(*middleware).Next.func1
    /Users/quman/go/pkg/mod/github.com/gogf/gf/v2@v2.0.4/net/ghttp/ghttp_request_middleware.go:94
47. github.com/gogf/gf/v2/util/gutil.TryCatch
    /Users/quman/go/pkg/mod/github.com/gogf/gf/v2@v2.0.4/util/gutil/gutil.go:55
48. github.com/gogf/gf/v2/net/ghttp.(*middleware).Next
    /Users/quman/go/pkg/mod/github.com/gogf/gf/v2@v2.0.4/net/ghttp/ghttp_request_middleware.go:48
49. github.com/gogf/gf/v2/net/ghttp.(*Server).ServeHTTP
    /Users/quman/go/pkg/mod/github.com/gogf/gf/v2@v2.0.4/net/ghttp/ghttp_server_handler.go:121
 
2022-06-30 23:24:18.644 [ERRO] {20eeaa43576ffd163e27563b8328aa57} [  0 ms] [default] [rows:0  ] SELECT `Id`,`Avatar`,`Nickname`,`Phone`,`Password`,`Status`,`CreatedAt` FROM `user` WHERE `phone`='15105191182' LIMIT 1
Error: dial tcp 127.0.0.1:3306: connect: connection refused 
Stack:
1.  github.com/gogf/gf/v2/database/gdb.(*Core).writeSqlToLogger
    /Users/quman/go/pkg/mod/github.com/gogf/gf/v2@v2.0.4/database/gdb/gdb_core.go:656
2.  github.com/gogf/gf/v2/database/gdb.(*Core).DoCommit
    /Users/quman/go/pkg/mod/github.com/gogf/gf/v2@v2.0.4/database/gdb/gdb_core_underlying.go:250
3.  github.com/gogf/gf/v2/database/gdb.(*Core).DoQuery
    /Users/quman/go/pkg/mod/github.com/gogf/gf/v2@v2.0.4/database/gdb/gdb_core_underlying.go:62
4.  github.com/gogf/gf/v2/database/gdb.(*Core).DoGetAll
    /Users/quman/go/pkg/mod/github.com/gogf/gf/v2@v2.0.4/database/gdb/gdb_core.go:153
5.  github.com/gogf/gf/v2/database/gdb.(*Model).doGetAllBySql
    /Users/quman/go/pkg/mod/github.com/gogf/gf/v2@v2.0.4/database/gdb/gdb_model_select.go:535
6.  github.com/gogf/gf/v2/database/gdb.(*Model).doGetAll
    /Users/quman/go/pkg/mod/github.com/gogf/gf/v2@v2.0.4/database/gdb/gdb_model_select.go:47
7.  github.com/gogf/gf/v2/database/gdb.(*Model).One
    /Users/quman/go/pkg/mod/github.com/gogf/gf/v2@v2.0.4/database/gdb/gdb_model_select.go:136
8.  github.com/gogf/gf/v2/database/gdb.(*Model).doStruct
    /Users/quman/go/pkg/mod/github.com/gogf/gf/v2@v2.0.4/database/gdb/gdb_model_select.go:221
9.  github.com/gogf/gf/v2/database/gdb.(*Model).Scan
    /Users/quman/go/pkg/mod/github.com/gogf/gf/v2@v2.0.4/database/gdb/gdb_model_select.go:309
10. threebody/internal/dao.(*userDao).FindOneByPhone
    /Users/quman/GolandProjects/threebody/internal/dao/user.go:36
11. threebody/internal/service.(*sUser).FindByPhoneAndPassword
    /Users/quman/GolandProjects/threebody/internal/service/user.go:35
12. threebody/internal/service.Authenticator
    /Users/quman/GolandProjects/threebody/internal/service/auth.go:67
13. github.com/gogf/gf-jwt/v2.(*GfJWTMiddleware).LoginHandler
    /Users/quman/go/pkg/mod/github.com/gogf/gf-jwt/v2@v2.0.1/auth_jwt.go:291
14. threebody/internal/controller.(*user).Login
    /Users/quman/GolandProjects/threebody/internal/controller/user.go:28
15. github.com/gogf/gf/v2/net/ghttp.(*middleware).callHandlerFunc.func1
    /Users/quman/go/pkg/mod/github.com/gogf/gf/v2@v2.0.4/net/ghttp/ghttp_request_middleware.go:153
16. github.com/gogf/gf/v2/net/ghttp.niceCallFunc
    /Users/quman/go/pkg/mod/github.com/gogf/gf/v2@v2.0.4/net/ghttp/ghttp_func.go:56
17. github.com/gogf/gf/v2/net/ghttp.(*middleware).callHandlerFunc
    /Users/quman/go/pkg/mod/github.com/gogf/gf/v2@v2.0.4/net/ghttp/ghttp_request_middleware.go:128
18. github.com/gogf/gf/v2/net/ghttp.(*middleware).Next.func1
    /Users/quman/go/pkg/mod/github.com/gogf/gf/v2@v2.0.4/net/ghttp/ghttp_request_middleware.go:74
19. github.com/gogf/gf/v2/util/gutil.TryCatch
    /Users/quman/go/pkg/mod/github.com/gogf/gf/v2@v2.0.4/util/gutil/gutil.go:55
20. github.com/gogf/gf/v2/net/ghttp.(*middleware).Next
    /Users/quman/go/pkg/mod/github.com/gogf/gf/v2@v2.0.4/net/ghttp/ghttp_request_middleware.go:48
21. threebody/internal/service.(*middlewareService).CORS
    /Users/quman/GolandProjects/threebody/internal/service/middleware.go:17
22. github.com/gogf/gf/v2/net/ghttp.(*middleware).Next.func1.1
    /Users/quman/go/pkg/mod/github.com/gogf/gf/v2@v2.0.4/net/ghttp/ghttp_request_middleware.go:54
23. github.com/gogf/gf/v2/net/ghttp.niceCallFunc
    /Users/quman/go/pkg/mod/github.com/gogf/gf/v2@v2.0.4/net/ghttp/ghttp_func.go:56
24. github.com/gogf/gf/v2/net/ghttp.(*middleware).Next.func1
    /Users/quman/go/pkg/mod/github.com/gogf/gf/v2@v2.0.4/net/ghttp/ghttp_request_middleware.go:53
25. github.com/gogf/gf/v2/util/gutil.TryCatch
    /Users/quman/go/pkg/mod/github.com/gogf/gf/v2@v2.0.4/util/gutil/gutil.go:55
26. github.com/gogf/gf/v2/net/ghttp.(*middleware).Next
    /Users/quman/go/pkg/mod/github.com/gogf/gf/v2@v2.0.4/net/ghttp/ghttp_request_middleware.go:48
27. github.com/gogf/gf/v2/net/ghttp.MiddlewareHandlerResponse
    /Users/quman/go/pkg/mod/github.com/gogf/gf/v2@v2.0.4/net/ghttp/ghttp_middleware_handler_response.go:25
28. github.com/gogf/gf/v2/net/ghttp.(*middleware).Next.func1.1
    /Users/quman/go/pkg/mod/github.com/gogf/gf/v2@v2.0.4/net/ghttp/ghttp_request_middleware.go:54
29. github.com/gogf/gf/v2/net/ghttp.niceCallFunc
    /Users/quman/go/pkg/mod/github.com/gogf/gf/v2@v2.0.4/net/ghttp/ghttp_func.go:56
30. github.com/gogf/gf/v2/net/ghttp.(*middleware).Next.func1
    /Users/quman/go/pkg/mod/github.com/gogf/gf/v2@v2.0.4/net/ghttp/ghttp_request_middleware.go:53
31. github.com/gogf/gf/v2/util/gutil.TryCatch
    /Users/quman/go/pkg/mod/github.com/gogf/gf/v2@v2.0.4/util/gutil/gutil.go:55
32. github.com/gogf/gf/v2/net/ghttp.(*middleware).Next
    /Users/quman/go/pkg/mod/github.com/gogf/gf/v2@v2.0.4/net/ghttp/ghttp_request_middleware.go:48
33. github.com/gogf/gf/v2/net/ghttp.internalMiddlewareServerTracing
    /Users/quman/go/pkg/mod/github.com/gogf/gf/v2@v2.0.4/net/ghttp/ghttp_middleware_tracing.go:78
34. github.com/gogf/gf/v2/net/ghttp.(*middleware).Next.func1.5
    /Users/quman/go/pkg/mod/github.com/gogf/gf/v2@v2.0.4/net/ghttp/ghttp_request_middleware.go:95
35. github.com/gogf/gf/v2/net/ghttp.niceCallFunc
    /Users/quman/go/pkg/mod/github.com/gogf/gf/v2@v2.0.4/net/ghttp/ghttp_func.go:56
36. github.com/gogf/gf/v2/net/ghttp.(*middleware).Next.func1
    /Users/quman/go/pkg/mod/github.com/gogf/gf/v2@v2.0.4/net/ghttp/ghttp_request_middleware.go:94
37. github.com/gogf/gf/v2/util/gutil.TryCatch
    /Users/quman/go/pkg/mod/github.com/gogf/gf/v2@v2.0.4/util/gutil/gutil.go:55
38. github.com/gogf/gf/v2/net/ghttp.(*middleware).Next
    /Users/quman/go/pkg/mod/github.com/gogf/gf/v2@v2.0.4/net/ghttp/ghttp_request_middleware.go:48
39. github.com/gogf/gf/v2/net/ghttp.(*Server).ServeHTTP
    /Users/quman/go/pkg/mod/github.com/gogf/gf/v2@v2.0.4/net/ghttp/ghttp_server_handler.go:121
 
2022-06-30 23:25:26.496 [ERRO] {78eeb516676ffd163f27563b8f7fafa1} [  0 ms] [default] [rows:0  ] SHOW FULL COLUMNS FROM `user`
Error: dial tcp 127.0.0.1:3306: connect: connection refused 
Stack:
1.  github.com/gogf/gf/v2/database/gdb.(*Core).writeSqlToLogger
    /Users/quman/go/pkg/mod/github.com/gogf/gf/v2@v2.0.4/database/gdb/gdb_core.go:656
2.  github.com/gogf/gf/v2/database/gdb.(*Core).DoCommit
    /Users/quman/go/pkg/mod/github.com/gogf/gf/v2@v2.0.4/database/gdb/gdb_core_underlying.go:250
3.  github.com/gogf/gf/v2/database/gdb.(*Core).DoQuery
    /Users/quman/go/pkg/mod/github.com/gogf/gf/v2@v2.0.4/database/gdb/gdb_core_underlying.go:62
4.  github.com/gogf/gf/v2/database/gdb.(*Core).DoGetAll
    /Users/quman/go/pkg/mod/github.com/gogf/gf/v2@v2.0.4/database/gdb/gdb_core.go:153
5.  github.com/gogf/gf/v2/database/gdb.(*DriverMysql).TableFields.func1
    /Users/quman/go/pkg/mod/github.com/gogf/gf/v2@v2.0.4/database/gdb/gdb_driver_mysql.go:150
6.  github.com/gogf/gf/v2/container/gmap.(*AnyAnyMap).doSetWithLockCheck
    /Users/quman/go/pkg/mod/github.com/gogf/gf/v2@v2.0.4/container/gmap/gmap_hash_any_any_map.go:220
7.  github.com/gogf/gf/v2/container/gmap.(*AnyAnyMap).GetOrSetFuncLock
    /Users/quman/go/pkg/mod/github.com/gogf/gf/v2@v2.0.4/container/gmap/gmap_hash_any_any_map.go:257
8.  github.com/gogf/gf/v2/database/gdb.(*DriverMysql).TableFields
    /Users/quman/go/pkg/mod/github.com/gogf/gf/v2@v2.0.4/database/gdb/gdb_driver_mysql.go:140
9.  github.com/gogf/gf/v2/database/gdb.(*Core).TableFields
    /Users/quman/go/pkg/mod/github.com/gogf/gf/v2@v2.0.4/database/gdb/gdb_core_utility.go:103
10. github.com/gogf/gf/v2/database/gdb.(*Model).TableFields
    /Users/quman/go/pkg/mod/github.com/gogf/gf/v2@v2.0.4/database/gdb/gdb_model_utility.go:41
11. github.com/gogf/gf/v2/database/gdb.(*Model).mappingAndFilterToTableFields
    /Users/quman/go/pkg/mod/github.com/gogf/gf/v2@v2.0.4/database/gdb/gdb_model_utility.go:59
12. github.com/gogf/gf/v2/database/gdb.(*Model).Fields
    /Users/quman/go/pkg/mod/github.com/gogf/gf/v2@v2.0.4/database/gdb/gdb_model_fields.go:54
13. github.com/gogf/gf/v2/database/gdb.(*Model).doStruct
    /Users/quman/go/pkg/mod/github.com/gogf/gf/v2@v2.0.4/database/gdb/gdb_model_select.go:218
14. github.com/gogf/gf/v2/database/gdb.(*Model).Scan
    /Users/quman/go/pkg/mod/github.com/gogf/gf/v2@v2.0.4/database/gdb/gdb_model_select.go:309
15. threebody/internal/dao.(*userDao).FindOneByPhone
    /Users/quman/GolandProjects/threebody/internal/dao/user.go:36
16. threebody/internal/service.(*sUser).FindByPhoneAndPassword
    /Users/quman/GolandProjects/threebody/internal/service/user.go:35
17. threebody/internal/service.Authenticator
    /Users/quman/GolandProjects/threebody/internal/service/auth.go:67
18. github.com/gogf/gf-jwt/v2.(*GfJWTMiddleware).LoginHandler
    /Users/quman/go/pkg/mod/github.com/gogf/gf-jwt/v2@v2.0.1/auth_jwt.go:291
19. threebody/internal/controller.(*user).Login
    /Users/quman/GolandProjects/threebody/internal/controller/user.go:28
20. github.com/gogf/gf/v2/net/ghttp.(*middleware).callHandlerFunc.func1
    /Users/quman/go/pkg/mod/github.com/gogf/gf/v2@v2.0.4/net/ghttp/ghttp_request_middleware.go:153
21. github.com/gogf/gf/v2/net/ghttp.niceCallFunc
    /Users/quman/go/pkg/mod/github.com/gogf/gf/v2@v2.0.4/net/ghttp/ghttp_func.go:56
22. github.com/gogf/gf/v2/net/ghttp.(*middleware).callHandlerFunc
    /Users/quman/go/pkg/mod/github.com/gogf/gf/v2@v2.0.4/net/ghttp/ghttp_request_middleware.go:128
23. github.com/gogf/gf/v2/net/ghttp.(*middleware).Next.func1
    /Users/quman/go/pkg/mod/github.com/gogf/gf/v2@v2.0.4/net/ghttp/ghttp_request_middleware.go:74
24. github.com/gogf/gf/v2/util/gutil.TryCatch
    /Users/quman/go/pkg/mod/github.com/gogf/gf/v2@v2.0.4/util/gutil/gutil.go:55
25. github.com/gogf/gf/v2/net/ghttp.(*middleware).Next
    /Users/quman/go/pkg/mod/github.com/gogf/gf/v2@v2.0.4/net/ghttp/ghttp_request_middleware.go:48
26. threebody/internal/service.(*middlewareService).CORS
    /Users/quman/GolandProjects/threebody/internal/service/middleware.go:17
27. github.com/gogf/gf/v2/net/ghttp.(*middleware).Next.func1.1
    /Users/quman/go/pkg/mod/github.com/gogf/gf/v2@v2.0.4/net/ghttp/ghttp_request_middleware.go:54
28. github.com/gogf/gf/v2/net/ghttp.niceCallFunc
    /Users/quman/go/pkg/mod/github.com/gogf/gf/v2@v2.0.4/net/ghttp/ghttp_func.go:56
29. github.com/gogf/gf/v2/net/ghttp.(*middleware).Next.func1
    /Users/quman/go/pkg/mod/github.com/gogf/gf/v2@v2.0.4/net/ghttp/ghttp_request_middleware.go:53
30. github.com/gogf/gf/v2/util/gutil.TryCatch
    /Users/quman/go/pkg/mod/github.com/gogf/gf/v2@v2.0.4/util/gutil/gutil.go:55
31. github.com/gogf/gf/v2/net/ghttp.(*middleware).Next
    /Users/quman/go/pkg/mod/github.com/gogf/gf/v2@v2.0.4/net/ghttp/ghttp_request_middleware.go:48
32. github.com/gogf/gf/v2/net/ghttp.MiddlewareHandlerResponse
    /Users/quman/go/pkg/mod/github.com/gogf/gf/v2@v2.0.4/net/ghttp/ghttp_middleware_handler_response.go:25
33. github.com/gogf/gf/v2/net/ghttp.(*middleware).Next.func1.1
    /Users/quman/go/pkg/mod/github.com/gogf/gf/v2@v2.0.4/net/ghttp/ghttp_request_middleware.go:54
34. github.com/gogf/gf/v2/net/ghttp.niceCallFunc
    /Users/quman/go/pkg/mod/github.com/gogf/gf/v2@v2.0.4/net/ghttp/ghttp_func.go:56
35. github.com/gogf/gf/v2/net/ghttp.(*middleware).Next.func1
    /Users/quman/go/pkg/mod/github.com/gogf/gf/v2@v2.0.4/net/ghttp/ghttp_request_middleware.go:53
36. github.com/gogf/gf/v2/util/gutil.TryCatch
    /Users/quman/go/pkg/mod/github.com/gogf/gf/v2@v2.0.4/util/gutil/gutil.go:55
37. github.com/gogf/gf/v2/net/ghttp.(*middleware).Next
    /Users/quman/go/pkg/mod/github.com/gogf/gf/v2@v2.0.4/net/ghttp/ghttp_request_middleware.go:48
38. github.com/gogf/gf/v2/net/ghttp.internalMiddlewareServerTracing
    /Users/quman/go/pkg/mod/github.com/gogf/gf/v2@v2.0.4/net/ghttp/ghttp_middleware_tracing.go:78
39. github.com/gogf/gf/v2/net/ghttp.(*middleware).Next.func1.5
    /Users/quman/go/pkg/mod/github.com/gogf/gf/v2@v2.0.4/net/ghttp/ghttp_request_middleware.go:95
40. github.com/gogf/gf/v2/net/ghttp.niceCallFunc
    /Users/quman/go/pkg/mod/github.com/gogf/gf/v2@v2.0.4/net/ghttp/ghttp_func.go:56
41. github.com/gogf/gf/v2/net/ghttp.(*middleware).Next.func1
    /Users/quman/go/pkg/mod/github.com/gogf/gf/v2@v2.0.4/net/ghttp/ghttp_request_middleware.go:94
42. github.com/gogf/gf/v2/util/gutil.TryCatch
    /Users/quman/go/pkg/mod/github.com/gogf/gf/v2@v2.0.4/util/gutil/gutil.go:55
43. github.com/gogf/gf/v2/net/ghttp.(*middleware).Next
    /Users/quman/go/pkg/mod/github.com/gogf/gf/v2@v2.0.4/net/ghttp/ghttp_request_middleware.go:48
44. github.com/gogf/gf/v2/net/ghttp.(*Server).ServeHTTP
    /Users/quman/go/pkg/mod/github.com/gogf/gf/v2@v2.0.4/net/ghttp/ghttp_server_handler.go:121
 
2022-06-30 23:25:26.587 [ERRO] {78eeb516676ffd163f27563b8f7fafa1} [  0 ms] [default] [rows:0  ] SHOW FULL COLUMNS FROM `user`
Error: dial tcp 127.0.0.1:3306: connect: connection refused 
Stack:
1.  github.com/gogf/gf/v2/database/gdb.(*Core).writeSqlToLogger
    /Users/quman/go/pkg/mod/github.com/gogf/gf/v2@v2.0.4/database/gdb/gdb_core.go:656
2.  github.com/gogf/gf/v2/database/gdb.(*Core).DoCommit
    /Users/quman/go/pkg/mod/github.com/gogf/gf/v2@v2.0.4/database/gdb/gdb_core_underlying.go:250
3.  github.com/gogf/gf/v2/database/gdb.(*Core).DoQuery
    /Users/quman/go/pkg/mod/github.com/gogf/gf/v2@v2.0.4/database/gdb/gdb_core_underlying.go:62
4.  github.com/gogf/gf/v2/database/gdb.(*Core).DoGetAll
    /Users/quman/go/pkg/mod/github.com/gogf/gf/v2@v2.0.4/database/gdb/gdb_core.go:153
5.  github.com/gogf/gf/v2/database/gdb.(*DriverMysql).TableFields.func1
    /Users/quman/go/pkg/mod/github.com/gogf/gf/v2@v2.0.4/database/gdb/gdb_driver_mysql.go:150
6.  github.com/gogf/gf/v2/container/gmap.(*AnyAnyMap).doSetWithLockCheck
    /Users/quman/go/pkg/mod/github.com/gogf/gf/v2@v2.0.4/container/gmap/gmap_hash_any_any_map.go:220
7.  github.com/gogf/gf/v2/container/gmap.(*AnyAnyMap).GetOrSetFuncLock
    /Users/quman/go/pkg/mod/github.com/gogf/gf/v2@v2.0.4/container/gmap/gmap_hash_any_any_map.go:257
8.  github.com/gogf/gf/v2/database/gdb.(*DriverMysql).TableFields
    /Users/quman/go/pkg/mod/github.com/gogf/gf/v2@v2.0.4/database/gdb/gdb_driver_mysql.go:140
9.  github.com/gogf/gf/v2/database/gdb.(*Core).TableFields
    /Users/quman/go/pkg/mod/github.com/gogf/gf/v2@v2.0.4/database/gdb/gdb_core_utility.go:103
10. github.com/gogf/gf/v2/database/gdb.(*Model).TableFields
    /Users/quman/go/pkg/mod/github.com/gogf/gf/v2@v2.0.4/database/gdb/gdb_model_utility.go:41
11. github.com/gogf/gf/v2/database/gdb.(*Model).getSoftFieldName
    /Users/quman/go/pkg/mod/github.com/gogf/gf/v2@v2.0.4/database/gdb/gdb_model_time.go:98
12. github.com/gogf/gf/v2/database/gdb.(*Model).getSoftFieldNameDeleted
    /Users/quman/go/pkg/mod/github.com/gogf/gf/v2@v2.0.4/database/gdb/gdb_model_time.go:92
13. github.com/gogf/gf/v2/database/gdb.(*Model).getConditionForSoftDeleting
    /Users/quman/go/pkg/mod/github.com/gogf/gf/v2@v2.0.4/database/gdb/gdb_model_time.go:144
14. github.com/gogf/gf/v2/database/gdb.(*Model).formatCondition
    /Users/quman/go/pkg/mod/github.com/gogf/gf/v2@v2.0.4/database/gdb/gdb_model_select.go:682
15. github.com/gogf/gf/v2/database/gdb.(*Model).getFormattedSqlAndArgs
    /Users/quman/go/pkg/mod/github.com/gogf/gf/v2@v2.0.4/database/gdb/gdb_model_select.go:579
16. github.com/gogf/gf/v2/database/gdb.(*Model).doGetAll
    /Users/quman/go/pkg/mod/github.com/gogf/gf/v2@v2.0.4/database/gdb/gdb_model_select.go:46
17. github.com/gogf/gf/v2/database/gdb.(*Model).One
    /Users/quman/go/pkg/mod/github.com/gogf/gf/v2@v2.0.4/database/gdb/gdb_model_select.go:136
18. github.com/gogf/gf/v2/database/gdb.(*Model).doStruct
    /Users/quman/go/pkg/mod/github.com/gogf/gf/v2@v2.0.4/database/gdb/gdb_model_select.go:221
19. github.com/gogf/gf/v2/database/gdb.(*Model).Scan
    /Users/quman/go/pkg/mod/github.com/gogf/gf/v2@v2.0.4/database/gdb/gdb_model_select.go:309
20. threebody/internal/dao.(*userDao).FindOneByPhone
    /Users/quman/GolandProjects/threebody/internal/dao/user.go:36
21. threebody/internal/service.(*sUser).FindByPhoneAndPassword
    /Users/quman/GolandProjects/threebody/internal/service/user.go:35
22. threebody/internal/service.Authenticator
    /Users/quman/GolandProjects/threebody/internal/service/auth.go:67
23. github.com/gogf/gf-jwt/v2.(*GfJWTMiddleware).LoginHandler
    /Users/quman/go/pkg/mod/github.com/gogf/gf-jwt/v2@v2.0.1/auth_jwt.go:291
24. threebody/internal/controller.(*user).Login
    /Users/quman/GolandProjects/threebody/internal/controller/user.go:28
25. github.com/gogf/gf/v2/net/ghttp.(*middleware).callHandlerFunc.func1
    /Users/quman/go/pkg/mod/github.com/gogf/gf/v2@v2.0.4/net/ghttp/ghttp_request_middleware.go:153
26. github.com/gogf/gf/v2/net/ghttp.niceCallFunc
    /Users/quman/go/pkg/mod/github.com/gogf/gf/v2@v2.0.4/net/ghttp/ghttp_func.go:56
27. github.com/gogf/gf/v2/net/ghttp.(*middleware).callHandlerFunc
    /Users/quman/go/pkg/mod/github.com/gogf/gf/v2@v2.0.4/net/ghttp/ghttp_request_middleware.go:128
28. github.com/gogf/gf/v2/net/ghttp.(*middleware).Next.func1
    /Users/quman/go/pkg/mod/github.com/gogf/gf/v2@v2.0.4/net/ghttp/ghttp_request_middleware.go:74
29. github.com/gogf/gf/v2/util/gutil.TryCatch
    /Users/quman/go/pkg/mod/github.com/gogf/gf/v2@v2.0.4/util/gutil/gutil.go:55
30. github.com/gogf/gf/v2/net/ghttp.(*middleware).Next
    /Users/quman/go/pkg/mod/github.com/gogf/gf/v2@v2.0.4/net/ghttp/ghttp_request_middleware.go:48
31. threebody/internal/service.(*middlewareService).CORS
    /Users/quman/GolandProjects/threebody/internal/service/middleware.go:17
32. github.com/gogf/gf/v2/net/ghttp.(*middleware).Next.func1.1
    /Users/quman/go/pkg/mod/github.com/gogf/gf/v2@v2.0.4/net/ghttp/ghttp_request_middleware.go:54
33. github.com/gogf/gf/v2/net/ghttp.niceCallFunc
    /Users/quman/go/pkg/mod/github.com/gogf/gf/v2@v2.0.4/net/ghttp/ghttp_func.go:56
34. github.com/gogf/gf/v2/net/ghttp.(*middleware).Next.func1
    /Users/quman/go/pkg/mod/github.com/gogf/gf/v2@v2.0.4/net/ghttp/ghttp_request_middleware.go:53
35. github.com/gogf/gf/v2/util/gutil.TryCatch
    /Users/quman/go/pkg/mod/github.com/gogf/gf/v2@v2.0.4/util/gutil/gutil.go:55
36. github.com/gogf/gf/v2/net/ghttp.(*middleware).Next
    /Users/quman/go/pkg/mod/github.com/gogf/gf/v2@v2.0.4/net/ghttp/ghttp_request_middleware.go:48
37. github.com/gogf/gf/v2/net/ghttp.MiddlewareHandlerResponse
    /Users/quman/go/pkg/mod/github.com/gogf/gf/v2@v2.0.4/net/ghttp/ghttp_middleware_handler_response.go:25
38. github.com/gogf/gf/v2/net/ghttp.(*middleware).Next.func1.1
    /Users/quman/go/pkg/mod/github.com/gogf/gf/v2@v2.0.4/net/ghttp/ghttp_request_middleware.go:54
39. github.com/gogf/gf/v2/net/ghttp.niceCallFunc
    /Users/quman/go/pkg/mod/github.com/gogf/gf/v2@v2.0.4/net/ghttp/ghttp_func.go:56
40. github.com/gogf/gf/v2/net/ghttp.(*middleware).Next.func1
    /Users/quman/go/pkg/mod/github.com/gogf/gf/v2@v2.0.4/net/ghttp/ghttp_request_middleware.go:53
41. github.com/gogf/gf/v2/util/gutil.TryCatch
    /Users/quman/go/pkg/mod/github.com/gogf/gf/v2@v2.0.4/util/gutil/gutil.go:55
42. github.com/gogf/gf/v2/net/ghttp.(*middleware).Next
    /Users/quman/go/pkg/mod/github.com/gogf/gf/v2@v2.0.4/net/ghttp/ghttp_request_middleware.go:48
43. github.com/gogf/gf/v2/net/ghttp.internalMiddlewareServerTracing
    /Users/quman/go/pkg/mod/github.com/gogf/gf/v2@v2.0.4/net/ghttp/ghttp_middleware_tracing.go:78
44. github.com/gogf/gf/v2/net/ghttp.(*middleware).Next.func1.5
    /Users/quman/go/pkg/mod/github.com/gogf/gf/v2@v2.0.4/net/ghttp/ghttp_request_middleware.go:95
45. github.com/gogf/gf/v2/net/ghttp.niceCallFunc
    /Users/quman/go/pkg/mod/github.com/gogf/gf/v2@v2.0.4/net/ghttp/ghttp_func.go:56
46. github.com/gogf/gf/v2/net/ghttp.(*middleware).Next.func1
    /Users/quman/go/pkg/mod/github.com/gogf/gf/v2@v2.0.4/net/ghttp/ghttp_request_middleware.go:94
47. github.com/gogf/gf/v2/util/gutil.TryCatch
    /Users/quman/go/pkg/mod/github.com/gogf/gf/v2@v2.0.4/util/gutil/gutil.go:55
48. github.com/gogf/gf/v2/net/ghttp.(*middleware).Next
    /Users/quman/go/pkg/mod/github.com/gogf/gf/v2@v2.0.4/net/ghttp/ghttp_request_middleware.go:48
49. github.com/gogf/gf/v2/net/ghttp.(*Server).ServeHTTP
    /Users/quman/go/pkg/mod/github.com/gogf/gf/v2@v2.0.4/net/ghttp/ghttp_server_handler.go:121
 
2022-06-30 23:25:26.597 [ERRO] {78eeb516676ffd163f27563b8f7fafa1} [  0 ms] [default] [rows:0  ] SELECT `Id`,`Avatar`,`Nickname`,`Phone`,`Password`,`Status`,`CreatedAt` FROM `user` WHERE `phone`='15105191182' LIMIT 1
Error: dial tcp 127.0.0.1:3306: connect: connection refused 
Stack:
1.  github.com/gogf/gf/v2/database/gdb.(*Core).writeSqlToLogger
    /Users/quman/go/pkg/mod/github.com/gogf/gf/v2@v2.0.4/database/gdb/gdb_core.go:656
2.  github.com/gogf/gf/v2/database/gdb.(*Core).DoCommit
    /Users/quman/go/pkg/mod/github.com/gogf/gf/v2@v2.0.4/database/gdb/gdb_core_underlying.go:250
3.  github.com/gogf/gf/v2/database/gdb.(*Core).DoQuery
    /Users/quman/go/pkg/mod/github.com/gogf/gf/v2@v2.0.4/database/gdb/gdb_core_underlying.go:62
4.  github.com/gogf/gf/v2/database/gdb.(*Core).DoGetAll
    /Users/quman/go/pkg/mod/github.com/gogf/gf/v2@v2.0.4/database/gdb/gdb_core.go:153
5.  github.com/gogf/gf/v2/database/gdb.(*Model).doGetAllBySql
    /Users/quman/go/pkg/mod/github.com/gogf/gf/v2@v2.0.4/database/gdb/gdb_model_select.go:535
6.  github.com/gogf/gf/v2/database/gdb.(*Model).doGetAll
    /Users/quman/go/pkg/mod/github.com/gogf/gf/v2@v2.0.4/database/gdb/gdb_model_select.go:47
7.  github.com/gogf/gf/v2/database/gdb.(*Model).One
    /Users/quman/go/pkg/mod/github.com/gogf/gf/v2@v2.0.4/database/gdb/gdb_model_select.go:136
8.  github.com/gogf/gf/v2/database/gdb.(*Model).doStruct
    /Users/quman/go/pkg/mod/github.com/gogf/gf/v2@v2.0.4/database/gdb/gdb_model_select.go:221
9.  github.com/gogf/gf/v2/database/gdb.(*Model).Scan
    /Users/quman/go/pkg/mod/github.com/gogf/gf/v2@v2.0.4/database/gdb/gdb_model_select.go:309
10. threebody/internal/dao.(*userDao).FindOneByPhone
    /Users/quman/GolandProjects/threebody/internal/dao/user.go:36
11. threebody/internal/service.(*sUser).FindByPhoneAndPassword
    /Users/quman/GolandProjects/threebody/internal/service/user.go:35
12. threebody/internal/service.Authenticator
    /Users/quman/GolandProjects/threebody/internal/service/auth.go:67
13. github.com/gogf/gf-jwt/v2.(*GfJWTMiddleware).LoginHandler
    /Users/quman/go/pkg/mod/github.com/gogf/gf-jwt/v2@v2.0.1/auth_jwt.go:291
14. threebody/internal/controller.(*user).Login
    /Users/quman/GolandProjects/threebody/internal/controller/user.go:28
15. github.com/gogf/gf/v2/net/ghttp.(*middleware).callHandlerFunc.func1
    /Users/quman/go/pkg/mod/github.com/gogf/gf/v2@v2.0.4/net/ghttp/ghttp_request_middleware.go:153
16. github.com/gogf/gf/v2/net/ghttp.niceCallFunc
    /Users/quman/go/pkg/mod/github.com/gogf/gf/v2@v2.0.4/net/ghttp/ghttp_func.go:56
17. github.com/gogf/gf/v2/net/ghttp.(*middleware).callHandlerFunc
    /Users/quman/go/pkg/mod/github.com/gogf/gf/v2@v2.0.4/net/ghttp/ghttp_request_middleware.go:128
18. github.com/gogf/gf/v2/net/ghttp.(*middleware).Next.func1
    /Users/quman/go/pkg/mod/github.com/gogf/gf/v2@v2.0.4/net/ghttp/ghttp_request_middleware.go:74
19. github.com/gogf/gf/v2/util/gutil.TryCatch
    /Users/quman/go/pkg/mod/github.com/gogf/gf/v2@v2.0.4/util/gutil/gutil.go:55
20. github.com/gogf/gf/v2/net/ghttp.(*middleware).Next
    /Users/quman/go/pkg/mod/github.com/gogf/gf/v2@v2.0.4/net/ghttp/ghttp_request_middleware.go:48
21. threebody/internal/service.(*middlewareService).CORS
    /Users/quman/GolandProjects/threebody/internal/service/middleware.go:17
22. github.com/gogf/gf/v2/net/ghttp.(*middleware).Next.func1.1
    /Users/quman/go/pkg/mod/github.com/gogf/gf/v2@v2.0.4/net/ghttp/ghttp_request_middleware.go:54
23. github.com/gogf/gf/v2/net/ghttp.niceCallFunc
    /Users/quman/go/pkg/mod/github.com/gogf/gf/v2@v2.0.4/net/ghttp/ghttp_func.go:56
24. github.com/gogf/gf/v2/net/ghttp.(*middleware).Next.func1
    /Users/quman/go/pkg/mod/github.com/gogf/gf/v2@v2.0.4/net/ghttp/ghttp_request_middleware.go:53
25. github.com/gogf/gf/v2/util/gutil.TryCatch
    /Users/quman/go/pkg/mod/github.com/gogf/gf/v2@v2.0.4/util/gutil/gutil.go:55
26. github.com/gogf/gf/v2/net/ghttp.(*middleware).Next
    /Users/quman/go/pkg/mod/github.com/gogf/gf/v2@v2.0.4/net/ghttp/ghttp_request_middleware.go:48
27. github.com/gogf/gf/v2/net/ghttp.MiddlewareHandlerResponse
    /Users/quman/go/pkg/mod/github.com/gogf/gf/v2@v2.0.4/net/ghttp/ghttp_middleware_handler_response.go:25
28. github.com/gogf/gf/v2/net/ghttp.(*middleware).Next.func1.1
    /Users/quman/go/pkg/mod/github.com/gogf/gf/v2@v2.0.4/net/ghttp/ghttp_request_middleware.go:54
29. github.com/gogf/gf/v2/net/ghttp.niceCallFunc
    /Users/quman/go/pkg/mod/github.com/gogf/gf/v2@v2.0.4/net/ghttp/ghttp_func.go:56
30. github.com/gogf/gf/v2/net/ghttp.(*middleware).Next.func1
    /Users/quman/go/pkg/mod/github.com/gogf/gf/v2@v2.0.4/net/ghttp/ghttp_request_middleware.go:53
31. github.com/gogf/gf/v2/util/gutil.TryCatch
    /Users/quman/go/pkg/mod/github.com/gogf/gf/v2@v2.0.4/util/gutil/gutil.go:55
32. github.com/gogf/gf/v2/net/ghttp.(*middleware).Next
    /Users/quman/go/pkg/mod/github.com/gogf/gf/v2@v2.0.4/net/ghttp/ghttp_request_middleware.go:48
33. github.com/gogf/gf/v2/net/ghttp.internalMiddlewareServerTracing
    /Users/quman/go/pkg/mod/github.com/gogf/gf/v2@v2.0.4/net/ghttp/ghttp_middleware_tracing.go:78
34. github.com/gogf/gf/v2/net/ghttp.(*middleware).Next.func1.5
    /Users/quman/go/pkg/mod/github.com/gogf/gf/v2@v2.0.4/net/ghttp/ghttp_request_middleware.go:95
35. github.com/gogf/gf/v2/net/ghttp.niceCallFunc
    /Users/quman/go/pkg/mod/github.com/gogf/gf/v2@v2.0.4/net/ghttp/ghttp_func.go:56
36. github.com/gogf/gf/v2/net/ghttp.(*middleware).Next.func1
    /Users/quman/go/pkg/mod/github.com/gogf/gf/v2@v2.0.4/net/ghttp/ghttp_request_middleware.go:94
37. github.com/gogf/gf/v2/util/gutil.TryCatch
    /Users/quman/go/pkg/mod/github.com/gogf/gf/v2@v2.0.4/util/gutil/gutil.go:55
38. github.com/gogf/gf/v2/net/ghttp.(*middleware).Next
    /Users/quman/go/pkg/mod/github.com/gogf/gf/v2@v2.0.4/net/ghttp/ghttp_request_middleware.go:48
39. github.com/gogf/gf/v2/net/ghttp.(*Server).ServeHTTP
    /Users/quman/go/pkg/mod/github.com/gogf/gf/v2@v2.0.4/net/ghttp/ghttp_server_handler.go:121
 
2022-06-30 23:25:45.238 [DEBU] {8015a96d6b6ffd1650f439606484400d} [102 ms] [default] [rows:7  ] SHOW FULL COLUMNS FROM `user` 
2022-06-30 23:25:45.281 [DEBU] {8015a96d6b6ffd1650f439606484400d} [ 42 ms] [default] [rows:1  ] SELECT `id`,`avatar`,`nickname`,`phone`,`password`,`status`,`created_at` FROM `user` WHERE `phone`='15105191182' LIMIT 1 
2022-06-30 23:29:46.682 [DEBU] {b84656a6a36ffd16c95e052258c8bff7} [ 74 ms] [default] [rows:7  ] SHOW FULL COLUMNS FROM `user` 
2022-06-30 23:29:46.724 [DEBU] {b84656a6a36ffd16c95e052258c8bff7} [ 41 ms] [default] [rows:1  ] SELECT `id`,`avatar`,`nickname`,`phone`,`password`,`status`,`created_at` FROM `user` WHERE `phone`='15105191182' LIMIT 1 
