2022-07-09 15:03:43.890 [DEBU] {40ff175e3f17001785869c11ecab2a7e} [ 84 ms] [default] [rows:13 ] SHOW FULL COLUMNS FROM `role` 
2022-07-09 15:03:43.928 [DEBU] {40ff175e3f17001785869c11ecab2a7e} [ 35 ms] [default] [rows:10 ] SELECT `id`,`avatar`,`name`,`nickname`,`survival_stage`,`nationality`,`achievement`,`gender`,`content`,`if_show` FROM `role` WHERE `if_show`=1 LIMIT 0,10 
2022-07-09 15:03:43.963 [DEBU] {40ff175e3f17001785869c11ecab2a7e} [ 33 ms] [default] [rows:1  ] SELECT COUNT(1) FROM `role` WHERE `if_show`=1 
2022-07-09 17:53:11.245 [DEBU] {b824d5a17e20001788869c118930814b} [103 ms] [default] [rows:10 ] SELECT `id`,`avatar`,`name`,`nickname`,`survival_stage`,`nationality`,`achievement`,`gender`,`content`,`if_show` FROM `role` WHERE `if_show`=1 LIMIT 0,10 
2022-07-09 17:53:11.285 [DEBU] {b824d5a17e20001788869c118930814b} [ 36 ms] [default] [rows:1  ] SELECT COUNT(1) FROM `role` WHERE `if_show`=1 
2022-07-09 17:53:56.633 [DEBU] {f8744334892000178a869c11d6ab3f93} [ 98 ms] [default] [rows:10 ] SELECT `id`,`avatar`,`name`,`nickname`,`survival_stage`,`nationality`,`achievement`,`gender`,`content`,`if_show` FROM `role` WHERE `if_show`=1 LIMIT 0,10 
2022-07-09 17:53:56.685 [DEBU] {f8744334892000178a869c11d6ab3f93} [ 38 ms] [default] [rows:1  ] SELECT COUNT(1) FROM `role` WHERE `if_show`=1 
2022-07-09 17:54:01.511 [DEBU] {f0f1515a8a2000178b869c11bca97699} [ 46 ms] [default] [rows:10 ] SELECT `id`,`avatar`,`name`,`nickname`,`survival_stage`,`nationality`,`achievement`,`gender`,`content`,`if_show` FROM `role` WHERE `if_show`=1 LIMIT 0,10 
2022-07-09 17:54:01.554 [DEBU] {f0f1515a8a2000178b869c11bca97699} [ 34 ms] [default] [rows:1  ] SELECT COUNT(1) FROM `role` WHERE `if_show`=1 
2022-07-09 17:58:40.387 [DEBU] {689fbe45cb2000178c869c11cf5d4172} [ 90 ms] [default] [rows:10 ] SELECT `id`,`avatar`,`name`,`nickname`,`survival_stage`,`nationality`,`achievement`,`gender`,`content`,`if_show` FROM `role` WHERE `if_show`=1 LIMIT 0,10 
2022-07-09 17:58:40.423 [DEBU] {689fbe45cb2000178c869c11cf5d4172} [ 33 ms] [default] [rows:1  ] SELECT COUNT(1) FROM `role` WHERE `if_show`=1 
2022-07-09 18:03:14.300 [DEBU] {50dd8d0b0b2100178d869c11a5b7a3d5} [105 ms] [default] [rows:10 ] SELECT `id`,`avatar`,`name`,`nickname`,`survival_stage`,`nationality`,`achievement`,`gender`,`content`,`if_show` FROM `role` WHERE `if_show`=1 LIMIT 0,10 
2022-07-09 18:03:14.340 [DEBU] {50dd8d0b0b2100178d869c11a5b7a3d5} [ 34 ms] [default] [rows:1  ] SELECT COUNT(1) FROM `role` WHERE `if_show`=1 
2022-07-09 18:04:59.120 [DEBU] {e0506874232100178e869c11ffd63344} [ 87 ms] [default] [rows:10 ] SELECT `id`,`avatar`,`name`,`nickname`,`survival_stage`,`nationality`,`achievement`,`gender`,`content`,`if_show` FROM `role` WHERE `if_show`=1 LIMIT 0,10 
2022-07-09 18:04:59.161 [DEBU] {e0506874232100178e869c11ffd63344} [ 32 ms] [default] [rows:1  ] SELECT COUNT(1) FROM `role` WHERE `if_show`=1 
2022-07-09 18:05:03.347 [DEBU] {c8886b73242100178f869c116d8222bd} [ 32 ms] [default] [rows:10 ] SELECT `id`,`avatar`,`name`,`nickname`,`survival_stage`,`nationality`,`achievement`,`gender`,`content`,`if_show` FROM `role` WHERE `if_show`=1 LIMIT 0,10 
2022-07-09 18:05:03.382 [DEBU] {c8886b73242100178f869c116d8222bd} [ 34 ms] [default] [rows:1  ] SELECT COUNT(1) FROM `role` WHERE `if_show`=1 
2022-07-09 18:05:45.958 [DEBU] {707a7c5a2e21001790869c11f8703bd5} [114 ms] [default] [rows:10 ] SELECT `id`,`avatar`,`name`,`nickname`,`survival_stage`,`nationality`,`achievement`,`gender`,`content`,`if_show` FROM `role` WHERE `if_show`=1 LIMIT 0,10 
2022-07-09 18:05:46.006 [DEBU] {707a7c5a2e21001790869c11f8703bd5} [ 36 ms] [default] [rows:1  ] SELECT COUNT(1) FROM `role` WHERE `if_show`=1 
2022-07-09 18:05:47.658 [DEBU] {d03911c42e21001791869c11d044b0e0} [ 44 ms] [default] [rows:10 ] SELECT `id`,`avatar`,`name`,`nickname`,`survival_stage`,`nationality`,`achievement`,`gender`,`content`,`if_show` FROM `role` WHERE `if_show`=1 LIMIT 0,10 
2022-07-09 18:05:47.694 [DEBU] {d03911c42e21001791869c11d044b0e0} [ 34 ms] [default] [rows:1  ] SELECT COUNT(1) FROM `role` WHERE `if_show`=1 
2022-07-09 18:05:57.664 [DEBU] {d86487183121001792869c116aed0164} [ 42 ms] [default] [rows:10 ] SELECT `id`,`avatar`,`name`,`nickname`,`survival_stage`,`nationality`,`achievement`,`gender`,`content`,`if_show` FROM `role` WHERE `if_show`=1 LIMIT 0,10 
2022-07-09 18:05:57.704 [DEBU] {d86487183121001792869c116aed0164} [ 37 ms] [default] [rows:1  ] SELECT COUNT(1) FROM `role` WHERE `if_show`=1 
2022-07-09 18:07:00.364 [DEBU] {a83673ae3f21001793869c11818d1dec} [ 93 ms] [default] [rows:10 ] SELECT `id`,`avatar`,`name`,`nickname`,`survival_stage`,`nationality`,`achievement`,`gender`,`content`,`if_show` FROM `role` WHERE `if_show`=1 LIMIT 0,10 
2022-07-09 18:07:00.411 [DEBU] {a83673ae3f21001793869c11818d1dec} [ 46 ms] [default] [rows:1  ] SELECT COUNT(1) FROM `role` WHERE `if_show`=1 
2022-07-09 18:07:09.199 [DEBU] {f0a13dc04121001794869c1141b7cdd6} [ 45 ms] [default] [rows:10 ] SELECT `id`,`avatar`,`name`,`nickname`,`survival_stage`,`nationality`,`achievement`,`gender`,`content`,`if_show` FROM `role` WHERE `if_show`=1 LIMIT 0,10 
2022-07-09 18:07:09.242 [DEBU] {f0a13dc04121001794869c1141b7cdd6} [ 37 ms] [default] [rows:1  ] SELECT COUNT(1) FROM `role` WHERE `if_show`=1 
2022-07-09 18:07:11.110 [DEBU] {0828ec314221001795869c11aa7da7f6} [ 48 ms] [default] [rows:10 ] SELECT `id`,`avatar`,`name`,`nickname`,`survival_stage`,`nationality`,`achievement`,`gender`,`content`,`if_show` FROM `role` WHERE `if_show`=1 LIMIT 0,10 
2022-07-09 18:07:11.146 [DEBU] {0828ec314221001795869c11aa7da7f6} [ 35 ms] [default] [rows:1  ] SELECT COUNT(1) FROM `role` WHERE `if_show`=1 
2022-07-09 18:07:12.031 [DEBU] {e02813694221001796869c11c1c74baf} [ 44 ms] [default] [rows:10 ] SELECT `id`,`avatar`,`name`,`nickname`,`survival_stage`,`nationality`,`achievement`,`gender`,`content`,`if_show` FROM `role` WHERE `if_show`=1 LIMIT 0,10 
2022-07-09 18:07:12.067 [DEBU] {e02813694221001796869c11c1c74baf} [ 34 ms] [default] [rows:1  ] SELECT COUNT(1) FROM `role` WHERE `if_show`=1 
2022-07-09 18:07:12.240 [DEBU] {6893f5754221001797869c119f8a2627} [ 37 ms] [default] [rows:10 ] SELECT `id`,`avatar`,`name`,`nickname`,`survival_stage`,`nationality`,`achievement`,`gender`,`content`,`if_show` FROM `role` WHERE `if_show`=1 LIMIT 0,10 
2022-07-09 18:07:12.286 [DEBU] {6893f5754221001797869c119f8a2627} [ 36 ms] [default] [rows:1  ] SELECT COUNT(1) FROM `role` WHERE `if_show`=1 
2022-07-09 18:07:12.419 [DEBU] {984aa9804221001798869c116b442bc8} [ 36 ms] [default] [rows:10 ] SELECT `id`,`avatar`,`name`,`nickname`,`survival_stage`,`nationality`,`achievement`,`gender`,`content`,`if_show` FROM `role` WHERE `if_show`=1 LIMIT 0,10 
2022-07-09 18:07:12.456 [DEBU] {984aa9804221001798869c116b442bc8} [ 36 ms] [default] [rows:1  ] SELECT COUNT(1) FROM `role` WHERE `if_show`=1 
2022-07-09 18:07:22.594 [DEBU] {601d31de4421001799869c1181224f65} [ 48 ms] [default] [rows:10 ] SELECT `id`,`avatar`,`name`,`nickname`,`survival_stage`,`nationality`,`achievement`,`gender`,`content`,`if_show` FROM `role` WHERE `if_show`=1 LIMIT 0,10 
2022-07-09 18:07:22.629 [DEBU] {601d31de4421001799869c1181224f65} [ 33 ms] [default] [rows:1  ] SELECT COUNT(1) FROM `role` WHERE `if_show`=1 
2022-07-09 18:07:27.311 [DEBU] {d8c690f7452100179a869c119b4c26d0} [ 48 ms] [default] [rows:10 ] SELECT `id`,`avatar`,`name`,`nickname`,`survival_stage`,`nationality`,`achievement`,`gender`,`content`,`if_show` FROM `role` WHERE `if_show`=1 LIMIT 0,10 
2022-07-09 18:07:27.350 [DEBU] {d8c690f7452100179a869c119b4c26d0} [ 35 ms] [default] [rows:1  ] SELECT COUNT(1) FROM `role` WHERE `if_show`=1 
2022-07-09 18:07:47.926 [DEBU] {b09123c24a2100179b869c11ac7146a1} [ 84 ms] [default] [rows:10 ] SELECT `id`,`avatar`,`name`,`nickname`,`survival_stage`,`nationality`,`achievement`,`gender`,`content`,`if_show` FROM `role` WHERE `if_show`=1 LIMIT 0,10 
2022-07-09 18:07:47.968 [DEBU] {b09123c24a2100179b869c11ac7146a1} [ 34 ms] [default] [rows:1  ] SELECT COUNT(1) FROM `role` WHERE `if_show`=1 
2022-07-09 18:07:56.380 [DEBU] {c083edbc4c2100179c869c11df6ac2a9} [ 34 ms] [default] [rows:10 ] SELECT `id`,`avatar`,`name`,`nickname`,`survival_stage`,`nationality`,`achievement`,`gender`,`content`,`if_show` FROM `role` WHERE `if_show`=1 LIMIT 0,10 
2022-07-09 18:07:56.421 [DEBU] {c083edbc4c2100179c869c11df6ac2a9} [ 39 ms] [default] [rows:1  ] SELECT COUNT(1) FROM `role` WHERE `if_show`=1 
2022-07-09 18:08:05.802 [DEBU] {70b826ed4e2100179d869c1186c22a76} [ 59 ms] [default] [rows:10 ] SELECT `id`,`avatar`,`name`,`nickname`,`survival_stage`,`nationality`,`achievement`,`gender`,`content`,`if_show` FROM `role` WHERE `if_show`=1 LIMIT 0,10 
2022-07-09 18:08:05.892 [DEBU] {70b826ed4e2100179d869c1186c22a76} [ 33 ms] [default] [rows:1  ] SELECT COUNT(1) FROM `role` WHERE `if_show`=1 
2022-07-09 18:09:34.198 [DEBU] {f85c947f632100179e869c111f1e4f7c} [ 99 ms] [default] [rows:10 ] SELECT `id`,`avatar`,`name`,`nickname`,`survival_stage`,`nationality`,`achievement`,`gender`,`content`,`if_show` FROM `role` WHERE `if_show`=1 LIMIT 0,10 
2022-07-09 18:09:34.238 [DEBU] {f85c947f632100179e869c111f1e4f7c} [ 38 ms] [default] [rows:1  ] SELECT COUNT(1) FROM `role` WHERE `if_show`=1 
2022-07-09 18:09:37.928 [DEBU] {48724761642100179f869c11ce34b9f2} [ 43 ms] [default] [rows:10 ] SELECT `id`,`avatar`,`name`,`nickname`,`survival_stage`,`nationality`,`achievement`,`gender`,`content`,`if_show` FROM `role` WHERE `if_show`=1 LIMIT 0,10 
2022-07-09 18:09:37.967 [DEBU] {48724761642100179f869c11ce34b9f2} [ 37 ms] [default] [rows:1  ] SELECT COUNT(1) FROM `role` WHERE `if_show`=1 
2022-07-09 18:09:51.451 [DEBU] {0028a68767210017a0869c11f5b6d45d} [ 37 ms] [default] [rows:10 ] SELECT `id`,`avatar`,`name`,`nickname`,`survival_stage`,`nationality`,`achievement`,`gender`,`content`,`if_show` FROM `role` WHERE `if_show`=1 LIMIT 0,10 
2022-07-09 18:09:51.494 [DEBU] {0028a68767210017a0869c11f5b6d45d} [ 41 ms] [default] [rows:1  ] SELECT COUNT(1) FROM `role` WHERE `if_show`=1 
2022-07-09 18:10:50.103 [DEBU] {580fb52b75210017a1869c11cd792794} [102 ms] [default] [rows:10 ] SELECT `id`,`avatar`,`name`,`nickname`,`survival_stage`,`nationality`,`achievement`,`gender`,`content`,`if_show` FROM `role` WHERE `if_show`=1 LIMIT 0,10 
2022-07-09 18:10:50.140 [DEBU] {580fb52b75210017a1869c11cd792794} [ 34 ms] [default] [rows:1  ] SELECT COUNT(1) FROM `role` WHERE `if_show`=1 
2022-07-09 18:10:55.346 [DEBU] {c0cbdf6776210017a2869c11069243eb} [ 41 ms] [default] [rows:10 ] SELECT `id`,`avatar`,`name`,`nickname`,`survival_stage`,`nationality`,`achievement`,`gender`,`content`,`if_show` FROM `role` WHERE `if_show`=1 LIMIT 0,10 
2022-07-09 18:10:55.387 [DEBU] {c0cbdf6776210017a2869c11069243eb} [ 37 ms] [default] [rows:1  ] SELECT COUNT(1) FROM `role` WHERE `if_show`=1 
2022-07-09 18:11:16.363 [DEBU] {c0698a4c7b210017a3869c11a3f4ebbb} [ 41 ms] [default] [rows:10 ] SELECT `id`,`avatar`,`name`,`nickname`,`survival_stage`,`nationality`,`achievement`,`gender`,`content`,`if_show` FROM `role` WHERE `if_show`=1 LIMIT 0,10 
2022-07-09 18:11:16.410 [DEBU] {c0698a4c7b210017a3869c11a3f4ebbb} [ 37 ms] [default] [rows:1  ] SELECT COUNT(1) FROM `role` WHERE `if_show`=1 
2022-07-09 18:12:32.989 [DEBU] {386540208d210017a4869c11c44bc4ae} [101 ms] [default] [rows:10 ] SELECT `id`,`avatar`,`name`,`nickname`,`survival_stage`,`nationality`,`achievement`,`gender`,`content`,`if_show` FROM `role` WHERE `if_show`=1 LIMIT 0,10 
2022-07-09 18:12:33.027 [DEBU] {386540208d210017a4869c11c44bc4ae} [ 36 ms] [default] [rows:1  ] SELECT COUNT(1) FROM `role` WHERE `if_show`=1 
2022-07-09 18:13:52.031 [DEBU] {088955879f210017a5869c11d0a665ec} [104 ms] [default] [rows:10 ] SELECT `id`,`avatar`,`name`,`nickname`,`survival_stage`,`nationality`,`achievement`,`gender`,`content`,`if_show` FROM `role` WHERE `if_show`=1 LIMIT 0,10 
2022-07-09 18:13:52.070 [DEBU] {088955879f210017a5869c11d0a665ec} [ 35 ms] [default] [rows:1  ] SELECT COUNT(1) FROM `role` WHERE `if_show`=1 
2022-07-09 18:14:35.052 [DEBU] {189de18ba9210017a6869c11e2799413} [ 99 ms] [default] [rows:10 ] SELECT `id`,`avatar`,`name`,`nickname`,`survival_stage`,`nationality`,`achievement`,`gender`,`content`,`if_show` FROM `role` WHERE `if_show`=1 LIMIT 0,10 
2022-07-09 18:14:35.093 [DEBU] {189de18ba9210017a6869c11e2799413} [ 33 ms] [default] [rows:1  ] SELECT COUNT(1) FROM `role` WHERE `if_show`=1 
2022-07-09 18:15:18.956 [DEBU] {087ba8c4b3210017a7869c1160cc3a62} [101 ms] [default] [rows:10 ] SELECT `id`,`avatar`,`name`,`nickname`,`survival_stage`,`nationality`,`achievement`,`gender`,`content`,`if_show` FROM `role` WHERE `if_show`=1 LIMIT 0,10 
2022-07-09 18:15:18.994 [DEBU] {087ba8c4b3210017a7869c1160cc3a62} [ 36 ms] [default] [rows:1  ] SELECT COUNT(1) FROM `role` WHERE `if_show`=1 
2022-07-09 18:15:20.715 [DEBU] {081e5c31b4210017a8869c110cd3597d} [ 36 ms] [default] [rows:10 ] SELECT `id`,`avatar`,`name`,`nickname`,`survival_stage`,`nationality`,`achievement`,`gender`,`content`,`if_show` FROM `role` WHERE `if_show`=1 LIMIT 0,10 
2022-07-09 18:15:20.756 [DEBU] {081e5c31b4210017a8869c110cd3597d} [ 39 ms] [default] [rows:1  ] SELECT COUNT(1) FROM `role` WHERE `if_show`=1 
2022-07-09 18:16:47.228 [DEBU] {30832652c8210017a9869c116cfe8c68} [ 99 ms] [default] [rows:10 ] SELECT `id`,`avatar`,`name`,`nickname`,`survival_stage`,`nationality`,`achievement`,`gender`,`content`,`if_show` FROM `role` WHERE `if_show`=1 LIMIT 0,10 
2022-07-09 18:16:47.267 [DEBU] {30832652c8210017a9869c116cfe8c68} [ 33 ms] [default] [rows:1  ] SELECT COUNT(1) FROM `role` WHERE `if_show`=1 
2022-07-09 18:16:50.262 [DEBU] {48a24a0ac9210017aa869c110b7b8b7e} [ 44 ms] [default] [rows:10 ] SELECT `id`,`avatar`,`name`,`nickname`,`survival_stage`,`nationality`,`achievement`,`gender`,`content`,`if_show` FROM `role` WHERE `if_show`=1 LIMIT 0,10 
2022-07-09 18:16:50.295 [DEBU] {48a24a0ac9210017aa869c110b7b8b7e} [ 31 ms] [default] [rows:1  ] SELECT COUNT(1) FROM `role` WHERE `if_show`=1 
2022-07-09 18:22:19.629 [DEBU] {c0d9e7b615220017ab869c11f9e2d978} [ 98 ms] [default] [rows:10 ] SELECT `id`,`avatar`,`name`,`nickname`,`survival_stage`,`nationality`,`achievement`,`gender`,`content`,`if_show` FROM `role` WHERE `if_show`=1 LIMIT 0,10 
2022-07-09 18:22:19.666 [DEBU] {c0d9e7b615220017ab869c11f9e2d978} [ 34 ms] [default] [rows:1  ] SELECT COUNT(1) FROM `role` WHERE `if_show`=1 
2022-07-09 18:22:53.830 [DEBU] {c8ad8fad1d220017ac869c11ae280dee} [ 96 ms] [default] [rows:10 ] SELECT `id`,`avatar`,`name`,`nickname`,`survival_stage`,`nationality`,`achievement`,`gender`,`content`,`if_show` FROM `role` WHERE `if_show`=1 LIMIT 0,10 
2022-07-09 18:22:53.869 [DEBU] {c8ad8fad1d220017ac869c11ae280dee} [ 33 ms] [default] [rows:1  ] SELECT COUNT(1) FROM `role` WHERE `if_show`=1 
2022-07-09 18:27:20.071 [DEBU] {e0a675aa5b220017ad869c11f4df499d} [101 ms] [default] [rows:10 ] SELECT `id`,`avatar`,`name`,`nickname`,`survival_stage`,`nationality`,`achievement`,`gender`,`content`,`if_show` FROM `role` WHERE `if_show`=1 LIMIT 0,10 
2022-07-09 18:27:20.106 [DEBU] {e0a675aa5b220017ad869c11f4df499d} [ 33 ms] [default] [rows:1  ] SELECT COUNT(1) FROM `role` WHERE `if_show`=1 
2022-07-09 18:27:52.301 [DEBU] {f09b8d2b63220017ae869c1156933535} [100 ms] [default] [rows:10 ] SELECT `id`,`avatar`,`name`,`nickname`,`survival_stage`,`nationality`,`achievement`,`gender`,`content`,`if_show` FROM `role` WHERE `if_show`=1 LIMIT 0,10 
2022-07-09 18:27:52.343 [DEBU] {f09b8d2b63220017ae869c1156933535} [ 37 ms] [default] [rows:1  ] SELECT COUNT(1) FROM `role` WHERE `if_show`=1 
2022-07-09 18:28:33.263 [DEBU] {b82c10b56c220017af869c1127cf6555} [101 ms] [default] [rows:10 ] SELECT `id`,`avatar`,`name`,`nickname`,`survival_stage`,`nationality`,`achievement`,`gender`,`content`,`if_show` FROM `role` WHERE `if_show`=1 LIMIT 0,10 
2022-07-09 18:28:33.306 [DEBU] {b82c10b56c220017af869c1127cf6555} [ 40 ms] [default] [rows:1  ] SELECT COUNT(1) FROM `role` WHERE `if_show`=1 
2022-07-09 18:29:29.899 [DEBU] {a0a44ae579220017b0869c11902434b7} [ 93 ms] [default] [rows:10 ] SELECT `id`,`avatar`,`name`,`nickname`,`survival_stage`,`nationality`,`achievement`,`gender`,`content`,`if_show` FROM `role` WHERE `if_show`=1 LIMIT 0,10 
2022-07-09 18:29:29.935 [DEBU] {a0a44ae579220017b0869c11902434b7} [ 32 ms] [default] [rows:1  ] SELECT COUNT(1) FROM `role` WHERE `if_show`=1 
2022-07-09 18:29:39.209 [DEBU] {50ff5f137c220017b1869c116400eeeb} [ 40 ms] [default] [rows:10 ] SELECT `id`,`avatar`,`name`,`nickname`,`survival_stage`,`nationality`,`achievement`,`gender`,`content`,`if_show` FROM `role` WHERE `if_show`=1 LIMIT 0,10 
2022-07-09 18:29:39.242 [DEBU] {50ff5f137c220017b1869c116400eeeb} [ 31 ms] [default] [rows:1  ] SELECT COUNT(1) FROM `role` WHERE `if_show`=1 
2022-07-09 18:30:45.506 [DEBU] {98a8ee7e8b220017b2869c11d911b044} [ 96 ms] [default] [rows:10 ] SELECT `id`,`avatar`,`name`,`nickname`,`survival_stage`,`nationality`,`achievement`,`gender`,`content`,`if_show` FROM `role` WHERE `if_show`=1 LIMIT 0,10 
2022-07-09 18:30:45.545 [DEBU] {98a8ee7e8b220017b2869c11d911b044} [ 37 ms] [default] [rows:1  ] SELECT COUNT(1) FROM `role` WHERE `if_show`=1 
2022-07-09 18:31:22.947 [DEBU] {d843763694220017b3869c11c5036fa8} [110 ms] [default] [rows:10 ] SELECT `id`,`avatar`,`name`,`nickname`,`survival_stage`,`nationality`,`achievement`,`gender`,`content`,`if_show` FROM `role` WHERE `if_show`=1 LIMIT 0,10 
2022-07-09 18:31:22.990 [DEBU] {d843763694220017b3869c11c5036fa8} [ 41 ms] [default] [rows:1  ] SELECT COUNT(1) FROM `role` WHERE `if_show`=1 
2022-07-09 18:32:17.179 [DEBU] {50d66dd7a0220017b4869c1181607e67} [102 ms] [default] [rows:10 ] SELECT `id`,`avatar`,`name`,`nickname`,`survival_stage`,`nationality`,`achievement`,`gender`,`content`,`if_show` FROM `role` WHERE `if_show`=1 LIMIT 0,10 
2022-07-09 18:32:17.218 [DEBU] {50d66dd7a0220017b4869c1181607e67} [ 36 ms] [default] [rows:1  ] SELECT COUNT(1) FROM `role` WHERE `if_show`=1 
2022-07-09 18:33:32.372 [DEBU] {a84da159b2220017b5869c11a5198a88} [ 96 ms] [default] [rows:10 ] SELECT `id`,`avatar`,`name`,`nickname`,`survival_stage`,`nationality`,`achievement`,`gender`,`content`,`if_show` FROM `role` WHERE `if_show`=1 LIMIT 0,10 
2022-07-09 18:33:32.416 [DEBU] {a84da159b2220017b5869c11a5198a88} [ 39 ms] [default] [rows:1  ] SELECT COUNT(1) FROM `role` WHERE `if_show`=1 
2022-07-09 18:34:11.759 [DEBU] {882f4185bb220017b6869c11521f4cd5} [ 96 ms] [default] [rows:10 ] SELECT `id`,`avatar`,`name`,`nickname`,`survival_stage`,`nationality`,`achievement`,`gender`,`content`,`if_show` FROM `role` WHERE `if_show`=1 LIMIT 0,10 
2022-07-09 18:34:11.796 [DEBU] {882f4185bb220017b6869c11521f4cd5} [ 34 ms] [default] [rows:1  ] SELECT COUNT(1) FROM `role` WHERE `if_show`=1 
2022-07-09 18:35:03.122 [DEBU] {8852d67ac7220017b7869c118a6311b5} [ 94 ms] [default] [rows:3  ] SELECT `id`,`avatar`,`name`,`nickname`,`survival_stage`,`nationality`,`achievement`,`gender`,`content`,`if_show` FROM `role` WHERE `if_show`=1 LIMIT 0,3 
2022-07-09 18:35:03.157 [DEBU] {8852d67ac7220017b7869c118a6311b5} [ 33 ms] [default] [rows:1  ] SELECT COUNT(1) FROM `role` WHERE `if_show`=1 
2022-07-09 18:35:06.014 [DEBU] {68ba562ac8220017b8869c11cb9146e5} [ 42 ms] [default] [rows:3  ] SELECT `id`,`avatar`,`name`,`nickname`,`survival_stage`,`nationality`,`achievement`,`gender`,`content`,`if_show` FROM `role` WHERE `if_show`=1 LIMIT 0,3 
2022-07-09 18:35:06.050 [DEBU] {68ba562ac8220017b8869c11cb9146e5} [ 34 ms] [default] [rows:1  ] SELECT COUNT(1) FROM `role` WHERE `if_show`=1 
2022-07-09 18:38:04.295 [DEBU] {48a682a9f1220017b9869c119c63a1c8} [ 96 ms] [default] [rows:3  ] SELECT `id`,`avatar`,`name`,`nickname`,`survival_stage`,`nationality`,`achievement`,`gender`,`content`,`if_show` FROM `role` WHERE `if_show`=1 LIMIT 0,3 
2022-07-09 18:38:04.333 [DEBU] {48a682a9f1220017b9869c119c63a1c8} [ 37 ms] [default] [rows:1  ] SELECT COUNT(1) FROM `role` WHERE `if_show`=1 
2022-07-09 18:38:25.707 [DEBU] {206bd2a8f6220017ba869c11394ce46f} [ 45 ms] [default] [rows:3  ] SELECT `id`,`avatar`,`name`,`nickname`,`survival_stage`,`nationality`,`achievement`,`gender`,`content`,`if_show` FROM `role` WHERE `if_show`=1 LIMIT 0,3 
2022-07-09 18:38:25.744 [DEBU] {206bd2a8f6220017ba869c11394ce46f} [ 35 ms] [default] [rows:1  ] SELECT COUNT(1) FROM `role` WHERE `if_show`=1 
2022-07-09 18:39:41.034 [DEBU] {30c0482f08230017bb869c11a7704241} [101 ms] [default] [rows:3  ] SELECT `id`,`avatar`,`name`,`nickname`,`survival_stage`,`nationality`,`achievement`,`gender`,`content`,`if_show` FROM `role` WHERE `if_show`=1 LIMIT 0,3 
2022-07-09 18:39:41.071 [DEBU] {30c0482f08230017bb869c11a7704241} [ 36 ms] [default] [rows:1  ] SELECT COUNT(1) FROM `role` WHERE `if_show`=1 
2022-07-09 18:39:50.568 [DEBU] {f81e626a0a230017bc869c1136eb0eb6} [ 46 ms] [default] [rows:3  ] SELECT `id`,`avatar`,`name`,`nickname`,`survival_stage`,`nationality`,`achievement`,`gender`,`content`,`if_show` FROM `role` WHERE `if_show`=1 LIMIT 0,3 
2022-07-09 18:39:50.603 [DEBU] {f81e626a0a230017bc869c1136eb0eb6} [ 34 ms] [default] [rows:1  ] SELECT COUNT(1) FROM `role` WHERE `if_show`=1 
2022-07-09 18:40:11.882 [DEBU] {50c3ee5e0f230017bd869c11f9abff08} [ 85 ms] [default] [rows:3  ] SELECT `id`,`avatar`,`name`,`nickname`,`survival_stage`,`nationality`,`achievement`,`gender`,`content`,`if_show` FROM `role` WHERE `if_show`=1 LIMIT 0,3 
2022-07-09 18:40:11.918 [DEBU] {50c3ee5e0f230017bd869c11f9abff08} [ 34 ms] [default] [rows:1  ] SELECT COUNT(1) FROM `role` WHERE `if_show`=1 
2022-07-09 18:40:15.758 [DEBU] {a074584810230017be869c11cd49ee6e} [ 45 ms] [default] [rows:3  ] SELECT `id`,`avatar`,`name`,`nickname`,`survival_stage`,`nationality`,`achievement`,`gender`,`content`,`if_show` FROM `role` WHERE `if_show`=1 LIMIT 0,3 
2022-07-09 18:40:15.792 [DEBU] {a074584810230017be869c11cd49ee6e} [ 33 ms] [default] [rows:1  ] SELECT COUNT(1) FROM `role` WHERE `if_show`=1 
2022-07-09 18:41:01.664 [DEBU] {9072bbf11a230017bf869c1174f667e0} [117 ms] [default] [rows:3  ] SELECT `id`,`avatar`,`name`,`nickname`,`survival_stage`,`nationality`,`achievement`,`gender`,`content`,`if_show` FROM `role` WHERE `if_show`=1 LIMIT 0,3 
2022-07-09 18:41:01.715 [DEBU] {9072bbf11a230017bf869c1174f667e0} [ 50 ms] [default] [rows:1  ] SELECT COUNT(1) FROM `role` WHERE `if_show`=1 
2022-07-09 18:41:02.932 [DEBU] {707cde431b230017c0869c11f4aa4281} [ 49 ms] [default] [rows:3  ] SELECT `id`,`avatar`,`name`,`nickname`,`survival_stage`,`nationality`,`achievement`,`gender`,`content`,`if_show` FROM `role` WHERE `if_show`=1 LIMIT 0,3 
2022-07-09 18:41:02.975 [DEBU] {707cde431b230017c0869c11f4aa4281} [ 42 ms] [default] [rows:1  ] SELECT COUNT(1) FROM `role` WHERE `if_show`=1 
2022-07-09 18:41:08.326 [DEBU] {e0fd40851c230017c1869c11952ac82b} [ 51 ms] [default] [rows:3  ] SELECT `id`,`avatar`,`name`,`nickname`,`survival_stage`,`nationality`,`achievement`,`gender`,`content`,`if_show` FROM `role` WHERE `if_show`=1 LIMIT 6,3 
2022-07-09 18:41:08.374 [DEBU] {e0fd40851c230017c1869c11952ac82b} [ 44 ms] [default] [rows:1  ] SELECT COUNT(1) FROM `role` WHERE `if_show`=1 
2022-07-09 19:06:31.443 [DEBU] {28dcd1237f240017c2869c11fd76953c} [ 90 ms] [default] [rows:3  ] SELECT `id`,`avatar`,`name`,`nickname`,`survival_stage`,`nationality`,`achievement`,`gender`,`content`,`if_show` FROM `role` WHERE `if_show`=1 LIMIT 0,3 
2022-07-09 19:06:31.481 [DEBU] {28dcd1237f240017c2869c11fd76953c} [ 36 ms] [default] [rows:1  ] SELECT COUNT(1) FROM `role` WHERE `if_show`=1 
2022-07-09 22:59:32.288 [DEBU] {98bc334e36310017c3869c11034516c5} [ 93 ms] [default] [rows:3  ] SELECT `id`,`avatar`,`name`,`nickname`,`survival_stage`,`nationality`,`achievement`,`gender`,`content`,`if_show` FROM `role` WHERE `if_show`=1 LIMIT 0,3 
2022-07-09 22:59:32.327 [DEBU] {98bc334e36310017c3869c11034516c5} [ 38 ms] [default] [rows:1  ] SELECT COUNT(1) FROM `role` WHERE `if_show`=1 
2022-07-09 23:01:24.232 [DEBU] {e0ce8b5e50310017c4869c11d1e23a1e} [106 ms] [default] [rows:3  ] SELECT `id`,`avatar`,`name`,`nickname`,`survival_stage`,`nationality`,`achievement`,`gender`,`content`,`if_show` FROM `role` WHERE `if_show`=1 LIMIT 0,3 
2022-07-09 23:01:24.272 [DEBU] {e0ce8b5e50310017c4869c11d1e23a1e} [ 39 ms] [default] [rows:1  ] SELECT COUNT(1) FROM `role` WHERE `if_show`=1 
2022-07-09 23:03:20.409 [DEBU] {38e2016c6b310017c5869c11be4ca06b} [ 93 ms] [default] [rows:3  ] SELECT `id`,`avatar`,`name`,`nickname`,`survival_stage`,`nationality`,`achievement`,`gender`,`content`,`if_show` FROM `role` WHERE `if_show`=1 LIMIT 0,3 
2022-07-09 23:03:20.444 [DEBU] {38e2016c6b310017c5869c11be4ca06b} [ 34 ms] [default] [rows:1  ] SELECT COUNT(1) FROM `role` WHERE `if_show`=1 
2022-07-09 23:03:20.732 [DEBU] {006bbd826b310017c6869c11a87acf2d} [ 35 ms] [default] [rows:3  ] SELECT `id`,`avatar`,`name`,`nickname`,`survival_stage`,`nationality`,`achievement`,`gender`,`content`,`if_show` FROM `role` WHERE `if_show`=1 LIMIT 0,3 
2022-07-09 23:03:20.768 [DEBU] {006bbd826b310017c6869c11a87acf2d} [ 35 ms] [default] [rows:1  ] SELECT COUNT(1) FROM `role` WHERE `if_show`=1 
2022-07-09 23:05:43.264 [DEBU] {287e43af8c310017c7869c1144a6174a} [ 85 ms] [default] [rows:3  ] SELECT `id`,`avatar`,`name`,`nickname`,`survival_stage`,`nationality`,`achievement`,`gender`,`content`,`if_show` FROM `role` WHERE `if_show`=1 LIMIT 0,3 
2022-07-09 23:05:43.304 [DEBU] {287e43af8c310017c7869c1144a6174a} [ 33 ms] [default] [rows:1  ] SELECT COUNT(1) FROM `role` WHERE `if_show`=1 
2022-07-09 23:06:52.313 [DEBU] {50ee87c29c310017c8869c1179772baa} [ 92 ms] [default] [rows:3  ] SELECT `id`,`avatar`,`name`,`nickname`,`survival_stage`,`nationality`,`achievement`,`gender`,`content`,`if_show` FROM `role` WHERE `if_show`=1 LIMIT 0,3 
2022-07-09 23:06:52.351 [DEBU] {50ee87c29c310017c8869c1179772baa} [ 36 ms] [default] [rows:1  ] SELECT COUNT(1) FROM `role` WHERE `if_show`=1 
2022-07-09 23:08:14.716 [DEBU] {c81ac9f1af310017c9869c111a9cd9ec} [ 98 ms] [default] [rows:3  ] SELECT `id`,`avatar`,`name`,`nickname`,`survival_stage`,`nationality`,`achievement`,`gender`,`content`,`if_show` FROM `role` WHERE `if_show`=1 LIMIT 0,3 
2022-07-09 23:08:14.754 [DEBU] {c81ac9f1af310017c9869c111a9cd9ec} [ 36 ms] [default] [rows:1  ] SELECT COUNT(1) FROM `role` WHERE `if_show`=1 
2022-07-09 23:08:42.542 [DEBU] {48a41770b6310017ca869c1119e56065} [ 35 ms] [default] [rows:3  ] SELECT `id`,`avatar`,`name`,`nickname`,`survival_stage`,`nationality`,`achievement`,`gender`,`content`,`if_show` FROM `role` WHERE `if_show`=1 LIMIT 0,3 
2022-07-09 23:08:42.582 [DEBU] {48a41770b6310017ca869c1119e56065} [ 37 ms] [default] [rows:1  ] SELECT COUNT(1) FROM `role` WHERE `if_show`=1 
2022-07-09 23:09:10.623 [DEBU] {c0d69ef6bc310017cb869c11b5994d9d} [ 89 ms] [default] [rows:3  ] SELECT `id`,`avatar`,`name`,`nickname`,`survival_stage`,`nationality`,`achievement`,`gender`,`content`,`if_show` FROM `role` WHERE `if_show`=1 LIMIT 0,3 
2022-07-09 23:09:10.657 [DEBU] {c0d69ef6bc310017cb869c11b5994d9d} [ 33 ms] [default] [rows:1  ] SELECT COUNT(1) FROM `role` WHERE `if_show`=1 
2022-07-09 23:09:26.151 [DEBU] {504dea96c0310017cc869c11aefe6c36} [ 43 ms] [default] [rows:3  ] SELECT `id`,`avatar`,`name`,`nickname`,`survival_stage`,`nationality`,`achievement`,`gender`,`content`,`if_show` FROM `role` WHERE `if_show`=1 LIMIT 0,3 
2022-07-09 23:09:26.186 [DEBU] {504dea96c0310017cc869c11aefe6c36} [ 34 ms] [default] [rows:1  ] SELECT COUNT(1) FROM `role` WHERE `if_show`=1 
2022-07-09 23:09:50.646 [DEBU] {a05d8446c6310017cd869c115c69484e} [117 ms] [default] [rows:3  ] SELECT `id`,`avatar`,`name`,`nickname`,`survival_stage`,`nationality`,`achievement`,`gender`,`content`,`if_show` FROM `role` WHERE `if_show`=1 LIMIT 0,3 
2022-07-09 23:09:50.682 [DEBU] {a05d8446c6310017cd869c115c69484e} [ 35 ms] [default] [rows:1  ] SELECT COUNT(1) FROM `role` WHERE `if_show`=1 
2022-07-09 23:10:19.457 [DEBU] {50455400cd310017ce869c1126a1c672} [ 41 ms] [default] [rows:3  ] SELECT `id`,`avatar`,`name`,`nickname`,`survival_stage`,`nationality`,`achievement`,`gender`,`content`,`if_show` FROM `role` WHERE `if_show`=1 LIMIT 0,3 
2022-07-09 23:10:19.492 [DEBU] {50455400cd310017ce869c1126a1c672} [ 34 ms] [default] [rows:1  ] SELECT COUNT(1) FROM `role` WHERE `if_show`=1 
2022-07-09 23:11:14.586 [DEBU] {001f59d3d9310017cf869c11c6e7cb71} [ 89 ms] [default] [rows:3  ] SELECT `id`,`avatar`,`name`,`nickname`,`survival_stage`,`nationality`,`achievement`,`gender`,`content`,`if_show` FROM `role` WHERE `if_show`=1 LIMIT 0,3 
2022-07-09 23:11:14.632 [DEBU] {001f59d3d9310017cf869c11c6e7cb71} [ 37 ms] [default] [rows:1  ] SELECT COUNT(1) FROM `role` WHERE `if_show`=1 
2022-07-09 23:11:38.995 [DEBU] {207f5e84df310017d0869c114a1d1563} [ 47 ms] [default] [rows:3  ] SELECT `id`,`avatar`,`name`,`nickname`,`survival_stage`,`nationality`,`achievement`,`gender`,`content`,`if_show` FROM `role` WHERE `if_show`=1 LIMIT 0,3 
2022-07-09 23:11:39.032 [DEBU] {207f5e84df310017d0869c114a1d1563} [ 35 ms] [default] [rows:1  ] SELECT COUNT(1) FROM `role` WHERE `if_show`=1 
2022-07-09 23:11:53.491 [DEBU] {683393e1e2310017d1869c113f0c7372} [101 ms] [default] [rows:3  ] SELECT `id`,`avatar`,`name`,`nickname`,`survival_stage`,`nationality`,`achievement`,`gender`,`content`,`if_show` FROM `role` WHERE `if_show`=1 LIMIT 0,3 
2022-07-09 23:11:53.530 [DEBU] {683393e1e2310017d1869c113f0c7372} [ 35 ms] [default] [rows:1  ] SELECT COUNT(1) FROM `role` WHERE `if_show`=1 
2022-07-09 23:11:57.846 [DEBU] {1818a6e8e3310017d2869c1181c7880e} [ 43 ms] [default] [rows:3  ] SELECT `id`,`avatar`,`name`,`nickname`,`survival_stage`,`nationality`,`achievement`,`gender`,`content`,`if_show` FROM `role` WHERE `if_show`=1 LIMIT 0,3 
2022-07-09 23:11:57.882 [DEBU] {1818a6e8e3310017d2869c1181c7880e} [ 35 ms] [default] [rows:1  ] SELECT COUNT(1) FROM `role` WHERE `if_show`=1 
2022-07-09 23:12:01.598 [DEBU] {40a7b3c8e4310017d3869c1161c98868} [ 36 ms] [default] [rows:3  ] SELECT `id`,`avatar`,`name`,`nickname`,`survival_stage`,`nationality`,`achievement`,`gender`,`content`,`if_show` FROM `role` WHERE `if_show`=1 LIMIT 0,3 
2022-07-09 23:12:01.638 [DEBU] {40a7b3c8e4310017d3869c1161c98868} [ 39 ms] [default] [rows:1  ] SELECT COUNT(1) FROM `role` WHERE `if_show`=1 
2022-07-09 23:12:07.290 [DEBU] {c04dd41be6310017d4869c111b556185} [ 38 ms] [default] [rows:3  ] SELECT `id`,`avatar`,`name`,`nickname`,`survival_stage`,`nationality`,`achievement`,`gender`,`content`,`if_show` FROM `role` WHERE `if_show`=1 LIMIT 0,3 
2022-07-09 23:12:07.326 [DEBU] {c04dd41be6310017d4869c111b556185} [ 35 ms] [default] [rows:1  ] SELECT COUNT(1) FROM `role` WHERE `if_show`=1 
2022-07-09 23:12:10.567 [DEBU] {a0dac1dee6310017d5869c11aa465e3b} [ 44 ms] [default] [rows:3  ] SELECT `id`,`avatar`,`name`,`nickname`,`survival_stage`,`nationality`,`achievement`,`gender`,`content`,`if_show` FROM `role` WHERE `if_show`=1 LIMIT 0,3 
2022-07-09 23:12:10.606 [DEBU] {a0dac1dee6310017d5869c11aa465e3b} [ 35 ms] [default] [rows:1  ] SELECT COUNT(1) FROM `role` WHERE `if_show`=1 
2022-07-09 23:16:14.008 [DEBU] {98fa84891f320017d6869c1151e6391a} [103 ms] [default] [rows:3  ] SELECT `id`,`avatar`,`name`,`nickname`,`survival_stage`,`nationality`,`achievement`,`gender`,`content`,`if_show` FROM `role` WHERE `if_show`=1 LIMIT 0,3 
2022-07-09 23:16:14.050 [DEBU] {98fa84891f320017d6869c1151e6391a} [ 40 ms] [default] [rows:1  ] SELECT COUNT(1) FROM `role` WHERE `if_show`=1 
2022-07-09 23:17:15.281 [DEBU] {60d629ce2d320017d7869c1102f8b0cc} [ 94 ms] [default] [rows:3  ] SELECT `id`,`avatar`,`name`,`nickname`,`survival_stage`,`nationality`,`achievement`,`gender`,`content`,`if_show` FROM `role` WHERE `if_show`=1 LIMIT 0,3 
2022-07-09 23:17:15.323 [DEBU] {60d629ce2d320017d7869c1102f8b0cc} [ 35 ms] [default] [rows:1  ] SELECT COUNT(1) FROM `role` WHERE `if_show`=1 
2022-07-09 23:17:19.919 [DEBU] {a8bef4e52e320017d8869c113c0a7590} [ 39 ms] [default] [rows:3  ] SELECT `id`,`avatar`,`name`,`nickname`,`survival_stage`,`nationality`,`achievement`,`gender`,`content`,`if_show` FROM `role` WHERE `if_show`=1 LIMIT 0,3 
2022-07-09 23:17:19.953 [DEBU] {a8bef4e52e320017d8869c113c0a7590} [ 34 ms] [default] [rows:1  ] SELECT COUNT(1) FROM `role` WHERE `if_show`=1 
2022-07-09 23:17:57.812 [DEBU] {681a01b537320017d9869c114682293c} [ 98 ms] [default] [rows:3  ] SELECT `id`,`avatar`,`name`,`nickname`,`survival_stage`,`nationality`,`achievement`,`gender`,`content`,`if_show` FROM `role` WHERE `if_show`=1 LIMIT 0,3 
2022-07-09 23:17:57.853 [DEBU] {681a01b537320017d9869c114682293c} [ 37 ms] [default] [rows:1  ] SELECT COUNT(1) FROM `role` WHERE `if_show`=1 
2022-07-09 23:18:02.530 [DEBU] {0863e1d138320017da869c119a436b99} [ 37 ms] [default] [rows:3  ] SELECT `id`,`avatar`,`name`,`nickname`,`survival_stage`,`nationality`,`achievement`,`gender`,`content`,`if_show` FROM `role` WHERE `if_show`=1 LIMIT 0,3 
2022-07-09 23:18:02.575 [DEBU] {0863e1d138320017da869c119a436b99} [ 43 ms] [default] [rows:1  ] SELECT COUNT(1) FROM `role` WHERE `if_show`=1 
2022-07-09 23:18:34.093 [DEBU] {40dbf12740320017db869c11d38b65aa} [ 91 ms] [default] [rows:3  ] SELECT `id`,`avatar`,`name`,`nickname`,`survival_stage`,`nationality`,`achievement`,`gender`,`content`,`if_show` FROM `role` WHERE `if_show`=1 LIMIT 0,3 
2022-07-09 23:18:34.127 [DEBU] {40dbf12740320017db869c11d38b65aa} [ 32 ms] [default] [rows:1  ] SELECT COUNT(1) FROM `role` WHERE `if_show`=1 
2022-07-09 23:18:35.919 [DEBU] {08a8d39740320017dc869c1186b4328c} [ 40 ms] [default] [rows:3  ] SELECT `id`,`avatar`,`name`,`nickname`,`survival_stage`,`nationality`,`achievement`,`gender`,`content`,`if_show` FROM `role` WHERE `if_show`=1 LIMIT 0,3 
2022-07-09 23:18:35.954 [DEBU] {08a8d39740320017dc869c1186b4328c} [ 34 ms] [default] [rows:1  ] SELECT COUNT(1) FROM `role` WHERE `if_show`=1 
2022-07-09 23:19:08.869 [DEBU] {50aa1a4048320017dd869c11fbd09e17} [100 ms] [default] [rows:3  ] SELECT `id`,`avatar`,`name`,`nickname`,`survival_stage`,`nationality`,`achievement`,`gender`,`content`,`if_show` FROM `role` WHERE `if_show`=1 LIMIT 0,3 
2022-07-09 23:19:08.906 [DEBU] {50aa1a4048320017dd869c11fbd09e17} [ 35 ms] [default] [rows:1  ] SELECT COUNT(1) FROM `role` WHERE `if_show`=1 
2022-07-09 23:19:14.754 [DEBU] {f80770a249320017de869c11bbbf6228} [ 42 ms] [default] [rows:3  ] SELECT `id`,`avatar`,`name`,`nickname`,`survival_stage`,`nationality`,`achievement`,`gender`,`content`,`if_show` FROM `role` WHERE `if_show`=1 LIMIT 0,3 
2022-07-09 23:19:14.791 [DEBU] {f80770a249320017de869c11bbbf6228} [ 36 ms] [default] [rows:1  ] SELECT COUNT(1) FROM `role` WHERE `if_show`=1 
2022-07-09 23:19:52.738 [DEBU] {4033107752320017df869c114aaf7a63} [ 99 ms] [default] [rows:3  ] SELECT `id`,`avatar`,`name`,`nickname`,`survival_stage`,`nationality`,`achievement`,`gender`,`content`,`if_show` FROM `role` WHERE `if_show`=1 LIMIT 0,3 
2022-07-09 23:19:52.775 [DEBU] {4033107752320017df869c114aaf7a63} [ 34 ms] [default] [rows:1  ] SELECT COUNT(1) FROM `role` WHERE `if_show`=1 
2022-07-09 23:20:32.989 [DEBU] {00609dd55b320017e0869c115c226436} [108 ms] [default] [rows:3  ] SELECT `id`,`avatar`,`name`,`nickname`,`survival_stage`,`nationality`,`achievement`,`gender`,`content`,`if_show` FROM `role` WHERE `if_show`=1 LIMIT 0,3 
2022-07-09 23:20:33.035 [DEBU] {00609dd55b320017e0869c115c226436} [ 45 ms] [default] [rows:1  ] SELECT COUNT(1) FROM `role` WHERE `if_show`=1 
2022-07-09 23:21:06.736 [DEBU] {b80f8eb163320017e1869c119af05bc7} [101 ms] [default] [rows:3  ] SELECT `id`,`avatar`,`name`,`nickname`,`survival_stage`,`nationality`,`achievement`,`gender`,`content`,`if_show` FROM `role` WHERE `if_show`=1 LIMIT 0,3 
2022-07-09 23:21:06.775 [DEBU] {b80f8eb163320017e1869c119af05bc7} [ 37 ms] [default] [rows:1  ] SELECT COUNT(1) FROM `role` WHERE `if_show`=1 
2022-07-09 23:21:20.266 [DEBU] {f8ba5cdb66320017e2869c115f517c7d} [ 44 ms] [default] [rows:3  ] SELECT `id`,`avatar`,`name`,`nickname`,`survival_stage`,`nationality`,`achievement`,`gender`,`content`,`if_show` FROM `role` WHERE `if_show`=1 LIMIT 0,3 
2022-07-09 23:21:20.307 [DEBU] {f8ba5cdb66320017e2869c115f517c7d} [ 40 ms] [default] [rows:1  ] SELECT COUNT(1) FROM `role` WHERE `if_show`=1 
2022-07-09 23:21:37.137 [DEBU] {30bb80c66a320017e3869c11d0760a50} [ 86 ms] [default] [rows:3  ] SELECT `id`,`avatar`,`name`,`nickname`,`survival_stage`,`nationality`,`achievement`,`gender`,`content`,`if_show` FROM `role` WHERE `if_show`=1 LIMIT 0,3 
2022-07-09 23:21:37.176 [DEBU] {30bb80c66a320017e3869c11d0760a50} [ 33 ms] [default] [rows:1  ] SELECT COUNT(1) FROM `role` WHERE `if_show`=1 
2022-07-09 23:23:47.330 [DEBU] {80fe061689320017e4869c1135a80307} [ 96 ms] [default] [rows:3  ] SELECT `id`,`avatar`,`name`,`nickname`,`survival_stage`,`nationality`,`achievement`,`gender`,`content`,`if_show` FROM `role` WHERE `if_show`=1 LIMIT 0,3 
2022-07-09 23:23:47.369 [DEBU] {80fe061689320017e4869c1135a80307} [ 37 ms] [default] [rows:1  ] SELECT COUNT(1) FROM `role` WHERE `if_show`=1 
2022-07-09 23:24:11.116 [DEBU] {4886caa28e320017e5869c11e373acc2} [ 44 ms] [default] [rows:3  ] SELECT `id`,`avatar`,`name`,`nickname`,`survival_stage`,`nationality`,`achievement`,`gender`,`content`,`if_show` FROM `role` WHERE `if_show`=1 LIMIT 0,3 
2022-07-09 23:24:11.154 [DEBU] {4886caa28e320017e5869c11e373acc2} [ 38 ms] [default] [rows:1  ] SELECT COUNT(1) FROM `role` WHERE `if_show`=1 
2022-07-09 23:24:23.884 [DEBU] {3808127d91320017e6869c118791eb71} [560 ms] [default] [rows:3  ] SELECT `id`,`avatar`,`name`,`nickname`,`survival_stage`,`nationality`,`achievement`,`gender`,`content`,`if_show` FROM `role` WHERE `if_show`=1 LIMIT 0,3 
2022-07-09 23:24:24.053 [DEBU] {3808127d91320017e6869c118791eb71} [168 ms] [default] [rows:1  ] SELECT COUNT(1) FROM `role` WHERE `if_show`=1 
2022-07-09 23:24:39.081 [DEBU] {98c4762595320017e7869c11bb2e739e} [ 41 ms] [default] [rows:3  ] SELECT `id`,`avatar`,`name`,`nickname`,`survival_stage`,`nationality`,`achievement`,`gender`,`content`,`if_show` FROM `role` WHERE `if_show`=1 LIMIT 0,3 
2022-07-09 23:24:39.118 [DEBU] {98c4762595320017e7869c11bb2e739e} [ 36 ms] [default] [rows:1  ] SELECT COUNT(1) FROM `role` WHERE `if_show`=1 
2022-07-09 23:24:43.098 [DEBU] {80bf751596320017e8869c117f413128} [ 38 ms] [default] [rows:3  ] SELECT `id`,`avatar`,`name`,`nickname`,`survival_stage`,`nationality`,`achievement`,`gender`,`content`,`if_show` FROM `role` WHERE `if_show`=1 LIMIT 0,3 
2022-07-09 23:24:43.133 [DEBU] {80bf751596320017e8869c117f413128} [ 35 ms] [default] [rows:1  ] SELECT COUNT(1) FROM `role` WHERE `if_show`=1 
2022-07-09 23:24:59.282 [DEBU] {7819f6d599320017e9869c1170350c24} [102 ms] [default] [rows:3  ] SELECT `id`,`avatar`,`name`,`nickname`,`survival_stage`,`nationality`,`achievement`,`gender`,`content`,`if_show` FROM `role` WHERE `if_show`=1 LIMIT 0,3 
2022-07-09 23:24:59.321 [DEBU] {7819f6d599320017e9869c1170350c24} [ 37 ms] [default] [rows:1  ] SELECT COUNT(1) FROM `role` WHERE `if_show`=1 
2022-07-09 23:25:31.736 [DEBU] {c09a2c65a1320017ea869c11c49f868e} [ 94 ms] [default] [rows:3  ] SELECT `id`,`avatar`,`name`,`nickname`,`survival_stage`,`nationality`,`achievement`,`gender`,`content`,`if_show` FROM `role` WHERE `if_show`=1 LIMIT 0,3 
2022-07-09 23:25:31.770 [DEBU] {c09a2c65a1320017ea869c11c49f868e} [ 32 ms] [default] [rows:1  ] SELECT COUNT(1) FROM `role` WHERE `if_show`=1 
2022-07-09 23:26:17.756 [DEBU] {1840c31bac320017eb869c111e12348c} [101 ms] [default] [rows:3  ] SELECT `id`,`avatar`,`name`,`nickname`,`survival_stage`,`nationality`,`achievement`,`gender`,`content`,`if_show` FROM `role` WHERE `if_show`=1 LIMIT 0,3 
2022-07-09 23:26:17.795 [DEBU] {1840c31bac320017eb869c111e12348c} [ 36 ms] [default] [rows:1  ] SELECT COUNT(1) FROM `role` WHERE `if_show`=1 
2022-07-09 23:27:17.880 [DEBU] {a82d561bba320017ec869c117208d6c7} [103 ms] [default] [rows:3  ] SELECT `id`,`avatar`,`name`,`nickname`,`survival_stage`,`nationality`,`achievement`,`gender`,`content`,`if_show` FROM `role` WHERE `if_show`=1 LIMIT 0,3 
2022-07-09 23:27:17.924 [DEBU] {a82d561bba320017ec869c117208d6c7} [ 37 ms] [default] [rows:1  ] SELECT COUNT(1) FROM `role` WHERE `if_show`=1 
2022-07-09 23:28:00.739 [DEBU] {1860bd16c4320017ed869c11d5a015d7} [ 90 ms] [default] [rows:3  ] SELECT `id`,`avatar`,`name`,`nickname`,`survival_stage`,`nationality`,`achievement`,`gender`,`content`,`if_show` FROM `role` WHERE `if_show`=1 LIMIT 0,3 
2022-07-09 23:28:00.782 [DEBU] {1860bd16c4320017ed869c11d5a015d7} [ 42 ms] [default] [rows:1  ] SELECT COUNT(1) FROM `role` WHERE `if_show`=1 
2022-07-09 23:28:02.119 [DEBU] {78ade26bc4320017ee869c11bb59653c} [ 40 ms] [default] [rows:3  ] SELECT `id`,`avatar`,`name`,`nickname`,`survival_stage`,`nationality`,`achievement`,`gender`,`content`,`if_show` FROM `role` WHERE `if_show`=1 LIMIT 0,3 
2022-07-09 23:28:02.154 [DEBU] {78ade26bc4320017ee869c11bb59653c} [ 35 ms] [default] [rows:1  ] SELECT COUNT(1) FROM `role` WHERE `if_show`=1 
2022-07-09 23:28:04.474 [DEBU] {b82a9df8c4320017ef869c111700b6b0} [ 35 ms] [default] [rows:0  ] SELECT `id`,`avatar`,`name`,`nickname`,`survival_stage`,`nationality`,`achievement`,`gender`,`content`,`if_show` FROM `role` WHERE (`if_show`=1) AND (`name` LIKE '%aaa%') OR (`nickname` LIKE '%aaa%') LIMIT 0,3 
2022-07-09 23:28:07.889 [DEBU] {582faac3c5320017f0869c11c4368331} [ 44 ms] [default] [rows:3  ] SELECT `id`,`avatar`,`name`,`nickname`,`survival_stage`,`nationality`,`achievement`,`gender`,`content`,`if_show` FROM `role` WHERE `if_show`=1 LIMIT 0,3 
2022-07-09 23:28:07.923 [DEBU] {582faac3c5320017f0869c11c4368331} [ 33 ms] [default] [rows:1  ] SELECT COUNT(1) FROM `role` WHERE `if_show`=1 
2022-07-09 23:29:24.900 [DEBU] {602127aed7320017f1869c11b99313cd} [ 98 ms] [default] [rows:3  ] SELECT `id`,`avatar`,`name`,`nickname`,`survival_stage`,`nationality`,`achievement`,`gender`,`content`,`if_show` FROM `role` WHERE `if_show`=1 LIMIT 0,3 
2022-07-09 23:29:24.940 [DEBU] {602127aed7320017f1869c11b99313cd} [ 39 ms] [default] [rows:1  ] SELECT COUNT(1) FROM `role` WHERE `if_show`=1 
2022-07-09 23:30:20.008 [DEBU] {f0f66683e4320017f2869c118d2d9d99} [ 97 ms] [default] [rows:3  ] SELECT `id`,`avatar`,`name`,`nickname`,`survival_stage`,`nationality`,`achievement`,`gender`,`content`,`if_show` FROM `role` WHERE `if_show`=1 LIMIT 0,3 
2022-07-09 23:30:20.045 [DEBU] {f0f66683e4320017f2869c118d2d9d99} [ 35 ms] [default] [rows:1  ] SELECT COUNT(1) FROM `role` WHERE `if_show`=1 
2022-07-09 23:30:24.601 [DEBU] {f8013998e5320017f3869c11c10ebc73} [ 45 ms] [default] [rows:3  ] SELECT `id`,`avatar`,`name`,`nickname`,`survival_stage`,`nationality`,`achievement`,`gender`,`content`,`if_show` FROM `role` WHERE `if_show`=1 LIMIT 0,3 
2022-07-09 23:30:24.637 [DEBU] {f8013998e5320017f3869c11c10ebc73} [ 35 ms] [default] [rows:1  ] SELECT COUNT(1) FROM `role` WHERE `if_show`=1 
2022-07-09 23:30:37.471 [DEBU] {c835a296e8320017f4869c11f835f127} [ 51 ms] [default] [rows:3  ] SELECT `id`,`avatar`,`name`,`nickname`,`survival_stage`,`nationality`,`achievement`,`gender`,`content`,`if_show` FROM `role` WHERE `if_show`=1 LIMIT 0,3 
2022-07-09 23:30:37.512 [DEBU] {c835a296e8320017f4869c11f835f127} [ 40 ms] [default] [rows:1  ] SELECT COUNT(1) FROM `role` WHERE `if_show`=1 
2022-07-09 23:30:38.706 [DEBU] {b8ddf6e0e8320017f5869c11e4e529a2} [ 45 ms] [default] [rows:3  ] SELECT `id`,`avatar`,`name`,`nickname`,`survival_stage`,`nationality`,`achievement`,`gender`,`content`,`if_show` FROM `role` WHERE `if_show`=1 LIMIT 0,3 
2022-07-09 23:30:38.742 [DEBU] {b8ddf6e0e8320017f5869c11e4e529a2} [ 35 ms] [default] [rows:1  ] SELECT COUNT(1) FROM `role` WHERE `if_show`=1 
2022-07-09 23:30:40.254 [DEBU] {20a0013de9320017f6869c1132995793} [ 49 ms] [default] [rows:0  ] SELECT `id`,`avatar`,`name`,`nickname`,`survival_stage`,`nationality`,`achievement`,`gender`,`content`,`if_show` FROM `role` WHERE (`if_show`=1) AND (`name` LIKE '%111%') OR (`nickname` LIKE '%111%') LIMIT 0,3 
2022-07-09 23:34:56.295 [DEBU] {b06cacd6243300173d92b579ad6957b6} [ 96 ms] [default] [rows:13 ] SHOW FULL COLUMNS FROM `role` 
2022-07-09 23:34:56.352 [DEBU] {b06cacd6243300173d92b579ad6957b6} [ 54 ms] [default] [rows:3  ] SELECT `id`,`avatar`,`name`,`nickname`,`survival_stage`,`nationality`,`achievement`,`gender`,`content`,`if_show` FROM `role` WHERE `if_show`=1 LIMIT 0,3 
2022-07-09 23:34:56.389 [DEBU] {b06cacd6243300173d92b579ad6957b6} [ 36 ms] [default] [rows:1  ] SELECT COUNT(1) FROM `role` WHERE `if_show`=1 
2022-07-09 23:35:05.084 [DEBU] {408f24e6263300173e92b57945de5836} [ 47 ms] [default] [rows:3  ] SELECT `id`,`avatar`,`name`,`nickname`,`survival_stage`,`nationality`,`achievement`,`gender`,`content`,`if_show` FROM `role` WHERE `if_show`=1 LIMIT 0,3 
2022-07-09 23:35:05.119 [DEBU] {408f24e6263300173e92b57945de5836} [ 34 ms] [default] [rows:1  ] SELECT COUNT(1) FROM `role` WHERE `if_show`=1 
2022-07-09 23:35:08.414 [DEBU] {106ed1ac273300173f92b579c738ec23} [ 45 ms] [default] [rows:3  ] SELECT `id`,`avatar`,`name`,`nickname`,`survival_stage`,`nationality`,`achievement`,`gender`,`content`,`if_show` FROM `role` WHERE `if_show`=1 LIMIT 0,3 
2022-07-09 23:35:08.451 [DEBU] {106ed1ac273300173f92b579c738ec23} [ 36 ms] [default] [rows:1  ] SELECT COUNT(1) FROM `role` WHERE `if_show`=1 
2022-07-09 23:35:09.578 [DEBU] {789056f2273300174092b5796ff59a56} [ 42 ms] [default] [rows:0  ] SELECT `id`,`avatar`,`name`,`nickname`,`survival_stage`,`nationality`,`achievement`,`gender`,`content`,`if_show` FROM `role` WHERE (`if_show`=1) AND (`name` LIKE '%sss%') OR (`nickname` LIKE '%sss%') LIMIT 0,3 
2022-07-09 23:36:01.424 [DEBU] {10663c01343300174192b579324a9411} [ 99 ms] [default] [rows:3  ] SELECT `id`,`avatar`,`name`,`nickname`,`survival_stage`,`nationality`,`achievement`,`gender`,`content`,`if_show` FROM `role` WHERE `if_show`=1 LIMIT 0,3 
2022-07-09 23:36:01.469 [DEBU] {10663c01343300174192b579324a9411} [ 39 ms] [default] [rows:1  ] SELECT COUNT(1) FROM `role` WHERE `if_show`=1 
2022-07-09 23:39:05.047 [DEBU] {38d694c25e3300174292b579ac329b3c} [ 89 ms] [default] [rows:3  ] SELECT `id`,`avatar`,`name`,`nickname`,`survival_stage`,`nationality`,`achievement`,`gender`,`content`,`if_show` FROM `role` WHERE `if_show`=1 LIMIT 0,3 
2022-07-09 23:39:05.085 [DEBU] {38d694c25e3300174292b579ac329b3c} [ 37 ms] [default] [rows:1  ] SELECT COUNT(1) FROM `role` WHERE `if_show`=1 
2022-07-09 23:39:09.361 [DEBU] {b80946c65f3300174392b579f299714e} [ 46 ms] [default] [rows:0  ] SELECT `id`,`avatar`,`name`,`nickname`,`survival_stage`,`nationality`,`achievement`,`gender`,`content`,`if_show` FROM `role` WHERE (`if_show`=1) AND (`name` LIKE '%111%') OR (`nickname` LIKE '%111%') LIMIT 0,3 
2022-07-09 23:39:25.646 [DEBU] {e0dd9e90633300174492b579ea29d947} [ 52 ms] [default] [rows:3  ] SELECT `id`,`avatar`,`name`,`nickname`,`survival_stage`,`nationality`,`achievement`,`gender`,`content`,`if_show` FROM `role` WHERE `if_show`=1 LIMIT 0,3 
2022-07-09 23:39:25.684 [DEBU] {e0dd9e90633300174492b579ea29d947} [ 37 ms] [default] [rows:1  ] SELECT COUNT(1) FROM `role` WHERE `if_show`=1 
2022-07-09 23:39:28.305 [DEBU] {f881b12f643300174592b579cb5c28ed} [ 42 ms] [default] [rows:0  ] SELECT `id`,`avatar`,`name`,`nickname`,`survival_stage`,`nationality`,`achievement`,`gender`,`content`,`if_show` FROM `role` WHERE (`if_show`=1) AND (`name` LIKE '%ssaa%') OR (`nickname` LIKE '%ssaa%') LIMIT 0,3 
2022-07-09 23:40:41.784 [DEBU] {086cca47753300174692b5797b6dcca8} [102 ms] [default] [rows:3  ] SELECT `id`,`avatar`,`name`,`nickname`,`survival_stage`,`nationality`,`achievement`,`gender`,`content`,`if_show` FROM `role` WHERE `if_show`=1 LIMIT 0,3 
2022-07-09 23:40:41.817 [DEBU] {086cca47753300174692b5797b6dcca8} [ 33 ms] [default] [rows:1  ] SELECT COUNT(1) FROM `role` WHERE `if_show`=1 
2022-07-09 23:40:43.658 [DEBU] {586927bb753300174792b579b2475d4e} [ 41 ms] [default] [rows:0  ] SELECT `id`,`avatar`,`name`,`nickname`,`survival_stage`,`nationality`,`achievement`,`gender`,`content`,`if_show` FROM `role` WHERE (`if_show`=1) AND (`name` LIKE '%aa%') OR (`nickname` LIKE '%aa%') LIMIT 0,3 
2022-07-09 23:40:47.984 [DEBU] {00384ebd763300174892b5795a966a27} [ 36 ms] [default] [rows:3  ] SELECT `id`,`avatar`,`name`,`nickname`,`survival_stage`,`nationality`,`achievement`,`gender`,`content`,`if_show` FROM `role` WHERE `if_show`=1 LIMIT 0,3 
2022-07-09 23:40:48.021 [DEBU] {00384ebd763300174892b5795a966a27} [ 34 ms] [default] [rows:1  ] SELECT COUNT(1) FROM `role` WHERE `if_show`=1 
2022-07-09 23:40:49.948 [DEBU] {5079ed31773300174992b579d2d7788f} [ 43 ms] [default] [rows:0  ] SELECT `id`,`avatar`,`name`,`nickname`,`survival_stage`,`nationality`,`achievement`,`gender`,`content`,`if_show` FROM `role` WHERE (`if_show`=1) AND (`name` LIKE '%ddsds%') OR (`nickname` LIKE '%ddsds%') LIMIT 0,3 
2022-07-09 23:41:06.541 [DEBU] {50f2830f7b3300174a92b5798693dc4d} [ 34 ms] [default] [rows:3  ] SELECT `id`,`avatar`,`name`,`nickname`,`survival_stage`,`nationality`,`achievement`,`gender`,`content`,`if_show` FROM `role` WHERE `if_show`=1 LIMIT 0,3 
2022-07-09 23:41:06.576 [DEBU] {50f2830f7b3300174a92b5798693dc4d} [ 33 ms] [default] [rows:1  ] SELECT COUNT(1) FROM `role` WHERE `if_show`=1 
2022-07-09 23:41:08.704 [DEBU] {b87ce38f7b3300174b92b579ab03b902} [ 43 ms] [default] [rows:0  ] SELECT `id`,`avatar`,`name`,`nickname`,`survival_stage`,`nationality`,`achievement`,`gender`,`content`,`if_show` FROM `role` WHERE (`if_show`=1) AND (`name` LIKE '%aaa%') OR (`nickname` LIKE '%aaa%') LIMIT 0,3 
2022-07-09 23:41:29.385 [DEBU] {30f4355d803300174c92b57920ec3623} [100 ms] [default] [rows:3  ] SELECT `id`,`avatar`,`name`,`nickname`,`survival_stage`,`nationality`,`achievement`,`gender`,`content`,`if_show` FROM `role` WHERE `if_show`=1 LIMIT 0,3 
2022-07-09 23:41:29.425 [DEBU] {30f4355d803300174c92b57920ec3623} [ 35 ms] [default] [rows:1  ] SELECT COUNT(1) FROM `role` WHERE `if_show`=1 
2022-07-09 23:41:31.643 [DEBU] {78c555e7803300174d92b57981fd3fd8} [ 39 ms] [default] [rows:0  ] SELECT `id`,`avatar`,`name`,`nickname`,`survival_stage`,`nationality`,`achievement`,`gender`,`content`,`if_show` FROM `role` WHERE (`if_show`=1) AND (`name` LIKE '%aaa%') OR (`nickname` LIKE '%aaa%') LIMIT 0,3 
2022-07-09 23:41:54.322 [DEBU] {d836922e863300174e92b579cfd05e72} [ 47 ms] [default] [rows:3  ] SELECT `id`,`avatar`,`name`,`nickname`,`survival_stage`,`nationality`,`achievement`,`gender`,`content`,`if_show` FROM `role` WHERE `if_show`=1 LIMIT 0,3 
2022-07-09 23:41:54.379 [DEBU] {d836922e863300174e92b579cfd05e72} [ 35 ms] [default] [rows:1  ] SELECT COUNT(1) FROM `role` WHERE `if_show`=1 
2022-07-09 23:41:56.458 [DEBU] {00385cae863300174f92b579615f6b67} [ 41 ms] [default] [rows:0  ] SELECT `id`,`avatar`,`name`,`nickname`,`survival_stage`,`nationality`,`achievement`,`gender`,`content`,`if_show` FROM `role` WHERE (`if_show`=1) AND (`name` LIKE '%aaa%') OR (`nickname` LIKE '%aaa%') LIMIT 0,3 
2022-07-09 23:42:08.475 [DEBU] {685e9877893300175092b579723b85c9} [ 93 ms] [default] [rows:3  ] SELECT `id`,`avatar`,`name`,`nickname`,`survival_stage`,`nationality`,`achievement`,`gender`,`content`,`if_show` FROM `role` WHERE `if_show`=1 LIMIT 0,3 
2022-07-09 23:42:08.509 [DEBU] {685e9877893300175092b579723b85c9} [ 32 ms] [default] [rows:1  ] SELECT COUNT(1) FROM `role` WHERE `if_show`=1 
2022-07-09 23:42:10.442 [DEBU] {e07171ef893300175192b57937eb4278} [ 43 ms] [default] [rows:0  ] SELECT `id`,`avatar`,`name`,`nickname`,`survival_stage`,`nationality`,`achievement`,`gender`,`content`,`if_show` FROM `role` WHERE (`if_show`=1) AND (`name` LIKE '%sds%') OR (`nickname` LIKE '%sds%') LIMIT 0,3 
2022-07-09 23:43:03.058 [DEBU] {60ae712b963300175292b5795de529e0} [116 ms] [default] [rows:0  ] SELECT `id`,`avatar`,`name`,`nickname`,`survival_stage`,`nationality`,`achievement`,`gender`,`content`,`if_show` FROM `role` WHERE (`if_show`=1) AND (`name` LIKE '%%') OR (`nickname` LIKE '%%') LIMIT 0,3 
2022-07-09 23:46:24.656 [DEBU] {88a9e21cc53300175392b579190c71a7} [ 97 ms] [default] [rows:3  ] SELECT `id`,`avatar`,`name`,`nickname`,`survival_stage`,`nationality`,`achievement`,`gender`,`content`,`if_show` FROM `role` WHERE `if_show`=1 LIMIT 0,3 
2022-07-09 23:46:24.690 [DEBU] {88a9e21cc53300175392b579190c71a7} [ 33 ms] [default] [rows:1  ] SELECT COUNT(1) FROM `role` WHERE `if_show`=1 
2022-07-09 23:46:29.798 [DEBU] {b03df452c63300175492b579f4a7ff97} [ 37 ms] [default] [rows:3  ] SELECT `id`,`avatar`,`name`,`nickname`,`survival_stage`,`nationality`,`achievement`,`gender`,`content`,`if_show` FROM `role` WHERE (`if_show`=1) AND (`name` LIKE '%%') OR (`nickname` LIKE '%%') LIMIT 0,3 
2022-07-09 23:46:29.832 [DEBU] {b03df452c63300175492b579f4a7ff97} [ 33 ms] [default] [rows:1  ] SELECT COUNT(1) FROM `role` WHERE (`if_show`=1) AND (`name` LIKE '%%') OR (`nickname` LIKE '%%') 
2022-07-09 23:46:38.631 [DEBU] {38010c61c83300175592b579d98a6b92} [ 43 ms] [default] [rows:2  ] SELECT `id`,`avatar`,`name`,`nickname`,`survival_stage`,`nationality`,`achievement`,`gender`,`content`,`if_show` FROM `role` WHERE (`if_show`=1) AND (`name` LIKE '%2%') OR (`nickname` LIKE '%2%') LIMIT 0,3 
2022-07-09 23:46:38.667 [DEBU] {38010c61c83300175592b579d98a6b92} [ 35 ms] [default] [rows:1  ] SELECT COUNT(1) FROM `role` WHERE (`if_show`=1) AND (`name` LIKE '%2%') OR (`nickname` LIKE '%2%') 
2022-07-09 23:54:07.764 [DEBU] {085b3ff0303400175692b5798e930630} [ 97 ms] [default] [rows:3  ] SELECT `id`,`avatar`,`name`,`nickname`,`survival_stage`,`nationality`,`achievement`,`gender`,`content`,`if_show` FROM `role` WHERE `if_show`=1 LIMIT 0,3 
2022-07-09 23:54:07.800 [DEBU] {085b3ff0303400175692b5798e930630} [ 35 ms] [default] [rows:1  ] SELECT COUNT(1) FROM `role` WHERE `if_show`=1 
2022-07-09 23:54:07.925 [DEBU] {28cb92fd303400175792b5791323f8a9} [ 34 ms] [default] [rows:3  ] SELECT `id`,`avatar`,`name`,`nickname`,`survival_stage`,`nationality`,`achievement`,`gender`,`content`,`if_show` FROM `role` WHERE `if_show`=1 LIMIT 0,3 
2022-07-09 23:54:07.960 [DEBU] {28cb92fd303400175792b5791323f8a9} [ 35 ms] [default] [rows:1  ] SELECT COUNT(1) FROM `role` WHERE `if_show`=1 
2022-07-09 23:55:45.919 [DEBU] {f8086ecb473400175892b57959215dde} [ 84 ms] [default] [rows:3  ] SELECT `id`,`avatar`,`name`,`nickname`,`survival_stage`,`nationality`,`achievement`,`gender`,`content`,`if_show` FROM `role` WHERE `if_show`=1 LIMIT 0,3 
2022-07-09 23:55:45.964 [DEBU] {f8086ecb473400175892b57959215dde} [ 42 ms] [default] [rows:1  ] SELECT COUNT(1) FROM `role` WHERE `if_show`=1 
2022-07-09 23:55:57.783 [DEBU] {083d4d914a3400175992b5792b58c631} [ 40 ms] [default] [rows:3  ] SELECT `id`,`avatar`,`name`,`nickname`,`survival_stage`,`nationality`,`achievement`,`gender`,`content`,`if_show` FROM `role` WHERE `if_show`=1 LIMIT 0,3 
2022-07-09 23:55:57.817 [DEBU] {083d4d914a3400175992b5792b58c631} [ 33 ms] [default] [rows:1  ] SELECT COUNT(1) FROM `role` WHERE `if_show`=1 
2022-07-09 23:58:01.879 [DEBU] {08a2df72673400175a92b5792fd99a00} [ 93 ms] [default] [rows:3  ] SELECT `id`,`avatar`,`name`,`nickname`,`survival_stage`,`nationality`,`achievement`,`gender`,`content`,`if_show` FROM `role` WHERE `if_show`=1 LIMIT 0,3 
2022-07-09 23:58:01.917 [DEBU] {08a2df72673400175a92b5792fd99a00} [ 36 ms] [default] [rows:1  ] SELECT COUNT(1) FROM `role` WHERE `if_show`=1 
2022-07-09 23:58:16.701 [DEBU] {008e63e96a3400175b92b57965f3b28b} [ 42 ms] [default] [rows:3  ] SELECT `id`,`avatar`,`name`,`nickname`,`survival_stage`,`nationality`,`achievement`,`gender`,`content`,`if_show` FROM `role` WHERE `if_show`=1 LIMIT 0,3 
2022-07-09 23:58:16.735 [DEBU] {008e63e96a3400175b92b57965f3b28b} [ 33 ms] [default] [rows:1  ] SELECT COUNT(1) FROM `role` WHERE `if_show`=1 
2022-07-09 23:58:20.662 [DEBU] {90617cd56b3400175c92b579e012d60a} [ 42 ms] [default] [rows:3  ] SELECT `id`,`avatar`,`name`,`nickname`,`survival_stage`,`nationality`,`achievement`,`gender`,`content`,`if_show` FROM `role` WHERE `if_show`=1 LIMIT 0,3 
2022-07-09 23:58:20.697 [DEBU] {90617cd56b3400175c92b579e012d60a} [ 33 ms] [default] [rows:1  ] SELECT COUNT(1) FROM `role` WHERE `if_show`=1 
2022-07-09 23:58:53.271 [DEBU] {3887f469733400175d92b57969c74f34} [ 95 ms] [default] [rows:3  ] SELECT `id`,`avatar`,`name`,`nickname`,`survival_stage`,`nationality`,`achievement`,`gender`,`content`,`if_show` FROM `role` WHERE `if_show`=1 LIMIT 0,3 
2022-07-09 23:58:53.307 [DEBU] {3887f469733400175d92b57969c74f34} [ 34 ms] [default] [rows:1  ] SELECT COUNT(1) FROM `role` WHERE `if_show`=1 
2022-07-09 23:59:57.443 [DEBU] {60b4545a823400175e92b579367d5ff6} [104 ms] [default] [rows:3  ] SELECT `id`,`avatar`,`name`,`nickname`,`survival_stage`,`nationality`,`achievement`,`gender`,`content`,`if_show` FROM `role` WHERE `if_show`=1 LIMIT 0,3 
2022-07-09 23:59:57.482 [DEBU] {60b4545a823400175e92b579367d5ff6} [ 37 ms] [default] [rows:1  ] SELECT COUNT(1) FROM `role` WHERE `if_show`=1 
