2022-06-22 23:24:20.668 [ERRO] {68617a38b3fafa165c7cb9665b785657} [  1 ms] [default] [rows:0  ] SHOW FULL COLUMNS FROM `user`
Error: dial tcp 127.0.0.1:3306: connect: connection refused 
Stack:
1.  github.com/gogf/gf/v2/database/gdb.(*Core).writeSqlToLogger
    /Users/quman/go/pkg/mod/github.com/gogf/gf/v2@v2.0.4/database/gdb/gdb_core.go:656
2.  github.com/gogf/gf/v2/database/gdb.(*Core).DoCommit
    /Users/quman/go/pkg/mod/github.com/gogf/gf/v2@v2.0.4/database/gdb/gdb_core_underlying.go:250
3.  github.com/gogf/gf/v2/database/gdb.(*Core).DoQuery
    /Users/quman/go/pkg/mod/github.com/gogf/gf/v2@v2.0.4/database/gdb/gdb_core_underlying.go:62
4.  github.com/gogf/gf/v2/database/gdb.(*Core).DoGetAll
    /Users/quman/go/pkg/mod/github.com/gogf/gf/v2@v2.0.4/database/gdb/gdb_core.go:153
5.  github.com/gogf/gf/v2/database/gdb.(*DriverMysql).TableFields.func1
    /Users/quman/go/pkg/mod/github.com/gogf/gf/v2@v2.0.4/database/gdb/gdb_driver_mysql.go:150
6.  github.com/gogf/gf/v2/container/gmap.(*AnyAnyMap).doSetWithLockCheck
    /Users/quman/go/pkg/mod/github.com/gogf/gf/v2@v2.0.4/container/gmap/gmap_hash_any_any_map.go:220
7.  github.com/gogf/gf/v2/container/gmap.(*AnyAnyMap).GetOrSetFuncLock
    /Users/quman/go/pkg/mod/github.com/gogf/gf/v2@v2.0.4/container/gmap/gmap_hash_any_any_map.go:257
8.  github.com/gogf/gf/v2/database/gdb.(*DriverMysql).TableFields
    /Users/quman/go/pkg/mod/github.com/gogf/gf/v2@v2.0.4/database/gdb/gdb_driver_mysql.go:140
9.  github.com/gogf/gf/v2/database/gdb.(*Core).TableFields
    /Users/quman/go/pkg/mod/github.com/gogf/gf/v2@v2.0.4/database/gdb/gdb_core_utility.go:103
10. github.com/gogf/gf/v2/database/gdb.(*Model).TableFields
    /Users/quman/go/pkg/mod/github.com/gogf/gf/v2@v2.0.4/database/gdb/gdb_model_utility.go:41
11. github.com/gogf/gf/v2/database/gdb.(*Model).mappingAndFilterToTableFields
    /Users/quman/go/pkg/mod/github.com/gogf/gf/v2@v2.0.4/database/gdb/gdb_model_utility.go:59
12. github.com/gogf/gf/v2/database/gdb.(*Model).Fields
    /Users/quman/go/pkg/mod/github.com/gogf/gf/v2@v2.0.4/database/gdb/gdb_model_fields.go:54
13. github.com/gogf/gf/v2/database/gdb.(*Model).doStruct
    /Users/quman/go/pkg/mod/github.com/gogf/gf/v2@v2.0.4/database/gdb/gdb_model_select.go:218
14. github.com/gogf/gf/v2/database/gdb.(*Model).Scan
    /Users/quman/go/pkg/mod/github.com/gogf/gf/v2@v2.0.4/database/gdb/gdb_model_select.go:309
15. catbaby/internal/dao.(*userDao).FindOneByPhone
    /Users/quman/GolandProjects/catbaby/internal/dao/user.go:36
16. catbaby/internal/service.(*sUser).Register
    /Users/quman/GolandProjects/catbaby/internal/service/user.go:21
17. catbaby/internal/controller.(*user).Register
    /Users/quman/GolandProjects/catbaby/internal/controller/user.go:16
18. github.com/gogf/gf/v2/net/ghttp.(*middleware).callHandlerFunc.func1
    /Users/quman/go/pkg/mod/github.com/gogf/gf/v2@v2.0.4/net/ghttp/ghttp_request_middleware.go:153
19. github.com/gogf/gf/v2/net/ghttp.niceCallFunc
    /Users/quman/go/pkg/mod/github.com/gogf/gf/v2@v2.0.4/net/ghttp/ghttp_func.go:56
20. github.com/gogf/gf/v2/net/ghttp.(*middleware).callHandlerFunc
    /Users/quman/go/pkg/mod/github.com/gogf/gf/v2@v2.0.4/net/ghttp/ghttp_request_middleware.go:128
21. github.com/gogf/gf/v2/net/ghttp.(*middleware).Next.func1
    /Users/quman/go/pkg/mod/github.com/gogf/gf/v2@v2.0.4/net/ghttp/ghttp_request_middleware.go:74
22. github.com/gogf/gf/v2/util/gutil.TryCatch
    /Users/quman/go/pkg/mod/github.com/gogf/gf/v2@v2.0.4/util/gutil/gutil.go:55
23. github.com/gogf/gf/v2/net/ghttp.(*middleware).Next
    /Users/quman/go/pkg/mod/github.com/gogf/gf/v2@v2.0.4/net/ghttp/ghttp_request_middleware.go:48
24. catbaby/internal/service.(*middlewareService).CORS
    /Users/quman/GolandProjects/catbaby/internal/service/middleware.go:17
25. github.com/gogf/gf/v2/net/ghttp.(*middleware).Next.func1.1
    /Users/quman/go/pkg/mod/github.com/gogf/gf/v2@v2.0.4/net/ghttp/ghttp_request_middleware.go:54
26. github.com/gogf/gf/v2/net/ghttp.niceCallFunc
    /Users/quman/go/pkg/mod/github.com/gogf/gf/v2@v2.0.4/net/ghttp/ghttp_func.go:56
27. github.com/gogf/gf/v2/net/ghttp.(*middleware).Next.func1
    /Users/quman/go/pkg/mod/github.com/gogf/gf/v2@v2.0.4/net/ghttp/ghttp_request_middleware.go:53
28. github.com/gogf/gf/v2/util/gutil.TryCatch
    /Users/quman/go/pkg/mod/github.com/gogf/gf/v2@v2.0.4/util/gutil/gutil.go:55
29. github.com/gogf/gf/v2/net/ghttp.(*middleware).Next
    /Users/quman/go/pkg/mod/github.com/gogf/gf/v2@v2.0.4/net/ghttp/ghttp_request_middleware.go:48
30. github.com/gogf/gf/v2/net/ghttp.MiddlewareHandlerResponse
    /Users/quman/go/pkg/mod/github.com/gogf/gf/v2@v2.0.4/net/ghttp/ghttp_middleware_handler_response.go:25
31. github.com/gogf/gf/v2/net/ghttp.(*middleware).Next.func1.1
    /Users/quman/go/pkg/mod/github.com/gogf/gf/v2@v2.0.4/net/ghttp/ghttp_request_middleware.go:54
32. github.com/gogf/gf/v2/net/ghttp.niceCallFunc
    /Users/quman/go/pkg/mod/github.com/gogf/gf/v2@v2.0.4/net/ghttp/ghttp_func.go:56
33. github.com/gogf/gf/v2/net/ghttp.(*middleware).Next.func1
    /Users/quman/go/pkg/mod/github.com/gogf/gf/v2@v2.0.4/net/ghttp/ghttp_request_middleware.go:53
34. github.com/gogf/gf/v2/util/gutil.TryCatch
    /Users/quman/go/pkg/mod/github.com/gogf/gf/v2@v2.0.4/util/gutil/gutil.go:55
35. github.com/gogf/gf/v2/net/ghttp.(*middleware).Next
    /Users/quman/go/pkg/mod/github.com/gogf/gf/v2@v2.0.4/net/ghttp/ghttp_request_middleware.go:48
36. github.com/gogf/gf/v2/net/ghttp.internalMiddlewareServerTracing
    /Users/quman/go/pkg/mod/github.com/gogf/gf/v2@v2.0.4/net/ghttp/ghttp_middleware_tracing.go:78
37. github.com/gogf/gf/v2/net/ghttp.(*middleware).Next.func1.5
    /Users/quman/go/pkg/mod/github.com/gogf/gf/v2@v2.0.4/net/ghttp/ghttp_request_middleware.go:95
38. github.com/gogf/gf/v2/net/ghttp.niceCallFunc
    /Users/quman/go/pkg/mod/github.com/gogf/gf/v2@v2.0.4/net/ghttp/ghttp_func.go:56
39. github.com/gogf/gf/v2/net/ghttp.(*middleware).Next.func1
    /Users/quman/go/pkg/mod/github.com/gogf/gf/v2@v2.0.4/net/ghttp/ghttp_request_middleware.go:94
40. github.com/gogf/gf/v2/util/gutil.TryCatch
    /Users/quman/go/pkg/mod/github.com/gogf/gf/v2@v2.0.4/util/gutil/gutil.go:55
41. github.com/gogf/gf/v2/net/ghttp.(*middleware).Next
    /Users/quman/go/pkg/mod/github.com/gogf/gf/v2@v2.0.4/net/ghttp/ghttp_request_middleware.go:48
42. github.com/gogf/gf/v2/net/ghttp.(*Server).ServeHTTP
    /Users/quman/go/pkg/mod/github.com/gogf/gf/v2@v2.0.4/net/ghttp/ghttp_server_handler.go:121
 
2022-06-22 23:24:20.748 [ERRO] {68617a38b3fafa165c7cb9665b785657} [  0 ms] [default] [rows:0  ] SHOW FULL COLUMNS FROM `user`
Error: dial tcp 127.0.0.1:3306: connect: connection refused 
Stack:
1.  github.com/gogf/gf/v2/database/gdb.(*Core).writeSqlToLogger
    /Users/quman/go/pkg/mod/github.com/gogf/gf/v2@v2.0.4/database/gdb/gdb_core.go:656
2.  github.com/gogf/gf/v2/database/gdb.(*Core).DoCommit
    /Users/quman/go/pkg/mod/github.com/gogf/gf/v2@v2.0.4/database/gdb/gdb_core_underlying.go:250
3.  github.com/gogf/gf/v2/database/gdb.(*Core).DoQuery
    /Users/quman/go/pkg/mod/github.com/gogf/gf/v2@v2.0.4/database/gdb/gdb_core_underlying.go:62
4.  github.com/gogf/gf/v2/database/gdb.(*Core).DoGetAll
    /Users/quman/go/pkg/mod/github.com/gogf/gf/v2@v2.0.4/database/gdb/gdb_core.go:153
5.  github.com/gogf/gf/v2/database/gdb.(*DriverMysql).TableFields.func1
    /Users/quman/go/pkg/mod/github.com/gogf/gf/v2@v2.0.4/database/gdb/gdb_driver_mysql.go:150
6.  github.com/gogf/gf/v2/container/gmap.(*AnyAnyMap).doSetWithLockCheck
    /Users/quman/go/pkg/mod/github.com/gogf/gf/v2@v2.0.4/container/gmap/gmap_hash_any_any_map.go:220
7.  github.com/gogf/gf/v2/container/gmap.(*AnyAnyMap).GetOrSetFuncLock
    /Users/quman/go/pkg/mod/github.com/gogf/gf/v2@v2.0.4/container/gmap/gmap_hash_any_any_map.go:257
8.  github.com/gogf/gf/v2/database/gdb.(*DriverMysql).TableFields
    /Users/quman/go/pkg/mod/github.com/gogf/gf/v2@v2.0.4/database/gdb/gdb_driver_mysql.go:140
9.  github.com/gogf/gf/v2/database/gdb.(*Core).TableFields
    /Users/quman/go/pkg/mod/github.com/gogf/gf/v2@v2.0.4/database/gdb/gdb_core_utility.go:103
10. github.com/gogf/gf/v2/database/gdb.(*Model).TableFields
    /Users/quman/go/pkg/mod/github.com/gogf/gf/v2@v2.0.4/database/gdb/gdb_model_utility.go:41
11. github.com/gogf/gf/v2/database/gdb.(*Model).getSoftFieldName
    /Users/quman/go/pkg/mod/github.com/gogf/gf/v2@v2.0.4/database/gdb/gdb_model_time.go:98
12. github.com/gogf/gf/v2/database/gdb.(*Model).getSoftFieldNameDeleted
    /Users/quman/go/pkg/mod/github.com/gogf/gf/v2@v2.0.4/database/gdb/gdb_model_time.go:92
13. github.com/gogf/gf/v2/database/gdb.(*Model).getConditionForSoftDeleting
    /Users/quman/go/pkg/mod/github.com/gogf/gf/v2@v2.0.4/database/gdb/gdb_model_time.go:144
14. github.com/gogf/gf/v2/database/gdb.(*Model).formatCondition
    /Users/quman/go/pkg/mod/github.com/gogf/gf/v2@v2.0.4/database/gdb/gdb_model_select.go:682
15. github.com/gogf/gf/v2/database/gdb.(*Model).getFormattedSqlAndArgs
    /Users/quman/go/pkg/mod/github.com/gogf/gf/v2@v2.0.4/database/gdb/gdb_model_select.go:579
16. github.com/gogf/gf/v2/database/gdb.(*Model).doGetAll
    /Users/quman/go/pkg/mod/github.com/gogf/gf/v2@v2.0.4/database/gdb/gdb_model_select.go:46
17. github.com/gogf/gf/v2/database/gdb.(*Model).One
    /Users/quman/go/pkg/mod/github.com/gogf/gf/v2@v2.0.4/database/gdb/gdb_model_select.go:136
18. github.com/gogf/gf/v2/database/gdb.(*Model).doStruct
    /Users/quman/go/pkg/mod/github.com/gogf/gf/v2@v2.0.4/database/gdb/gdb_model_select.go:221
19. github.com/gogf/gf/v2/database/gdb.(*Model).Scan
    /Users/quman/go/pkg/mod/github.com/gogf/gf/v2@v2.0.4/database/gdb/gdb_model_select.go:309
20. catbaby/internal/dao.(*userDao).FindOneByPhone
    /Users/quman/GolandProjects/catbaby/internal/dao/user.go:36
21. catbaby/internal/service.(*sUser).Register
    /Users/quman/GolandProjects/catbaby/internal/service/user.go:21
22. catbaby/internal/controller.(*user).Register
    /Users/quman/GolandProjects/catbaby/internal/controller/user.go:16
23. github.com/gogf/gf/v2/net/ghttp.(*middleware).callHandlerFunc.func1
    /Users/quman/go/pkg/mod/github.com/gogf/gf/v2@v2.0.4/net/ghttp/ghttp_request_middleware.go:153
24. github.com/gogf/gf/v2/net/ghttp.niceCallFunc
    /Users/quman/go/pkg/mod/github.com/gogf/gf/v2@v2.0.4/net/ghttp/ghttp_func.go:56
25. github.com/gogf/gf/v2/net/ghttp.(*middleware).callHandlerFunc
    /Users/quman/go/pkg/mod/github.com/gogf/gf/v2@v2.0.4/net/ghttp/ghttp_request_middleware.go:128
26. github.com/gogf/gf/v2/net/ghttp.(*middleware).Next.func1
    /Users/quman/go/pkg/mod/github.com/gogf/gf/v2@v2.0.4/net/ghttp/ghttp_request_middleware.go:74
27. github.com/gogf/gf/v2/util/gutil.TryCatch
    /Users/quman/go/pkg/mod/github.com/gogf/gf/v2@v2.0.4/util/gutil/gutil.go:55
28. github.com/gogf/gf/v2/net/ghttp.(*middleware).Next
    /Users/quman/go/pkg/mod/github.com/gogf/gf/v2@v2.0.4/net/ghttp/ghttp_request_middleware.go:48
29. catbaby/internal/service.(*middlewareService).CORS
    /Users/quman/GolandProjects/catbaby/internal/service/middleware.go:17
30. github.com/gogf/gf/v2/net/ghttp.(*middleware).Next.func1.1
    /Users/quman/go/pkg/mod/github.com/gogf/gf/v2@v2.0.4/net/ghttp/ghttp_request_middleware.go:54
31. github.com/gogf/gf/v2/net/ghttp.niceCallFunc
    /Users/quman/go/pkg/mod/github.com/gogf/gf/v2@v2.0.4/net/ghttp/ghttp_func.go:56
32. github.com/gogf/gf/v2/net/ghttp.(*middleware).Next.func1
    /Users/quman/go/pkg/mod/github.com/gogf/gf/v2@v2.0.4/net/ghttp/ghttp_request_middleware.go:53
33. github.com/gogf/gf/v2/util/gutil.TryCatch
    /Users/quman/go/pkg/mod/github.com/gogf/gf/v2@v2.0.4/util/gutil/gutil.go:55
34. github.com/gogf/gf/v2/net/ghttp.(*middleware).Next
    /Users/quman/go/pkg/mod/github.com/gogf/gf/v2@v2.0.4/net/ghttp/ghttp_request_middleware.go:48
35. github.com/gogf/gf/v2/net/ghttp.MiddlewareHandlerResponse
    /Users/quman/go/pkg/mod/github.com/gogf/gf/v2@v2.0.4/net/ghttp/ghttp_middleware_handler_response.go:25
36. github.com/gogf/gf/v2/net/ghttp.(*middleware).Next.func1.1
    /Users/quman/go/pkg/mod/github.com/gogf/gf/v2@v2.0.4/net/ghttp/ghttp_request_middleware.go:54
37. github.com/gogf/gf/v2/net/ghttp.niceCallFunc
    /Users/quman/go/pkg/mod/github.com/gogf/gf/v2@v2.0.4/net/ghttp/ghttp_func.go:56
38. github.com/gogf/gf/v2/net/ghttp.(*middleware).Next.func1
    /Users/quman/go/pkg/mod/github.com/gogf/gf/v2@v2.0.4/net/ghttp/ghttp_request_middleware.go:53
39. github.com/gogf/gf/v2/util/gutil.TryCatch
    /Users/quman/go/pkg/mod/github.com/gogf/gf/v2@v2.0.4/util/gutil/gutil.go:55
40. github.com/gogf/gf/v2/net/ghttp.(*middleware).Next
    /Users/quman/go/pkg/mod/github.com/gogf/gf/v2@v2.0.4/net/ghttp/ghttp_request_middleware.go:48
41. github.com/gogf/gf/v2/net/ghttp.internalMiddlewareServerTracing
    /Users/quman/go/pkg/mod/github.com/gogf/gf/v2@v2.0.4/net/ghttp/ghttp_middleware_tracing.go:78
42. github.com/gogf/gf/v2/net/ghttp.(*middleware).Next.func1.5
    /Users/quman/go/pkg/mod/github.com/gogf/gf/v2@v2.0.4/net/ghttp/ghttp_request_middleware.go:95
43. github.com/gogf/gf/v2/net/ghttp.niceCallFunc
    /Users/quman/go/pkg/mod/github.com/gogf/gf/v2@v2.0.4/net/ghttp/ghttp_func.go:56
44. github.com/gogf/gf/v2/net/ghttp.(*middleware).Next.func1
    /Users/quman/go/pkg/mod/github.com/gogf/gf/v2@v2.0.4/net/ghttp/ghttp_request_middleware.go:94
45. github.com/gogf/gf/v2/util/gutil.TryCatch
    /Users/quman/go/pkg/mod/github.com/gogf/gf/v2@v2.0.4/util/gutil/gutil.go:55
46. github.com/gogf/gf/v2/net/ghttp.(*middleware).Next
    /Users/quman/go/pkg/mod/github.com/gogf/gf/v2@v2.0.4/net/ghttp/ghttp_request_middleware.go:48
47. github.com/gogf/gf/v2/net/ghttp.(*Server).ServeHTTP
    /Users/quman/go/pkg/mod/github.com/gogf/gf/v2@v2.0.4/net/ghttp/ghttp_server_handler.go:121
 
2022-06-22 23:24:20.816 [ERRO] {68617a38b3fafa165c7cb9665b785657} [  0 ms] [default] [rows:0  ] SELECT `Id`,`Avatar`,`Nickname`,`Phone`,`Password`,`Status`,`CreatedAt` FROM `user` WHERE `phone`='15105191186' LIMIT 1
Error: dial tcp 127.0.0.1:3306: connect: connection refused 
Stack:
1.  github.com/gogf/gf/v2/database/gdb.(*Core).writeSqlToLogger
    /Users/quman/go/pkg/mod/github.com/gogf/gf/v2@v2.0.4/database/gdb/gdb_core.go:656
2.  github.com/gogf/gf/v2/database/gdb.(*Core).DoCommit
    /Users/quman/go/pkg/mod/github.com/gogf/gf/v2@v2.0.4/database/gdb/gdb_core_underlying.go:250
3.  github.com/gogf/gf/v2/database/gdb.(*Core).DoQuery
    /Users/quman/go/pkg/mod/github.com/gogf/gf/v2@v2.0.4/database/gdb/gdb_core_underlying.go:62
4.  github.com/gogf/gf/v2/database/gdb.(*Core).DoGetAll
    /Users/quman/go/pkg/mod/github.com/gogf/gf/v2@v2.0.4/database/gdb/gdb_core.go:153
5.  github.com/gogf/gf/v2/database/gdb.(*Model).doGetAllBySql
    /Users/quman/go/pkg/mod/github.com/gogf/gf/v2@v2.0.4/database/gdb/gdb_model_select.go:535
6.  github.com/gogf/gf/v2/database/gdb.(*Model).doGetAll
    /Users/quman/go/pkg/mod/github.com/gogf/gf/v2@v2.0.4/database/gdb/gdb_model_select.go:47
7.  github.com/gogf/gf/v2/database/gdb.(*Model).One
    /Users/quman/go/pkg/mod/github.com/gogf/gf/v2@v2.0.4/database/gdb/gdb_model_select.go:136
8.  github.com/gogf/gf/v2/database/gdb.(*Model).doStruct
    /Users/quman/go/pkg/mod/github.com/gogf/gf/v2@v2.0.4/database/gdb/gdb_model_select.go:221
9.  github.com/gogf/gf/v2/database/gdb.(*Model).Scan
    /Users/quman/go/pkg/mod/github.com/gogf/gf/v2@v2.0.4/database/gdb/gdb_model_select.go:309
10. catbaby/internal/dao.(*userDao).FindOneByPhone
    /Users/quman/GolandProjects/catbaby/internal/dao/user.go:36
11. catbaby/internal/service.(*sUser).Register
    /Users/quman/GolandProjects/catbaby/internal/service/user.go:21
12. catbaby/internal/controller.(*user).Register
    /Users/quman/GolandProjects/catbaby/internal/controller/user.go:16
13. github.com/gogf/gf/v2/net/ghttp.(*middleware).callHandlerFunc.func1
    /Users/quman/go/pkg/mod/github.com/gogf/gf/v2@v2.0.4/net/ghttp/ghttp_request_middleware.go:153
14. github.com/gogf/gf/v2/net/ghttp.niceCallFunc
    /Users/quman/go/pkg/mod/github.com/gogf/gf/v2@v2.0.4/net/ghttp/ghttp_func.go:56
15. github.com/gogf/gf/v2/net/ghttp.(*middleware).callHandlerFunc
    /Users/quman/go/pkg/mod/github.com/gogf/gf/v2@v2.0.4/net/ghttp/ghttp_request_middleware.go:128
16. github.com/gogf/gf/v2/net/ghttp.(*middleware).Next.func1
    /Users/quman/go/pkg/mod/github.com/gogf/gf/v2@v2.0.4/net/ghttp/ghttp_request_middleware.go:74
17. github.com/gogf/gf/v2/util/gutil.TryCatch
    /Users/quman/go/pkg/mod/github.com/gogf/gf/v2@v2.0.4/util/gutil/gutil.go:55
18. github.com/gogf/gf/v2/net/ghttp.(*middleware).Next
    /Users/quman/go/pkg/mod/github.com/gogf/gf/v2@v2.0.4/net/ghttp/ghttp_request_middleware.go:48
19. catbaby/internal/service.(*middlewareService).CORS
    /Users/quman/GolandProjects/catbaby/internal/service/middleware.go:17
20. github.com/gogf/gf/v2/net/ghttp.(*middleware).Next.func1.1
    /Users/quman/go/pkg/mod/github.com/gogf/gf/v2@v2.0.4/net/ghttp/ghttp_request_middleware.go:54
21. github.com/gogf/gf/v2/net/ghttp.niceCallFunc
    /Users/quman/go/pkg/mod/github.com/gogf/gf/v2@v2.0.4/net/ghttp/ghttp_func.go:56
22. github.com/gogf/gf/v2/net/ghttp.(*middleware).Next.func1
    /Users/quman/go/pkg/mod/github.com/gogf/gf/v2@v2.0.4/net/ghttp/ghttp_request_middleware.go:53
23. github.com/gogf/gf/v2/util/gutil.TryCatch
    /Users/quman/go/pkg/mod/github.com/gogf/gf/v2@v2.0.4/util/gutil/gutil.go:55
24. github.com/gogf/gf/v2/net/ghttp.(*middleware).Next
    /Users/quman/go/pkg/mod/github.com/gogf/gf/v2@v2.0.4/net/ghttp/ghttp_request_middleware.go:48
25. github.com/gogf/gf/v2/net/ghttp.MiddlewareHandlerResponse
    /Users/quman/go/pkg/mod/github.com/gogf/gf/v2@v2.0.4/net/ghttp/ghttp_middleware_handler_response.go:25
26. github.com/gogf/gf/v2/net/ghttp.(*middleware).Next.func1.1
    /Users/quman/go/pkg/mod/github.com/gogf/gf/v2@v2.0.4/net/ghttp/ghttp_request_middleware.go:54
27. github.com/gogf/gf/v2/net/ghttp.niceCallFunc
    /Users/quman/go/pkg/mod/github.com/gogf/gf/v2@v2.0.4/net/ghttp/ghttp_func.go:56
28. github.com/gogf/gf/v2/net/ghttp.(*middleware).Next.func1
    /Users/quman/go/pkg/mod/github.com/gogf/gf/v2@v2.0.4/net/ghttp/ghttp_request_middleware.go:53
29. github.com/gogf/gf/v2/util/gutil.TryCatch
    /Users/quman/go/pkg/mod/github.com/gogf/gf/v2@v2.0.4/util/gutil/gutil.go:55
30. github.com/gogf/gf/v2/net/ghttp.(*middleware).Next
    /Users/quman/go/pkg/mod/github.com/gogf/gf/v2@v2.0.4/net/ghttp/ghttp_request_middleware.go:48
31. github.com/gogf/gf/v2/net/ghttp.internalMiddlewareServerTracing
    /Users/quman/go/pkg/mod/github.com/gogf/gf/v2@v2.0.4/net/ghttp/ghttp_middleware_tracing.go:78
32. github.com/gogf/gf/v2/net/ghttp.(*middleware).Next.func1.5
    /Users/quman/go/pkg/mod/github.com/gogf/gf/v2@v2.0.4/net/ghttp/ghttp_request_middleware.go:95
33. github.com/gogf/gf/v2/net/ghttp.niceCallFunc
    /Users/quman/go/pkg/mod/github.com/gogf/gf/v2@v2.0.4/net/ghttp/ghttp_func.go:56
34. github.com/gogf/gf/v2/net/ghttp.(*middleware).Next.func1
    /Users/quman/go/pkg/mod/github.com/gogf/gf/v2@v2.0.4/net/ghttp/ghttp_request_middleware.go:94
35. github.com/gogf/gf/v2/util/gutil.TryCatch
    /Users/quman/go/pkg/mod/github.com/gogf/gf/v2@v2.0.4/util/gutil/gutil.go:55
36. github.com/gogf/gf/v2/net/ghttp.(*middleware).Next
    /Users/quman/go/pkg/mod/github.com/gogf/gf/v2@v2.0.4/net/ghttp/ghttp_request_middleware.go:48
37. github.com/gogf/gf/v2/net/ghttp.(*Server).ServeHTTP
    /Users/quman/go/pkg/mod/github.com/gogf/gf/v2@v2.0.4/net/ghttp/ghttp_server_handler.go:121
 
2022-06-22 23:27:21.573 [ERRO] {80e81d53ddfafa16b2464c2e3d8c8107} [ 69 ms] [default] [rows:0  ] SHOW FULL COLUMNS FROM `user`
Error: Error 1045: Access denied for user 'root'@'117.89.241.94' (using password: YES) 
Stack:
1.  github.com/gogf/gf/v2/database/gdb.(*Core).writeSqlToLogger
    /Users/quman/go/pkg/mod/github.com/gogf/gf/v2@v2.0.4/database/gdb/gdb_core.go:656
2.  github.com/gogf/gf/v2/database/gdb.(*Core).DoCommit
    /Users/quman/go/pkg/mod/github.com/gogf/gf/v2@v2.0.4/database/gdb/gdb_core_underlying.go:250
3.  github.com/gogf/gf/v2/database/gdb.(*Core).DoQuery
    /Users/quman/go/pkg/mod/github.com/gogf/gf/v2@v2.0.4/database/gdb/gdb_core_underlying.go:62
4.  github.com/gogf/gf/v2/database/gdb.(*Core).DoGetAll
    /Users/quman/go/pkg/mod/github.com/gogf/gf/v2@v2.0.4/database/gdb/gdb_core.go:153
5.  github.com/gogf/gf/v2/database/gdb.(*DriverMysql).TableFields.func1
    /Users/quman/go/pkg/mod/github.com/gogf/gf/v2@v2.0.4/database/gdb/gdb_driver_mysql.go:150
6.  github.com/gogf/gf/v2/container/gmap.(*AnyAnyMap).doSetWithLockCheck
    /Users/quman/go/pkg/mod/github.com/gogf/gf/v2@v2.0.4/container/gmap/gmap_hash_any_any_map.go:220
7.  github.com/gogf/gf/v2/container/gmap.(*AnyAnyMap).GetOrSetFuncLock
    /Users/quman/go/pkg/mod/github.com/gogf/gf/v2@v2.0.4/container/gmap/gmap_hash_any_any_map.go:257
8.  github.com/gogf/gf/v2/database/gdb.(*DriverMysql).TableFields
    /Users/quman/go/pkg/mod/github.com/gogf/gf/v2@v2.0.4/database/gdb/gdb_driver_mysql.go:140
9.  github.com/gogf/gf/v2/database/gdb.(*Core).TableFields
    /Users/quman/go/pkg/mod/github.com/gogf/gf/v2@v2.0.4/database/gdb/gdb_core_utility.go:103
10. github.com/gogf/gf/v2/database/gdb.(*Model).TableFields
    /Users/quman/go/pkg/mod/github.com/gogf/gf/v2@v2.0.4/database/gdb/gdb_model_utility.go:41
11. github.com/gogf/gf/v2/database/gdb.(*Model).mappingAndFilterToTableFields
    /Users/quman/go/pkg/mod/github.com/gogf/gf/v2@v2.0.4/database/gdb/gdb_model_utility.go:59
12. github.com/gogf/gf/v2/database/gdb.(*Model).Fields
    /Users/quman/go/pkg/mod/github.com/gogf/gf/v2@v2.0.4/database/gdb/gdb_model_fields.go:54
13. github.com/gogf/gf/v2/database/gdb.(*Model).doStruct
    /Users/quman/go/pkg/mod/github.com/gogf/gf/v2@v2.0.4/database/gdb/gdb_model_select.go:218
14. github.com/gogf/gf/v2/database/gdb.(*Model).Scan
    /Users/quman/go/pkg/mod/github.com/gogf/gf/v2@v2.0.4/database/gdb/gdb_model_select.go:309
15. catbaby/internal/dao.(*userDao).FindOneByPhone
    /Users/quman/GolandProjects/catbaby/internal/dao/user.go:36
16. catbaby/internal/service.(*sUser).Register
    /Users/quman/GolandProjects/catbaby/internal/service/user.go:21
17. catbaby/internal/controller.(*user).Register
    /Users/quman/GolandProjects/catbaby/internal/controller/user.go:16
18. github.com/gogf/gf/v2/net/ghttp.(*middleware).callHandlerFunc.func1
    /Users/quman/go/pkg/mod/github.com/gogf/gf/v2@v2.0.4/net/ghttp/ghttp_request_middleware.go:153
19. github.com/gogf/gf/v2/net/ghttp.niceCallFunc
    /Users/quman/go/pkg/mod/github.com/gogf/gf/v2@v2.0.4/net/ghttp/ghttp_func.go:56
20. github.com/gogf/gf/v2/net/ghttp.(*middleware).callHandlerFunc
    /Users/quman/go/pkg/mod/github.com/gogf/gf/v2@v2.0.4/net/ghttp/ghttp_request_middleware.go:128
21. github.com/gogf/gf/v2/net/ghttp.(*middleware).Next.func1
    /Users/quman/go/pkg/mod/github.com/gogf/gf/v2@v2.0.4/net/ghttp/ghttp_request_middleware.go:74
22. github.com/gogf/gf/v2/util/gutil.TryCatch
    /Users/quman/go/pkg/mod/github.com/gogf/gf/v2@v2.0.4/util/gutil/gutil.go:55
23. github.com/gogf/gf/v2/net/ghttp.(*middleware).Next
    /Users/quman/go/pkg/mod/github.com/gogf/gf/v2@v2.0.4/net/ghttp/ghttp_request_middleware.go:48
24. catbaby/internal/service.(*middlewareService).CORS
    /Users/quman/GolandProjects/catbaby/internal/service/middleware.go:17
25. github.com/gogf/gf/v2/net/ghttp.(*middleware).Next.func1.1
    /Users/quman/go/pkg/mod/github.com/gogf/gf/v2@v2.0.4/net/ghttp/ghttp_request_middleware.go:54
26. github.com/gogf/gf/v2/net/ghttp.niceCallFunc
    /Users/quman/go/pkg/mod/github.com/gogf/gf/v2@v2.0.4/net/ghttp/ghttp_func.go:56
27. github.com/gogf/gf/v2/net/ghttp.(*middleware).Next.func1
    /Users/quman/go/pkg/mod/github.com/gogf/gf/v2@v2.0.4/net/ghttp/ghttp_request_middleware.go:53
28. github.com/gogf/gf/v2/util/gutil.TryCatch
    /Users/quman/go/pkg/mod/github.com/gogf/gf/v2@v2.0.4/util/gutil/gutil.go:55
29. github.com/gogf/gf/v2/net/ghttp.(*middleware).Next
    /Users/quman/go/pkg/mod/github.com/gogf/gf/v2@v2.0.4/net/ghttp/ghttp_request_middleware.go:48
30. github.com/gogf/gf/v2/net/ghttp.MiddlewareHandlerResponse
    /Users/quman/go/pkg/mod/github.com/gogf/gf/v2@v2.0.4/net/ghttp/ghttp_middleware_handler_response.go:25
31. github.com/gogf/gf/v2/net/ghttp.(*middleware).Next.func1.1
    /Users/quman/go/pkg/mod/github.com/gogf/gf/v2@v2.0.4/net/ghttp/ghttp_request_middleware.go:54
32. github.com/gogf/gf/v2/net/ghttp.niceCallFunc
    /Users/quman/go/pkg/mod/github.com/gogf/gf/v2@v2.0.4/net/ghttp/ghttp_func.go:56
33. github.com/gogf/gf/v2/net/ghttp.(*middleware).Next.func1
    /Users/quman/go/pkg/mod/github.com/gogf/gf/v2@v2.0.4/net/ghttp/ghttp_request_middleware.go:53
34. github.com/gogf/gf/v2/util/gutil.TryCatch
    /Users/quman/go/pkg/mod/github.com/gogf/gf/v2@v2.0.4/util/gutil/gutil.go:55
35. github.com/gogf/gf/v2/net/ghttp.(*middleware).Next
    /Users/quman/go/pkg/mod/github.com/gogf/gf/v2@v2.0.4/net/ghttp/ghttp_request_middleware.go:48
36. github.com/gogf/gf/v2/net/ghttp.internalMiddlewareServerTracing
    /Users/quman/go/pkg/mod/github.com/gogf/gf/v2@v2.0.4/net/ghttp/ghttp_middleware_tracing.go:78
37. github.com/gogf/gf/v2/net/ghttp.(*middleware).Next.func1.5
    /Users/quman/go/pkg/mod/github.com/gogf/gf/v2@v2.0.4/net/ghttp/ghttp_request_middleware.go:95
38. github.com/gogf/gf/v2/net/ghttp.niceCallFunc
    /Users/quman/go/pkg/mod/github.com/gogf/gf/v2@v2.0.4/net/ghttp/ghttp_func.go:56
39. github.com/gogf/gf/v2/net/ghttp.(*middleware).Next.func1
    /Users/quman/go/pkg/mod/github.com/gogf/gf/v2@v2.0.4/net/ghttp/ghttp_request_middleware.go:94
40. github.com/gogf/gf/v2/util/gutil.TryCatch
    /Users/quman/go/pkg/mod/github.com/gogf/gf/v2@v2.0.4/util/gutil/gutil.go:55
41. github.com/gogf/gf/v2/net/ghttp.(*middleware).Next
    /Users/quman/go/pkg/mod/github.com/gogf/gf/v2@v2.0.4/net/ghttp/ghttp_request_middleware.go:48
42. github.com/gogf/gf/v2/net/ghttp.(*Server).ServeHTTP
    /Users/quman/go/pkg/mod/github.com/gogf/gf/v2@v2.0.4/net/ghttp/ghttp_server_handler.go:121
 
2022-06-22 23:27:21.704 [ERRO] {80e81d53ddfafa16b2464c2e3d8c8107} [100 ms] [default] [rows:0  ] SHOW FULL COLUMNS FROM `user`
Error: Error 1045: Access denied for user 'root'@'117.89.241.94' (using password: YES) 
Stack:
1.  github.com/gogf/gf/v2/database/gdb.(*Core).writeSqlToLogger
    /Users/quman/go/pkg/mod/github.com/gogf/gf/v2@v2.0.4/database/gdb/gdb_core.go:656
2.  github.com/gogf/gf/v2/database/gdb.(*Core).DoCommit
    /Users/quman/go/pkg/mod/github.com/gogf/gf/v2@v2.0.4/database/gdb/gdb_core_underlying.go:250
3.  github.com/gogf/gf/v2/database/gdb.(*Core).DoQuery
    /Users/quman/go/pkg/mod/github.com/gogf/gf/v2@v2.0.4/database/gdb/gdb_core_underlying.go:62
4.  github.com/gogf/gf/v2/database/gdb.(*Core).DoGetAll
    /Users/quman/go/pkg/mod/github.com/gogf/gf/v2@v2.0.4/database/gdb/gdb_core.go:153
5.  github.com/gogf/gf/v2/database/gdb.(*DriverMysql).TableFields.func1
    /Users/quman/go/pkg/mod/github.com/gogf/gf/v2@v2.0.4/database/gdb/gdb_driver_mysql.go:150
6.  github.com/gogf/gf/v2/container/gmap.(*AnyAnyMap).doSetWithLockCheck
    /Users/quman/go/pkg/mod/github.com/gogf/gf/v2@v2.0.4/container/gmap/gmap_hash_any_any_map.go:220
7.  github.com/gogf/gf/v2/container/gmap.(*AnyAnyMap).GetOrSetFuncLock
    /Users/quman/go/pkg/mod/github.com/gogf/gf/v2@v2.0.4/container/gmap/gmap_hash_any_any_map.go:257
8.  github.com/gogf/gf/v2/database/gdb.(*DriverMysql).TableFields
    /Users/quman/go/pkg/mod/github.com/gogf/gf/v2@v2.0.4/database/gdb/gdb_driver_mysql.go:140
9.  github.com/gogf/gf/v2/database/gdb.(*Core).TableFields
    /Users/quman/go/pkg/mod/github.com/gogf/gf/v2@v2.0.4/database/gdb/gdb_core_utility.go:103
10. github.com/gogf/gf/v2/database/gdb.(*Model).TableFields
    /Users/quman/go/pkg/mod/github.com/gogf/gf/v2@v2.0.4/database/gdb/gdb_model_utility.go:41
11. github.com/gogf/gf/v2/database/gdb.(*Model).getSoftFieldName
    /Users/quman/go/pkg/mod/github.com/gogf/gf/v2@v2.0.4/database/gdb/gdb_model_time.go:98
12. github.com/gogf/gf/v2/database/gdb.(*Model).getSoftFieldNameDeleted
    /Users/quman/go/pkg/mod/github.com/gogf/gf/v2@v2.0.4/database/gdb/gdb_model_time.go:92
13. github.com/gogf/gf/v2/database/gdb.(*Model).getConditionForSoftDeleting
    /Users/quman/go/pkg/mod/github.com/gogf/gf/v2@v2.0.4/database/gdb/gdb_model_time.go:144
14. github.com/gogf/gf/v2/database/gdb.(*Model).formatCondition
    /Users/quman/go/pkg/mod/github.com/gogf/gf/v2@v2.0.4/database/gdb/gdb_model_select.go:682
15. github.com/gogf/gf/v2/database/gdb.(*Model).getFormattedSqlAndArgs
    /Users/quman/go/pkg/mod/github.com/gogf/gf/v2@v2.0.4/database/gdb/gdb_model_select.go:579
16. github.com/gogf/gf/v2/database/gdb.(*Model).doGetAll
    /Users/quman/go/pkg/mod/github.com/gogf/gf/v2@v2.0.4/database/gdb/gdb_model_select.go:46
17. github.com/gogf/gf/v2/database/gdb.(*Model).One
    /Users/quman/go/pkg/mod/github.com/gogf/gf/v2@v2.0.4/database/gdb/gdb_model_select.go:136
18. github.com/gogf/gf/v2/database/gdb.(*Model).doStruct
    /Users/quman/go/pkg/mod/github.com/gogf/gf/v2@v2.0.4/database/gdb/gdb_model_select.go:221
19. github.com/gogf/gf/v2/database/gdb.(*Model).Scan
    /Users/quman/go/pkg/mod/github.com/gogf/gf/v2@v2.0.4/database/gdb/gdb_model_select.go:309
20. catbaby/internal/dao.(*userDao).FindOneByPhone
    /Users/quman/GolandProjects/catbaby/internal/dao/user.go:36
21. catbaby/internal/service.(*sUser).Register
    /Users/quman/GolandProjects/catbaby/internal/service/user.go:21
22. catbaby/internal/controller.(*user).Register
    /Users/quman/GolandProjects/catbaby/internal/controller/user.go:16
23. github.com/gogf/gf/v2/net/ghttp.(*middleware).callHandlerFunc.func1
    /Users/quman/go/pkg/mod/github.com/gogf/gf/v2@v2.0.4/net/ghttp/ghttp_request_middleware.go:153
24. github.com/gogf/gf/v2/net/ghttp.niceCallFunc
    /Users/quman/go/pkg/mod/github.com/gogf/gf/v2@v2.0.4/net/ghttp/ghttp_func.go:56
25. github.com/gogf/gf/v2/net/ghttp.(*middleware).callHandlerFunc
    /Users/quman/go/pkg/mod/github.com/gogf/gf/v2@v2.0.4/net/ghttp/ghttp_request_middleware.go:128
26. github.com/gogf/gf/v2/net/ghttp.(*middleware).Next.func1
    /Users/quman/go/pkg/mod/github.com/gogf/gf/v2@v2.0.4/net/ghttp/ghttp_request_middleware.go:74
27. github.com/gogf/gf/v2/util/gutil.TryCatch
    /Users/quman/go/pkg/mod/github.com/gogf/gf/v2@v2.0.4/util/gutil/gutil.go:55
28. github.com/gogf/gf/v2/net/ghttp.(*middleware).Next
    /Users/quman/go/pkg/mod/github.com/gogf/gf/v2@v2.0.4/net/ghttp/ghttp_request_middleware.go:48
29. catbaby/internal/service.(*middlewareService).CORS
    /Users/quman/GolandProjects/catbaby/internal/service/middleware.go:17
30. github.com/gogf/gf/v2/net/ghttp.(*middleware).Next.func1.1
    /Users/quman/go/pkg/mod/github.com/gogf/gf/v2@v2.0.4/net/ghttp/ghttp_request_middleware.go:54
31. github.com/gogf/gf/v2/net/ghttp.niceCallFunc
    /Users/quman/go/pkg/mod/github.com/gogf/gf/v2@v2.0.4/net/ghttp/ghttp_func.go:56
32. github.com/gogf/gf/v2/net/ghttp.(*middleware).Next.func1
    /Users/quman/go/pkg/mod/github.com/gogf/gf/v2@v2.0.4/net/ghttp/ghttp_request_middleware.go:53
33. github.com/gogf/gf/v2/util/gutil.TryCatch
    /Users/quman/go/pkg/mod/github.com/gogf/gf/v2@v2.0.4/util/gutil/gutil.go:55
34. github.com/gogf/gf/v2/net/ghttp.(*middleware).Next
    /Users/quman/go/pkg/mod/github.com/gogf/gf/v2@v2.0.4/net/ghttp/ghttp_request_middleware.go:48
35. github.com/gogf/gf/v2/net/ghttp.MiddlewareHandlerResponse
    /Users/quman/go/pkg/mod/github.com/gogf/gf/v2@v2.0.4/net/ghttp/ghttp_middleware_handler_response.go:25
36. github.com/gogf/gf/v2/net/ghttp.(*middleware).Next.func1.1
    /Users/quman/go/pkg/mod/github.com/gogf/gf/v2@v2.0.4/net/ghttp/ghttp_request_middleware.go:54
37. github.com/gogf/gf/v2/net/ghttp.niceCallFunc
    /Users/quman/go/pkg/mod/github.com/gogf/gf/v2@v2.0.4/net/ghttp/ghttp_func.go:56
38. github.com/gogf/gf/v2/net/ghttp.(*middleware).Next.func1
    /Users/quman/go/pkg/mod/github.com/gogf/gf/v2@v2.0.4/net/ghttp/ghttp_request_middleware.go:53
39. github.com/gogf/gf/v2/util/gutil.TryCatch
    /Users/quman/go/pkg/mod/github.com/gogf/gf/v2@v2.0.4/util/gutil/gutil.go:55
40. github.com/gogf/gf/v2/net/ghttp.(*middleware).Next
    /Users/quman/go/pkg/mod/github.com/gogf/gf/v2@v2.0.4/net/ghttp/ghttp_request_middleware.go:48
41. github.com/gogf/gf/v2/net/ghttp.internalMiddlewareServerTracing
    /Users/quman/go/pkg/mod/github.com/gogf/gf/v2@v2.0.4/net/ghttp/ghttp_middleware_tracing.go:78
42. github.com/gogf/gf/v2/net/ghttp.(*middleware).Next.func1.5
    /Users/quman/go/pkg/mod/github.com/gogf/gf/v2@v2.0.4/net/ghttp/ghttp_request_middleware.go:95
43. github.com/gogf/gf/v2/net/ghttp.niceCallFunc
    /Users/quman/go/pkg/mod/github.com/gogf/gf/v2@v2.0.4/net/ghttp/ghttp_func.go:56
44. github.com/gogf/gf/v2/net/ghttp.(*middleware).Next.func1
    /Users/quman/go/pkg/mod/github.com/gogf/gf/v2@v2.0.4/net/ghttp/ghttp_request_middleware.go:94
45. github.com/gogf/gf/v2/util/gutil.TryCatch
    /Users/quman/go/pkg/mod/github.com/gogf/gf/v2@v2.0.4/util/gutil/gutil.go:55
46. github.com/gogf/gf/v2/net/ghttp.(*middleware).Next
    /Users/quman/go/pkg/mod/github.com/gogf/gf/v2@v2.0.4/net/ghttp/ghttp_request_middleware.go:48
47. github.com/gogf/gf/v2/net/ghttp.(*Server).ServeHTTP
    /Users/quman/go/pkg/mod/github.com/gogf/gf/v2@v2.0.4/net/ghttp/ghttp_server_handler.go:121
 
2022-06-22 23:27:21.813 [ERRO] {80e81d53ddfafa16b2464c2e3d8c8107} [ 72 ms] [default] [rows:0  ] SELECT `Id`,`Avatar`,`Nickname`,`Phone`,`Password`,`Status`,`CreatedAt` FROM `user` WHERE `phone`='15105191186' LIMIT 1
Error: Error 1045: Access denied for user 'root'@'117.89.241.94' (using password: YES) 
Stack:
1.  github.com/gogf/gf/v2/database/gdb.(*Core).writeSqlToLogger
    /Users/quman/go/pkg/mod/github.com/gogf/gf/v2@v2.0.4/database/gdb/gdb_core.go:656
2.  github.com/gogf/gf/v2/database/gdb.(*Core).DoCommit
    /Users/quman/go/pkg/mod/github.com/gogf/gf/v2@v2.0.4/database/gdb/gdb_core_underlying.go:250
3.  github.com/gogf/gf/v2/database/gdb.(*Core).DoQuery
    /Users/quman/go/pkg/mod/github.com/gogf/gf/v2@v2.0.4/database/gdb/gdb_core_underlying.go:62
4.  github.com/gogf/gf/v2/database/gdb.(*Core).DoGetAll
    /Users/quman/go/pkg/mod/github.com/gogf/gf/v2@v2.0.4/database/gdb/gdb_core.go:153
5.  github.com/gogf/gf/v2/database/gdb.(*Model).doGetAllBySql
    /Users/quman/go/pkg/mod/github.com/gogf/gf/v2@v2.0.4/database/gdb/gdb_model_select.go:535
6.  github.com/gogf/gf/v2/database/gdb.(*Model).doGetAll
    /Users/quman/go/pkg/mod/github.com/gogf/gf/v2@v2.0.4/database/gdb/gdb_model_select.go:47
7.  github.com/gogf/gf/v2/database/gdb.(*Model).One
    /Users/quman/go/pkg/mod/github.com/gogf/gf/v2@v2.0.4/database/gdb/gdb_model_select.go:136
8.  github.com/gogf/gf/v2/database/gdb.(*Model).doStruct
    /Users/quman/go/pkg/mod/github.com/gogf/gf/v2@v2.0.4/database/gdb/gdb_model_select.go:221
9.  github.com/gogf/gf/v2/database/gdb.(*Model).Scan
    /Users/quman/go/pkg/mod/github.com/gogf/gf/v2@v2.0.4/database/gdb/gdb_model_select.go:309
10. catbaby/internal/dao.(*userDao).FindOneByPhone
    /Users/quman/GolandProjects/catbaby/internal/dao/user.go:36
11. catbaby/internal/service.(*sUser).Register
    /Users/quman/GolandProjects/catbaby/internal/service/user.go:21
12. catbaby/internal/controller.(*user).Register
    /Users/quman/GolandProjects/catbaby/internal/controller/user.go:16
13. github.com/gogf/gf/v2/net/ghttp.(*middleware).callHandlerFunc.func1
    /Users/quman/go/pkg/mod/github.com/gogf/gf/v2@v2.0.4/net/ghttp/ghttp_request_middleware.go:153
14. github.com/gogf/gf/v2/net/ghttp.niceCallFunc
    /Users/quman/go/pkg/mod/github.com/gogf/gf/v2@v2.0.4/net/ghttp/ghttp_func.go:56
15. github.com/gogf/gf/v2/net/ghttp.(*middleware).callHandlerFunc
    /Users/quman/go/pkg/mod/github.com/gogf/gf/v2@v2.0.4/net/ghttp/ghttp_request_middleware.go:128
16. github.com/gogf/gf/v2/net/ghttp.(*middleware).Next.func1
    /Users/quman/go/pkg/mod/github.com/gogf/gf/v2@v2.0.4/net/ghttp/ghttp_request_middleware.go:74
17. github.com/gogf/gf/v2/util/gutil.TryCatch
    /Users/quman/go/pkg/mod/github.com/gogf/gf/v2@v2.0.4/util/gutil/gutil.go:55
18. github.com/gogf/gf/v2/net/ghttp.(*middleware).Next
    /Users/quman/go/pkg/mod/github.com/gogf/gf/v2@v2.0.4/net/ghttp/ghttp_request_middleware.go:48
19. catbaby/internal/service.(*middlewareService).CORS
    /Users/quman/GolandProjects/catbaby/internal/service/middleware.go:17
20. github.com/gogf/gf/v2/net/ghttp.(*middleware).Next.func1.1
    /Users/quman/go/pkg/mod/github.com/gogf/gf/v2@v2.0.4/net/ghttp/ghttp_request_middleware.go:54
21. github.com/gogf/gf/v2/net/ghttp.niceCallFunc
    /Users/quman/go/pkg/mod/github.com/gogf/gf/v2@v2.0.4/net/ghttp/ghttp_func.go:56
22. github.com/gogf/gf/v2/net/ghttp.(*middleware).Next.func1
    /Users/quman/go/pkg/mod/github.com/gogf/gf/v2@v2.0.4/net/ghttp/ghttp_request_middleware.go:53
23. github.com/gogf/gf/v2/util/gutil.TryCatch
    /Users/quman/go/pkg/mod/github.com/gogf/gf/v2@v2.0.4/util/gutil/gutil.go:55
24. github.com/gogf/gf/v2/net/ghttp.(*middleware).Next
    /Users/quman/go/pkg/mod/github.com/gogf/gf/v2@v2.0.4/net/ghttp/ghttp_request_middleware.go:48
25. github.com/gogf/gf/v2/net/ghttp.MiddlewareHandlerResponse
    /Users/quman/go/pkg/mod/github.com/gogf/gf/v2@v2.0.4/net/ghttp/ghttp_middleware_handler_response.go:25
26. github.com/gogf/gf/v2/net/ghttp.(*middleware).Next.func1.1
    /Users/quman/go/pkg/mod/github.com/gogf/gf/v2@v2.0.4/net/ghttp/ghttp_request_middleware.go:54
27. github.com/gogf/gf/v2/net/ghttp.niceCallFunc
    /Users/quman/go/pkg/mod/github.com/gogf/gf/v2@v2.0.4/net/ghttp/ghttp_func.go:56
28. github.com/gogf/gf/v2/net/ghttp.(*middleware).Next.func1
    /Users/quman/go/pkg/mod/github.com/gogf/gf/v2@v2.0.4/net/ghttp/ghttp_request_middleware.go:53
29. github.com/gogf/gf/v2/util/gutil.TryCatch
    /Users/quman/go/pkg/mod/github.com/gogf/gf/v2@v2.0.4/util/gutil/gutil.go:55
30. github.com/gogf/gf/v2/net/ghttp.(*middleware).Next
    /Users/quman/go/pkg/mod/github.com/gogf/gf/v2@v2.0.4/net/ghttp/ghttp_request_middleware.go:48
31. github.com/gogf/gf/v2/net/ghttp.internalMiddlewareServerTracing
    /Users/quman/go/pkg/mod/github.com/gogf/gf/v2@v2.0.4/net/ghttp/ghttp_middleware_tracing.go:78
32. github.com/gogf/gf/v2/net/ghttp.(*middleware).Next.func1.5
    /Users/quman/go/pkg/mod/github.com/gogf/gf/v2@v2.0.4/net/ghttp/ghttp_request_middleware.go:95
33. github.com/gogf/gf/v2/net/ghttp.niceCallFunc
    /Users/quman/go/pkg/mod/github.com/gogf/gf/v2@v2.0.4/net/ghttp/ghttp_func.go:56
34. github.com/gogf/gf/v2/net/ghttp.(*middleware).Next.func1
    /Users/quman/go/pkg/mod/github.com/gogf/gf/v2@v2.0.4/net/ghttp/ghttp_request_middleware.go:94
35. github.com/gogf/gf/v2/util/gutil.TryCatch
    /Users/quman/go/pkg/mod/github.com/gogf/gf/v2@v2.0.4/util/gutil/gutil.go:55
36. github.com/gogf/gf/v2/net/ghttp.(*middleware).Next
    /Users/quman/go/pkg/mod/github.com/gogf/gf/v2@v2.0.4/net/ghttp/ghttp_request_middleware.go:48
37. github.com/gogf/gf/v2/net/ghttp.(*Server).ServeHTTP
    /Users/quman/go/pkg/mod/github.com/gogf/gf/v2@v2.0.4/net/ghttp/ghttp_server_handler.go:121
 
