2022-07-06 23:24:45.980 [DEBU] {58dfdd09d946ff1650b29a0fcc3aca2f} [ 96 ms] [default] [rows:13 ] SHOW FULL COLUMNS FROM `role` 
2022-07-06 23:24:46.028 [DEBU] {58dfdd09d946ff1650b29a0fcc3aca2f} [ 47 ms] [default] [rows:0  ] SELECT `id`,`avatar`,`name`,`nickname`,`survival_stage`,`nationality`,`achievement`,`gender`,`content`,`views`,`if_show`,`created_at`,`updated_at` FROM `role` WHERE `if_show`=1 LIMIT 0,10 
2022-07-06 23:25:38.276 [DEBU] {b8cf0d37e546ff16f4f7060f0464fd80} [ 91 ms] [default] [rows:13 ] SHOW FULL COLUMNS FROM `role` 
2022-07-06 23:25:38.318 [DEBU] {b8cf0d37e546ff16f4f7060f0464fd80} [ 41 ms] [default] [rows:0  ] SELECT `id`,`avatar`,`name`,`nickname`,`survival_stage`,`nationality`,`achievement`,`gender`,`content`,`views`,`if_show`,`created_at`,`updated_at` FROM `role` WHERE `if_show`=1 LIMIT 0,10 
2022-07-06 23:26:42.005 [DEBU] {50f2e50df446ff1656b0f51cdd741795} [ 89 ms] [default] [rows:13 ] SHOW FULL COLUMNS FROM `role` 
2022-07-06 23:26:42.063 [DEBU] {50f2e50df446ff1656b0f51cdd741795} [ 56 ms] [default] [rows:0  ] SELECT `id`,`avatar`,`name`,`nickname`,`survival_stage`,`nationality`,`achievement`,`gender`,`content`,`views`,`if_show`,`created_at`,`updated_at` FROM `role` WHERE `if_show`=1 LIMIT 0,10 
2022-07-06 23:28:27.414 [DEBU] {80c70a990c47ff16ef7ea601ceb62b67} [ 85 ms] [default] [rows:13 ] SHOW FULL COLUMNS FROM `role` 
2022-07-06 23:28:27.462 [DEBU] {80c70a990c47ff16ef7ea601ceb62b67} [ 47 ms] [default] [rows:0  ] SELECT `id`,`avatar`,`name`,`nickname`,`survival_stage`,`nationality`,`achievement`,`gender`,`content`,`views`,`if_show`,`created_at`,`updated_at` FROM `role` WHERE `if_show`=1 LIMIT 0,10 
2022-07-06 23:31:43.774 [DEBU] {b86fda4c3a47ff167ddcd7752104524f} [154 ms] [default] [rows:13 ] SHOW FULL COLUMNS FROM `role` 
2022-07-06 23:31:43.824 [DEBU] {b86fda4c3a47ff167ddcd7752104524f} [ 48 ms] [default] [rows:0  ] SELECT `id`,`avatar`,`name`,`nickname`,`survival_stage`,`nationality`,`achievement`,`gender`,`content`,`views`,`if_show`,`created_at`,`updated_at` FROM `role` WHERE `if_show`=1 LIMIT 0,10 
2022-07-06 23:33:09.227 [DEBU] {00887c364e47ff167fdcd775b5ba49b8} [ 84 ms] [default] [rows:7  ] SHOW FULL COLUMNS FROM `user` 
2022-07-06 23:33:09.277 [DEBU] {00887c364e47ff167fdcd775b5ba49b8} [ 48 ms] [default] [rows:1  ] SELECT `id`,`avatar`,`nickname`,`phone`,`password`,`status`,`created_at` FROM `user` WHERE `phone`='15105191182' LIMIT 1 
2022-07-06 23:33:28.583 [DEBU] {58280fbb5247ff1680dcd775ff2cba39} [ 36 ms] [default] [rows:1  ] SELECT `id`,`avatar`,`nickname`,`phone`,`password`,`status`,`created_at` FROM `user` WHERE `phone`='15105191182' LIMIT 1 
2022-07-06 23:33:34.283 [DEBU] {e8cbb30e5447ff1681dcd775ae895cc6} [ 38 ms] [default] [rows:1  ] SELECT `id`,`avatar`,`nickname`,`phone`,`password`,`status`,`created_at` FROM `user` WHERE `phone`='15105191182' LIMIT 1 
2022-07-06 23:34:29.759 [DEBU] {f82b22f66047ff16bf8f0c39ce12100d} [ 91 ms] [default] [rows:7  ] SHOW FULL COLUMNS FROM `user` 
2022-07-06 23:34:29.800 [DEBU] {f82b22f66047ff16bf8f0c39ce12100d} [ 40 ms] [default] [rows:1  ] SELECT `id`,`avatar`,`nickname`,`phone`,`password`,`status`,`created_at` FROM `user` WHERE `phone`='15105191182' LIMIT 1 
2022-07-06 23:38:41.974 [DEBU] {884ca6ae9b47ff16c08f0c39213acfd5} [101 ms] [default] [rows:13 ] SHOW FULL COLUMNS FROM `role` 
2022-07-06 23:38:42.016 [DEBU] {884ca6ae9b47ff16c08f0c39213acfd5} [ 42 ms] [default] [rows:1  ] INSERT INTO `role`(`created_at`,`name`,`nationality`,`content`,`updated_at`,`gender`,`avatar`,`nickname`,`survival_stage`,`if_show`,`achievement`) VALUES('2022-07-06 23:38:41','李四','汉族','string','2022-07-06 23:38:41',1,'https://goframe.org/pages/viewpage.action?pageId=1114517&src=contextnavpagetreemode','小李四','掩体',1,'123')  
2022-07-06 23:38:50.741 [DEBU] {b09895bc9d47ff16c18f0c39f5382046} [ 46 ms] [default] [rows:1  ] INSERT INTO `role`(`nationality`,`created_at`,`content`,`name`,`avatar`,`survival_stage`,`achievement`,`gender`,`updated_at`,`nickname`,`if_show`) VALUES('汉族','2022-07-06 23:38:50','string','李四1','https://goframe.org/pages/viewpage.action?pageId=1114517&src=contextnavpagetreemode','掩体','123',1,'2022-07-06 23:38:50','小李四',1)  
2022-07-06 23:38:54.632 [DEBU] {f0100ea49e47ff16c28f0c391a7e42d9} [ 54 ms] [default] [rows:1  ] INSERT INTO `role`(`name`,`achievement`,`nationality`,`if_show`,`created_at`,`updated_at`,`nickname`,`gender`,`content`,`avatar`,`survival_stage`) VALUES('李四2','123','汉族',1,'2022-07-06 23:38:54','2022-07-06 23:38:54','小李四',1,'string','https://goframe.org/pages/viewpage.action?pageId=1114517&src=contextnavpagetreemode','掩体')  
2022-07-06 23:38:57.337 [DEBU] {588e3b459f47ff16c38f0c3972be786d} [ 55 ms] [default] [rows:1  ] INSERT INTO `role`(`avatar`,`name`,`achievement`,`nickname`,`if_show`,`created_at`,`updated_at`,`nationality`,`survival_stage`,`content`,`gender`) VALUES('https://goframe.org/pages/viewpage.action?pageId=1114517&src=contextnavpagetreemode','李四3','123','小李四',1,'2022-07-06 23:38:57','2022-07-06 23:38:57','汉族','掩体','string',1)  
2022-07-06 23:39:00.556 [DEBU] {90ddb105a047ff16c48f0c39776e403b} [ 45 ms] [default] [rows:1  ] INSERT INTO `role`(`survival_stage`,`gender`,`if_show`,`name`,`nickname`,`avatar`,`created_at`,`updated_at`,`achievement`,`nationality`,`content`) VALUES('掩体',1,1,'李四4','小李四','https://goframe.org/pages/viewpage.action?pageId=1114517&src=contextnavpagetreemode','2022-07-06 23:39:00','2022-07-06 23:39:00','123','汉族','string')  
2022-07-06 23:39:03.578 [DEBU] {e061abb9a047ff16c58f0c3906201593} [ 47 ms] [default] [rows:1  ] INSERT INTO `role`(`if_show`,`nickname`,`achievement`,`created_at`,`updated_at`,`gender`,`nationality`,`content`,`survival_stage`,`avatar`,`name`) VALUES(1,'小李四','123','2022-07-06 23:39:03','2022-07-06 23:39:03',1,'汉族','string','掩体','https://goframe.org/pages/viewpage.action?pageId=1114517&src=contextnavpagetreemode','李四5')  
2022-07-06 23:39:13.366 [DEBU] {d85a7afca247ff16c68f0c39805fcc4a} [124 ms] [default] [rows:1  ] INSERT INTO `role`(`name`,`nickname`,`nationality`,`if_show`,`gender`,`avatar`,`updated_at`,`achievement`,`survival_stage`,`content`,`created_at`) VALUES('张三5','小李四','汉族',1,1,'https://goframe.org/pages/viewpage.action?pageId=1114517&src=contextnavpagetreemode','2022-07-06 23:39:13','123','掩体','string','2022-07-06 23:39:13')  
2022-07-06 23:39:16.975 [DEBU] {908ab1d7a347ff16c78f0c39fd454144} [ 55 ms] [default] [rows:1  ] INSERT INTO `role`(`content`,`created_at`,`avatar`,`nickname`,`nationality`,`name`,`updated_at`,`gender`,`survival_stage`,`achievement`,`if_show`) VALUES('string','2022-07-06 23:39:16','https://goframe.org/pages/viewpage.action?pageId=1114517&src=contextnavpagetreemode','小李四','汉族','张三4','2022-07-06 23:39:16',1,'掩体','123',1)  
2022-07-06 23:39:19.169 [DEBU] {c011085ba447ff16c88f0c3983abb317} [ 45 ms] [default] [rows:1  ] INSERT INTO `role`(`updated_at`,`achievement`,`created_at`,`content`,`avatar`,`nationality`,`gender`,`nickname`,`if_show`,`name`,`survival_stage`) VALUES('2022-07-06 23:39:19','123','2022-07-06 23:39:19','string','https://goframe.org/pages/viewpage.action?pageId=1114517&src=contextnavpagetreemode','汉族',1,'小李四',1,'张三3','掩体')  
2022-07-06 23:39:20.845 [DEBU] {48a389bfa447ff16c98f0c3901795c10} [ 36 ms] [default] [rows:1  ] INSERT INTO `role`(`survival_stage`,`nickname`,`created_at`,`achievement`,`if_show`,`avatar`,`name`,`nationality`,`gender`,`updated_at`,`content`) VALUES('掩体','小李四','2022-07-06 23:39:20','123',1,'https://goframe.org/pages/viewpage.action?pageId=1114517&src=contextnavpagetreemode','张三2','汉族',1,'2022-07-06 23:39:20','string')  
2022-07-06 23:39:24.751 [DEBU] {b8c3b5a7a547ff16ca8f0c3938a683f0} [ 47 ms] [default] [rows:1  ] INSERT INTO `role`(`content`,`survival_stage`,`achievement`,`created_at`,`gender`,`if_show`,`name`,`nickname`,`avatar`,`updated_at`,`nationality`) VALUES('string','掩体','123','2022-07-06 23:39:24',1,1,'张三1','小李四','https://goframe.org/pages/viewpage.action?pageId=1114517&src=contextnavpagetreemode','2022-07-06 23:39:24','汉族')  
2022-07-06 23:39:30.030 [DEBU] {b0a374e2a647ff16cb8f0c398a94102f} [ 45 ms] [default] [rows:1  ] INSERT INTO `role`(`nationality`,`if_show`,`avatar`,`achievement`,`gender`,`name`,`content`,`updated_at`,`survival_stage`,`nickname`,`created_at`) VALUES('汉族',1,'https://goframe.org/pages/viewpage.action?pageId=1114517&src=contextnavpagetreemode','123',1,'Jane','string','2022-07-06 23:39:29','掩体','小李四','2022-07-06 23:39:29')  
2022-07-06 23:39:34.055 [DEBU] {103696d2a747ff16cc8f0c392928aff9} [ 41 ms] [default] [rows:1  ] INSERT INTO `role`(`content`,`avatar`,`nickname`,`nationality`,`achievement`,`updated_at`,`gender`,`if_show`,`name`,`survival_stage`,`created_at`) VALUES('string','https://goframe.org/pages/viewpage.action?pageId=1114517&src=contextnavpagetreemode','小李四','汉族','123','2022-07-06 23:39:34',1,1,'Bob','掩体','2022-07-06 23:39:34')  
2022-07-06 23:39:37.516 [DEBU] {e84e9aa0a847ff16cd8f0c391f7ba138} [ 45 ms] [default] [rows:10 ] SELECT `id`,`avatar`,`name`,`nickname`,`survival_stage`,`nationality`,`achievement`,`gender`,`content`,`views`,`if_show`,`created_at`,`updated_at` FROM `role` WHERE `if_show`=1 LIMIT 0,10 
2022-07-06 23:39:37.561 [DEBU] {e84e9aa0a847ff16cd8f0c391f7ba138} [ 44 ms] [default] [rows:1  ] SELECT COUNT(1) FROM `role` WHERE `if_show`=1 
2022-07-06 23:40:49.399 [DEBU] {a09cc95ab947ff166a189e26c1d88bcb} [ 85 ms] [default] [rows:13 ] SHOW FULL COLUMNS FROM `role` 
2022-07-06 23:40:49.439 [DEBU] {a09cc95ab947ff166a189e26c1d88bcb} [ 39 ms] [default] [rows:10 ] SELECT `id`,`avatar`,`name`,`nickname`,`survival_stage`,`nationality`,`achievement`,`gender`,`content`,`views`,`if_show`,`created_at`,`updated_at` FROM `role` WHERE `if_show`=1 LIMIT 0,10 
2022-07-06 23:40:49.481 [DEBU] {a09cc95ab947ff166a189e26c1d88bcb} [ 37 ms] [default] [rows:1  ] SELECT COUNT(1) FROM `role` WHERE `if_show`=1 
2022-07-06 23:41:44.982 [DEBU] {682f3a4bc647ff1678505553cb1f467a} [ 94 ms] [default] [rows:13 ] SHOW FULL COLUMNS FROM `role` 
2022-07-06 23:41:45.020 [DEBU] {682f3a4bc647ff1678505553cb1f467a} [ 37 ms] [default] [rows:10 ] SELECT `id`,`avatar`,`name`,`nickname`,`survival_stage`,`nationality`,`achievement`,`gender`,`content`,`if_show` FROM `role` WHERE `if_show`=1 LIMIT 0,10 
2022-07-06 23:41:45.056 [DEBU] {682f3a4bc647ff1678505553cb1f467a} [ 35 ms] [default] [rows:1  ] SELECT COUNT(1) FROM `role` WHERE `if_show`=1 
2022-07-06 23:42:39.014 [DEBU] {002967dfd247ff1679505553700f56ce} [101 ms] [default] [rows:2  ] SELECT `id`,`avatar`,`name`,`nickname`,`survival_stage`,`nationality`,`achievement`,`gender`,`content`,`if_show` FROM `role` WHERE `if_show`=1 LIMIT 0,2 
2022-07-06 23:42:39.056 [DEBU] {002967dfd247ff1679505553700f56ce} [ 41 ms] [default] [rows:1  ] SELECT COUNT(1) FROM `role` WHERE `if_show`=1 
2022-07-06 23:43:01.061 [DEBU] {f0502405d847ff167a505553d3b03b62} [ 41 ms] [default] [rows:2  ] SELECT `id`,`avatar`,`name`,`nickname`,`survival_stage`,`nationality`,`achievement`,`gender`,`content`,`if_show` FROM `role` WHERE `if_show`=1 LIMIT 2,2 
2022-07-06 23:43:01.101 [DEBU] {f0502405d847ff167a505553d3b03b62} [ 40 ms] [default] [rows:1  ] SELECT COUNT(1) FROM `role` WHERE `if_show`=1 
2022-07-06 23:53:19.731 [DEBU] {788bf10c6848ff16f4bcab4f77927d8d} [103 ms] [default] [rows:13 ] SHOW FULL COLUMNS FROM `role` 
2022-07-06 23:53:19.781 [DEBU] {788bf10c6848ff16f4bcab4f77927d8d} [ 49 ms] [default] [rows:2  ] SELECT `id`,`avatar`,`name`,`nickname`,`survival_stage`,`nationality`,`achievement`,`gender`,`content`,`if_show` FROM `role` WHERE `if_show`=1 LIMIT 2,2 
2022-07-06 23:53:19.818 [DEBU] {788bf10c6848ff16f4bcab4f77927d8d} [ 37 ms] [default] [rows:1  ] SELECT COUNT(1) FROM `role` WHERE `if_show`=1 
2022-07-06 23:54:25.048 [DEBU] {f07095427748ff165090f529a1dca749} [ 96 ms] [default] [rows:13 ] SHOW FULL COLUMNS FROM `role` 
2022-07-06 23:54:25.091 [DEBU] {f07095427748ff165090f529a1dca749} [ 41 ms] [default] [rows:2  ] SELECT `id`,`avatar`,`name`,`nickname`,`survival_stage`,`nationality`,`achievement`,`gender`,`content`,`if_show` FROM `role` WHERE `if_show`=1 LIMIT 2,2 
2022-07-06 23:54:25.134 [DEBU] {f07095427748ff165090f529a1dca749} [ 42 ms] [default] [rows:1  ] SELECT COUNT(1) FROM `role` WHERE `if_show`=1 
