2022-07-10 00:00:00.386 [DEBU] {88b04f0d833400175f92b5795ed4cd84} [ 45 ms] [default] [rows:3  ] SELECT `id`,`avatar`,`name`,`nickname`,`survival_stage`,`nationality`,`achievement`,`gender`,`content`,`if_show` FROM `role` WHERE `if_show`=1 LIMIT 0,3 
2022-07-10 00:00:00.428 [DEBU] {88b04f0d833400175f92b5795ed4cd84} [ 36 ms] [default] [rows:1  ] SELECT COUNT(1) FROM `role` WHERE `if_show`=1 
2022-07-10 00:00:29.446 [DEBU] {081f49ce893400176092b579fd3509de} [ 96 ms] [default] [rows:3  ] SELECT `id`,`avatar`,`name`,`nickname`,`survival_stage`,`nationality`,`achievement`,`gender`,`content`,`if_show` FROM `role` WHERE `if_show`=1 LIMIT 0,3 
2022-07-10 00:00:29.488 [DEBU] {081f49ce893400176092b579fd3509de} [ 33 ms] [default] [rows:1  ] SELECT COUNT(1) FROM `role` WHERE `if_show`=1 
2022-07-10 00:00:40.782 [DEBU] {50bcce748c3400176192b5796c5859c6} [ 44 ms] [default] [rows:3  ] SELECT `id`,`avatar`,`name`,`nickname`,`survival_stage`,`nationality`,`achievement`,`gender`,`content`,`if_show` FROM `role` WHERE `if_show`=1 LIMIT 0,3 
2022-07-10 00:00:40.819 [DEBU] {50bcce748c3400176192b5796c5859c6} [ 34 ms] [default] [rows:1  ] SELECT COUNT(1) FROM `role` WHERE `if_show`=1 
2022-07-10 00:00:42.761 [DEBU] {a0532aeb8c3400176292b579e4e89206} [ 42 ms] [default] [rows:3  ] SELECT `id`,`avatar`,`name`,`nickname`,`survival_stage`,`nationality`,`achievement`,`gender`,`content`,`if_show` FROM `role` WHERE `if_show`=1 LIMIT 0,3 
2022-07-10 00:00:42.798 [DEBU] {a0532aeb8c3400176292b579e4e89206} [ 36 ms] [default] [rows:1  ] SELECT COUNT(1) FROM `role` WHERE `if_show`=1 
2022-07-10 00:03:45.228 [DEBU] {88128663b73400176392b579f9b85e25} [102 ms] [default] [rows:3  ] SELECT `id`,`avatar`,`name`,`nickname`,`survival_stage`,`nationality`,`achievement`,`gender`,`content`,`if_show` FROM `role` WHERE `if_show`=1 LIMIT 0,3 
2022-07-10 00:03:45.269 [DEBU] {88128663b73400176392b579f9b85e25} [ 35 ms] [default] [rows:1  ] SELECT COUNT(1) FROM `role` WHERE `if_show`=1 
2022-07-10 00:03:48.162 [DEBU] {68738d15b83400176492b57942c73722} [ 49 ms] [default] [rows:3  ] SELECT `id`,`avatar`,`name`,`nickname`,`survival_stage`,`nationality`,`achievement`,`gender`,`content`,`if_show` FROM `role` WHERE `if_show`=1 LIMIT 0,3 
2022-07-10 00:03:48.202 [DEBU] {68738d15b83400176492b57942c73722} [ 39 ms] [default] [rows:1  ] SELECT COUNT(1) FROM `role` WHERE `if_show`=1 
2022-07-10 00:04:15.186 [DEBU] {90db1a60be3400176592b579f0d04f0e} [ 52 ms] [default] [rows:3  ] SELECT `id`,`avatar`,`name`,`nickname`,`survival_stage`,`nationality`,`achievement`,`gender`,`content`,`if_show` FROM `role` WHERE `if_show`=1 LIMIT 0,3 
2022-07-10 00:04:15.225 [DEBU] {90db1a60be3400176592b579f0d04f0e} [ 37 ms] [default] [rows:1  ] SELECT COUNT(1) FROM `role` WHERE `if_show`=1 
2022-07-10 00:04:18.514 [DEBU] {a0163824bf3400176692b5795565965c} [ 90 ms] [default] [rows:3  ] SELECT `id`,`avatar`,`name`,`nickname`,`survival_stage`,`nationality`,`achievement`,`gender`,`content`,`if_show` FROM `role` WHERE `if_show`=1 LIMIT 0,3 
2022-07-10 00:04:18.556 [DEBU] {a0163824bf3400176692b5795565965c} [ 40 ms] [default] [rows:1  ] SELECT COUNT(1) FROM `role` WHERE `if_show`=1 
2022-07-10 00:05:12.183 [DEBU] {603627a3cb3400176792b5791e658ea0} [ 90 ms] [default] [rows:3  ] SELECT `id`,`avatar`,`name`,`nickname`,`survival_stage`,`nationality`,`achievement`,`gender`,`content`,`if_show` FROM `role` WHERE `if_show`=1 LIMIT 0,3 
2022-07-10 00:05:12.224 [DEBU] {603627a3cb3400176792b5791e658ea0} [ 39 ms] [default] [rows:1  ] SELECT COUNT(1) FROM `role` WHERE `if_show`=1 
2022-07-10 00:05:13.976 [DEBU] {18e6bf10cc3400176892b57995274f98} [ 44 ms] [default] [rows:3  ] SELECT `id`,`avatar`,`name`,`nickname`,`survival_stage`,`nationality`,`achievement`,`gender`,`content`,`if_show` FROM `role` WHERE `if_show`=1 LIMIT 0,3 
2022-07-10 00:05:14.013 [DEBU] {18e6bf10cc3400176892b57995274f98} [ 36 ms] [default] [rows:1  ] SELECT COUNT(1) FROM `role` WHERE `if_show`=1 
2022-07-10 00:06:52.314 [DEBU] {40a0f2f3e23400176992b579f6b81a7f} [ 81 ms] [default] [rows:3  ] SELECT `id`,`avatar`,`name`,`nickname`,`survival_stage`,`nationality`,`achievement`,`gender`,`content`,`if_show` FROM `role` WHERE `if_show`=1 LIMIT 0,3 
2022-07-10 00:06:52.349 [DEBU] {40a0f2f3e23400176992b579f6b81a7f} [ 31 ms] [default] [rows:1  ] SELECT COUNT(1) FROM `role` WHERE `if_show`=1 
2022-07-10 00:07:05.021 [DEBU] {18a641ece53400176a92b579b834999f} [ 32 ms] [default] [rows:3  ] SELECT `id`,`avatar`,`name`,`nickname`,`survival_stage`,`nationality`,`achievement`,`gender`,`content`,`if_show` FROM `role` WHERE (`if_show`=1) AND (`name` LIKE '%小%') OR (`nickname` LIKE '%小%') LIMIT 0,3 
2022-07-10 00:07:05.059 [DEBU] {18a641ece53400176a92b579b834999f} [ 36 ms] [default] [rows:1  ] SELECT COUNT(1) FROM `role` WHERE (`if_show`=1) AND (`name` LIKE '%小%') OR (`nickname` LIKE '%小%') 
2022-07-10 00:08:33.367 [DEBU] {a0e9eb7afa3400176b92b579c1c63784} [ 85 ms] [default] [rows:3  ] SELECT `id`,`avatar`,`name`,`nickname`,`survival_stage`,`nationality`,`achievement`,`gender`,`content`,`if_show` FROM `role` WHERE `if_show`=1 LIMIT 0,3 
2022-07-10 00:08:33.402 [DEBU] {a0e9eb7afa3400176b92b579c1c63784} [ 34 ms] [default] [rows:1  ] SELECT COUNT(1) FROM `role` WHERE `if_show`=1 
2022-07-10 00:08:38.119 [DEBU] {b0eee998fb3400176c92b5793e0f39ab} [ 39 ms] [default] [rows:3  ] SELECT `id`,`avatar`,`name`,`nickname`,`survival_stage`,`nationality`,`achievement`,`gender`,`content`,`if_show` FROM `role` WHERE `if_show`=1 LIMIT 0,3 
2022-07-10 00:08:38.155 [DEBU] {b0eee998fb3400176c92b5793e0f39ab} [ 35 ms] [default] [rows:1  ] SELECT COUNT(1) FROM `role` WHERE `if_show`=1 
2022-07-10 00:08:41.622 [DEBU] {7820fb69fc3400176d92b579f5184e4a} [ 35 ms] [default] [rows:3  ] SELECT `id`,`avatar`,`name`,`nickname`,`survival_stage`,`nationality`,`achievement`,`gender`,`content`,`if_show` FROM `role` WHERE (`if_show`=1) AND (`name` LIKE '%李%') OR (`nickname` LIKE '%李%') LIMIT 0,3 
2022-07-10 00:08:41.659 [DEBU] {7820fb69fc3400176d92b579f5184e4a} [ 36 ms] [default] [rows:1  ] SELECT COUNT(1) FROM `role` WHERE (`if_show`=1) AND (`name` LIKE '%李%') OR (`nickname` LIKE '%李%') 
2022-07-10 00:12:16.603 [DEBU] {70d05c742e3500176e92b5795941c80b} [ 92 ms] [default] [rows:3  ] SELECT `id`,`avatar`,`name`,`nickname`,`survival_stage`,`nationality`,`achievement`,`gender`,`content`,`if_show` FROM `role` WHERE `if_show`=1 LIMIT 0,3 
2022-07-10 00:12:16.638 [DEBU] {70d05c742e3500176e92b5795941c80b} [ 32 ms] [default] [rows:1  ] SELECT COUNT(1) FROM `role` WHERE `if_show`=1 
2022-07-10 00:12:22.111 [DEBU] {4019f2bf2f3500176f92b579bbc95a40} [ 38 ms] [default] [rows:3  ] SELECT `id`,`avatar`,`name`,`nickname`,`survival_stage`,`nationality`,`achievement`,`gender`,`content`,`if_show` FROM `role` WHERE (`if_show`=1) AND (`name` LIKE '%李%') OR (`nickname` LIKE '%李%') LIMIT 0,3 
2022-07-10 00:12:22.144 [DEBU] {4019f2bf2f3500176f92b579bbc95a40} [ 32 ms] [default] [rows:1  ] SELECT COUNT(1) FROM `role` WHERE (`if_show`=1) AND (`name` LIKE '%李%') OR (`nickname` LIKE '%李%') 
2022-07-10 00:12:51.256 [DEBU] {f8887185363500177092b57984acd50b} [100 ms] [default] [rows:3  ] SELECT `id`,`avatar`,`name`,`nickname`,`survival_stage`,`nationality`,`achievement`,`gender`,`content`,`if_show` FROM `role` WHERE `if_show`=1 LIMIT 0,3 
2022-07-10 00:12:51.294 [DEBU] {f8887185363500177092b57984acd50b} [ 37 ms] [default] [rows:1  ] SELECT COUNT(1) FROM `role` WHERE `if_show`=1 
2022-07-10 00:15:28.791 [DEBU] {78daf9335b3500177192b5791c891cb5} [ 88 ms] [default] [rows:3  ] SELECT `id`,`avatar`,`name`,`nickname`,`survival_stage`,`nationality`,`achievement`,`gender`,`content`,`if_show` FROM `role` WHERE `if_show`=1 LIMIT 0,3 
2022-07-10 00:15:28.832 [DEBU] {78daf9335b3500177192b5791c891cb5} [ 40 ms] [default] [rows:1  ] SELECT COUNT(1) FROM `role` WHERE `if_show`=1 
2022-07-10 00:15:39.403 [DEBU] {10e36caf5d3500177292b5794b7bb026} [ 39 ms] [default] [rows:2  ] SELECT `id`,`avatar`,`name`,`nickname`,`survival_stage`,`nationality`,`achievement`,`gender`,`content`,`if_show` FROM `role` WHERE (`if_show`=1) AND (`name` LIKE '%1%') OR (`nickname` LIKE '%1%') LIMIT 0,3 
2022-07-10 00:15:39.442 [DEBU] {10e36caf5d3500177292b5794b7bb026} [ 37 ms] [default] [rows:1  ] SELECT COUNT(1) FROM `role` WHERE (`if_show`=1) AND (`name` LIKE '%1%') OR (`nickname` LIKE '%1%') 
2022-07-10 00:15:44.591 [DEBU] {00c4d3e45e3500177392b5794b4df3aa} [ 36 ms] [default] [rows:3  ] SELECT `id`,`avatar`,`name`,`nickname`,`survival_stage`,`nationality`,`achievement`,`gender`,`content`,`if_show` FROM `role` WHERE (`if_show`=1) AND (`name` LIKE '%小%') OR (`nickname` LIKE '%小%') LIMIT 0,3 
2022-07-10 00:15:44.628 [DEBU] {00c4d3e45e3500177392b5794b4df3aa} [ 36 ms] [default] [rows:1  ] SELECT COUNT(1) FROM `role` WHERE (`if_show`=1) AND (`name` LIKE '%小%') OR (`nickname` LIKE '%小%') 
2022-07-10 00:16:28.450 [DEBU] {e84ed317693500177492b579c456a04f} [ 90 ms] [default] [rows:3  ] SELECT `id`,`avatar`,`name`,`nickname`,`survival_stage`,`nationality`,`achievement`,`gender`,`content`,`if_show` FROM `role` WHERE `if_show`=1 LIMIT 0,3 
2022-07-10 00:16:28.486 [DEBU] {e84ed317693500177492b579c456a04f} [ 32 ms] [default] [rows:1  ] SELECT COUNT(1) FROM `role` WHERE `if_show`=1 
2022-07-10 00:16:31.372 [DEBU] {d02f86c8693500177592b579f6dd7ef1} [ 46 ms] [default] [rows:3  ] SELECT `id`,`avatar`,`name`,`nickname`,`survival_stage`,`nationality`,`achievement`,`gender`,`content`,`if_show` FROM `role` WHERE (`if_show`=1) AND (`name` LIKE '%小%') OR (`nickname` LIKE '%小%') LIMIT 0,3 
2022-07-10 00:16:31.408 [DEBU] {d02f86c8693500177592b579f6dd7ef1} [ 35 ms] [default] [rows:1  ] SELECT COUNT(1) FROM `role` WHERE (`if_show`=1) AND (`name` LIKE '%小%') OR (`nickname` LIKE '%小%') 
2022-07-10 00:16:34.114 [DEBU] {4033c36c6a3500177692b5791d443dd2} [ 34 ms] [default] [rows:2  ] SELECT `id`,`avatar`,`name`,`nickname`,`survival_stage`,`nationality`,`achievement`,`gender`,`content`,`if_show` FROM `role` WHERE (`if_show`=1) AND (`name` LIKE '%2%') OR (`nickname` LIKE '%2%') LIMIT 0,3 
2022-07-10 00:16:34.150 [DEBU] {4033c36c6a3500177692b5791d443dd2} [ 35 ms] [default] [rows:1  ] SELECT COUNT(1) FROM `role` WHERE (`if_show`=1) AND (`name` LIKE '%2%') OR (`nickname` LIKE '%2%') 
2022-07-10 00:16:55.713 [DEBU] {a8011c746f3500177792b5790d18d424} [ 34 ms] [default] [rows:3  ] SELECT `id`,`avatar`,`name`,`nickname`,`survival_stage`,`nationality`,`achievement`,`gender`,`content`,`if_show` FROM `role` WHERE `if_show`=1 LIMIT 0,3 
2022-07-10 00:16:55.748 [DEBU] {a8011c746f3500177792b5790d18d424} [ 34 ms] [default] [rows:1  ] SELECT COUNT(1) FROM `role` WHERE `if_show`=1 
2022-07-10 00:16:58.906 [DEBU] {5079c82e703500177892b579f20c995c} [ 96 ms] [default] [rows:2  ] SELECT `id`,`avatar`,`name`,`nickname`,`survival_stage`,`nationality`,`achievement`,`gender`,`content`,`if_show` FROM `role` WHERE (`if_show`=1) AND (`name` LIKE '%2%') OR (`nickname` LIKE '%2%') LIMIT 0,3 
2022-07-10 00:16:58.944 [DEBU] {5079c82e703500177892b579f20c995c} [ 36 ms] [default] [rows:1  ] SELECT COUNT(1) FROM `role` WHERE (`if_show`=1) AND (`name` LIKE '%2%') OR (`nickname` LIKE '%2%') 
2022-07-10 00:17:50.074 [DEBU] {60fa0a187c3500177992b579778e38c9} [ 96 ms] [default] [rows:3  ] SELECT `id`,`avatar`,`name`,`nickname`,`survival_stage`,`nationality`,`achievement`,`gender`,`content`,`if_show` FROM `role` WHERE `if_show`=1 LIMIT 0,3 
2022-07-10 00:17:50.112 [DEBU] {60fa0a187c3500177992b579778e38c9} [ 37 ms] [default] [rows:1  ] SELECT COUNT(1) FROM `role` WHERE `if_show`=1 
2022-07-10 00:18:11.601 [DEBU] {4812771f813500177a92b57907432fbc} [ 32 ms] [default] [rows:3  ] SELECT `id`,`avatar`,`name`,`nickname`,`survival_stage`,`nationality`,`achievement`,`gender`,`content`,`if_show` FROM `role` WHERE `if_show`=1 LIMIT 0,3 
2022-07-10 00:18:11.634 [DEBU] {4812771f813500177a92b57907432fbc} [ 32 ms] [default] [rows:1  ] SELECT COUNT(1) FROM `role` WHERE `if_show`=1 
2022-07-10 00:18:11.673 [DEBU] {3011c823813500177b92b579aec8b66c} [ 33 ms] [default] [rows:3  ] SELECT `id`,`avatar`,`name`,`nickname`,`survival_stage`,`nationality`,`achievement`,`gender`,`content`,`if_show` FROM `role` WHERE `if_show`=1 LIMIT 0,3 
2022-07-10 00:18:11.708 [DEBU] {3011c823813500177b92b579aec8b66c} [ 34 ms] [default] [rows:1  ] SELECT COUNT(1) FROM `role` WHERE `if_show`=1 
2022-07-10 00:18:11.746 [DEBU] {003ffd27813500177c92b579a2c649a0} [ 36 ms] [default] [rows:3  ] SELECT `id`,`avatar`,`name`,`nickname`,`survival_stage`,`nationality`,`achievement`,`gender`,`content`,`if_show` FROM `role` WHERE `if_show`=1 LIMIT 0,3 
2022-07-10 00:18:11.786 [DEBU] {003ffd27813500177c92b579a2c649a0} [ 35 ms] [default] [rows:1  ] SELECT COUNT(1) FROM `role` WHERE `if_show`=1 
2022-07-10 00:18:11.826 [DEBU] {e864032d813500177d92b5793bc91dab} [ 31 ms] [default] [rows:3  ] SELECT `id`,`avatar`,`name`,`nickname`,`survival_stage`,`nationality`,`achievement`,`gender`,`content`,`if_show` FROM `role` WHERE `if_show`=1 LIMIT 0,3 
2022-07-10 00:18:11.860 [DEBU] {e864032d813500177d92b5793bc91dab} [ 33 ms] [default] [rows:1  ] SELECT COUNT(1) FROM `role` WHERE `if_show`=1 
2022-07-10 00:18:11.895 [DEBU] {5041fc30813500177e92b5794ffbf700} [ 32 ms] [default] [rows:3  ] SELECT `id`,`avatar`,`name`,`nickname`,`survival_stage`,`nationality`,`achievement`,`gender`,`content`,`if_show` FROM `role` WHERE `if_show`=1 LIMIT 0,3 
2022-07-10 00:18:11.927 [DEBU] {5041fc30813500177e92b5794ffbf700} [ 31 ms] [default] [rows:1  ] SELECT COUNT(1) FROM `role` WHERE `if_show`=1 
2022-07-10 00:18:11.960 [DEBU] {88f5fc34813500177f92b5791c9e401b} [ 32 ms] [default] [rows:3  ] SELECT `id`,`avatar`,`name`,`nickname`,`survival_stage`,`nationality`,`achievement`,`gender`,`content`,`if_show` FROM `role` WHERE `if_show`=1 LIMIT 0,3 
2022-07-10 00:18:11.991 [DEBU] {88f5fc34813500177f92b5791c9e401b} [ 30 ms] [default] [rows:1  ] SELECT COUNT(1) FROM `role` WHERE `if_show`=1 
2022-07-10 00:18:12.160 [DEBU] {8855d538813500178092b5798dadb5a8} [167 ms] [default] [rows:3  ] SELECT `id`,`avatar`,`name`,`nickname`,`survival_stage`,`nationality`,`achievement`,`gender`,`content`,`if_show` FROM `role` WHERE `if_show`=1 LIMIT 0,3 
2022-07-10 00:18:12.190 [DEBU] {8855d538813500178092b5798dadb5a8} [ 30 ms] [default] [rows:1  ] SELECT COUNT(1) FROM `role` WHERE `if_show`=1 
2022-07-10 00:18:22.522 [DEBU] {685648a6833500178192b579bc9839ed} [101 ms] [default] [rows:3  ] SELECT `id`,`avatar`,`name`,`nickname`,`survival_stage`,`nationality`,`achievement`,`gender`,`content`,`if_show` FROM `role` WHERE `if_show`=1 LIMIT 0,3 
2022-07-10 00:18:22.565 [DEBU] {685648a6833500178192b579bc9839ed} [ 36 ms] [default] [rows:1  ] SELECT COUNT(1) FROM `role` WHERE `if_show`=1 
2022-07-10 00:18:25.227 [DEBU] {e8fc174b843500178292b579901967e4} [ 43 ms] [default] [rows:3  ] SELECT `id`,`avatar`,`name`,`nickname`,`survival_stage`,`nationality`,`achievement`,`gender`,`content`,`if_show` FROM `role` WHERE `if_show`=1 LIMIT 0,3 
2022-07-10 00:18:25.270 [DEBU] {e8fc174b843500178292b579901967e4} [ 42 ms] [default] [rows:1  ] SELECT COUNT(1) FROM `role` WHERE `if_show`=1 
2022-07-10 00:18:29.672 [DEBU] {586e2c54853500178392b579c6833cf7} [ 40 ms] [default] [rows:3  ] SELECT `id`,`avatar`,`name`,`nickname`,`survival_stage`,`nationality`,`achievement`,`gender`,`content`,`if_show` FROM `role` WHERE `if_show`=1 LIMIT 0,3 
2022-07-10 00:18:29.714 [DEBU] {586e2c54853500178392b579c6833cf7} [ 37 ms] [default] [rows:1  ] SELECT COUNT(1) FROM `role` WHERE `if_show`=1 
2022-07-10 00:18:44.486 [DEBU] {e05bafc6883500178492b57920788ef6} [ 48 ms] [default] [rows:3  ] SELECT `id`,`avatar`,`name`,`nickname`,`survival_stage`,`nationality`,`achievement`,`gender`,`content`,`if_show` FROM `role` WHERE `if_show`=1 LIMIT 0,3 
2022-07-10 00:18:44.528 [DEBU] {e05bafc6883500178492b57920788ef6} [ 41 ms] [default] [rows:1  ] SELECT COUNT(1) FROM `role` WHERE `if_show`=1 
2022-07-10 00:18:53.241 [DEBU] {78a326cd8a3500178592b5794b819c44} [ 97 ms] [default] [rows:3  ] SELECT `id`,`avatar`,`name`,`nickname`,`survival_stage`,`nationality`,`achievement`,`gender`,`content`,`if_show` FROM `role` WHERE `if_show`=1 LIMIT 0,3 
2022-07-10 00:18:53.281 [DEBU] {78a326cd8a3500178592b5794b819c44} [ 36 ms] [default] [rows:1  ] SELECT COUNT(1) FROM `role` WHERE `if_show`=1 
2022-07-10 00:18:57.261 [DEBU] {58b202c08b3500178692b5794a6fd65f} [ 45 ms] [default] [rows:3  ] SELECT `id`,`avatar`,`name`,`nickname`,`survival_stage`,`nationality`,`achievement`,`gender`,`content`,`if_show` FROM `role` WHERE `if_show`=1 LIMIT 0,3 
2022-07-10 00:18:57.305 [DEBU] {58b202c08b3500178692b5794a6fd65f} [ 43 ms] [default] [rows:1  ] SELECT COUNT(1) FROM `role` WHERE `if_show`=1 
2022-07-10 00:19:04.807 [DEBU] {a85479828d3500178792b579a2a2ab8d} [ 37 ms] [default] [rows:3  ] SELECT `id`,`avatar`,`name`,`nickname`,`survival_stage`,`nationality`,`achievement`,`gender`,`content`,`if_show` FROM `role` WHERE (`if_show`=1) AND (`name` LIKE '%小%') OR (`nickname` LIKE '%小%') LIMIT 0,3 
2022-07-10 00:19:04.845 [DEBU] {a85479828d3500178792b579a2a2ab8d} [ 37 ms] [default] [rows:1  ] SELECT COUNT(1) FROM `role` WHERE (`if_show`=1) AND (`name` LIKE '%小%') OR (`nickname` LIKE '%小%') 
2022-07-10 00:19:07.401 [DEBU] {30c31e1d8e3500178892b57915744106} [ 37 ms] [default] [rows:2  ] SELECT `id`,`avatar`,`name`,`nickname`,`survival_stage`,`nationality`,`achievement`,`gender`,`content`,`if_show` FROM `role` WHERE (`if_show`=1) AND (`name` LIKE '%2%') OR (`nickname` LIKE '%2%') LIMIT 0,3 
2022-07-10 00:19:07.442 [DEBU] {30c31e1d8e3500178892b57915744106} [ 40 ms] [default] [rows:1  ] SELECT COUNT(1) FROM `role` WHERE (`if_show`=1) AND (`name` LIKE '%2%') OR (`nickname` LIKE '%2%') 
2022-07-10 00:19:09.713 [DEBU] {70bd6ea68e3500178992b57915d275f0} [ 46 ms] [default] [rows:3  ] SELECT `id`,`avatar`,`name`,`nickname`,`survival_stage`,`nationality`,`achievement`,`gender`,`content`,`if_show` FROM `role` WHERE `if_show`=1 LIMIT 0,3 
2022-07-10 00:19:09.751 [DEBU] {70bd6ea68e3500178992b57915d275f0} [ 36 ms] [default] [rows:1  ] SELECT COUNT(1) FROM `role` WHERE `if_show`=1 
2022-07-10 00:19:11.721 [DEBU] {00093e1e8f3500178a92b5796b66853a} [ 44 ms] [default] [rows:0  ] SELECT `id`,`avatar`,`name`,`nickname`,`survival_stage`,`nationality`,`achievement`,`gender`,`content`,`if_show` FROM `role` WHERE (`if_show`=1) AND (`name` LIKE '%11%') OR (`nickname` LIKE '%11%') LIMIT 0,3 
2022-07-10 00:19:14.041 [DEBU] {d01b80a88f3500178b92b5791fb4157a} [ 45 ms] [default] [rows:0  ] SELECT `id`,`avatar`,`name`,`nickname`,`survival_stage`,`nationality`,`achievement`,`gender`,`content`,`if_show` FROM `role` WHERE (`if_show`=1) AND (`name` LIKE '%111%') OR (`nickname` LIKE '%111%') LIMIT 0,3 
2022-07-10 00:20:10.378 [DEBU] {984198c29c3500178c92b579ed6b1fb3} [102 ms] [default] [rows:3  ] SELECT `id`,`avatar`,`name`,`nickname`,`survival_stage`,`nationality`,`achievement`,`gender`,`content`,`if_show` FROM `role` WHERE `if_show`=1 LIMIT 0,3 
2022-07-10 00:20:10.418 [DEBU] {984198c29c3500178c92b579ed6b1fb3} [ 39 ms] [default] [rows:1  ] SELECT COUNT(1) FROM `role` WHERE `if_show`=1 
2022-07-10 00:20:16.946 [DEBU] {2090254e9e3500178d92b5793f3ddc17} [ 41 ms] [default] [rows:3  ] SELECT `id`,`avatar`,`name`,`nickname`,`survival_stage`,`nationality`,`achievement`,`gender`,`content`,`if_show` FROM `role` WHERE `if_show`=1 LIMIT 0,3 
2022-07-10 00:20:17.022 [DEBU] {2090254e9e3500178d92b5793f3ddc17} [ 75 ms] [default] [rows:1  ] SELECT COUNT(1) FROM `role` WHERE `if_show`=1 
2022-07-10 00:20:20.901 [DEBU] {4816ae399f3500178e92b57905433803} [ 44 ms] [default] [rows:0  ] SELECT `id`,`avatar`,`name`,`nickname`,`survival_stage`,`nationality`,`achievement`,`gender`,`content`,`if_show` FROM `role` WHERE (`if_show`=1) AND (`name` LIKE '%aaaa%') OR (`nickname` LIKE '%aaaa%') LIMIT 0,3 
2022-07-10 00:20:24.293 [DEBU] {e8d67204a03500178f92b579084e3bfd} [ 35 ms] [default] [rows:3  ] SELECT `id`,`avatar`,`name`,`nickname`,`survival_stage`,`nationality`,`achievement`,`gender`,`content`,`if_show` FROM `role` WHERE (`if_show`=1) AND (`name` LIKE '%小%') OR (`nickname` LIKE '%小%') LIMIT 0,3 
2022-07-10 00:20:24.330 [DEBU] {e8d67204a03500178f92b579084e3bfd} [ 35 ms] [default] [rows:1  ] SELECT COUNT(1) FROM `role` WHERE (`if_show`=1) AND (`name` LIKE '%小%') OR (`nickname` LIKE '%小%') 
2022-07-10 00:20:25.830 [DEBU] {9855b65fa03500179092b579d1e1fdd2} [ 41 ms] [default] [rows:3  ] SELECT `id`,`avatar`,`name`,`nickname`,`survival_stage`,`nationality`,`achievement`,`gender`,`content`,`if_show` FROM `role` WHERE `if_show`=1 LIMIT 0,3 
2022-07-10 00:20:25.869 [DEBU] {9855b65fa03500179092b579d1e1fdd2} [ 38 ms] [default] [rows:1  ] SELECT COUNT(1) FROM `role` WHERE `if_show`=1 
2022-07-10 00:20:28.166 [DEBU] {102b51eaa03500179192b5794d07bead} [ 51 ms] [default] [rows:0  ] SELECT `id`,`avatar`,`name`,`nickname`,`survival_stage`,`nationality`,`achievement`,`gender`,`content`,`if_show` FROM `role` WHERE (`if_show`=1) AND (`name` LIKE '%s%') OR (`nickname` LIKE '%s%') LIMIT 0,3 
2022-07-10 00:20:29.172 [DEBU] {a8f19c26a13500179292b57930cd879e} [ 45 ms] [default] [rows:3  ] SELECT `id`,`avatar`,`name`,`nickname`,`survival_stage`,`nationality`,`achievement`,`gender`,`content`,`if_show` FROM `role` WHERE `if_show`=1 LIMIT 0,3 
2022-07-10 00:20:29.215 [DEBU] {a8f19c26a13500179292b57930cd879e} [ 41 ms] [default] [rows:1  ] SELECT COUNT(1) FROM `role` WHERE `if_show`=1 
2022-07-10 00:20:37.478 [DEBU] {c0a5c615a33500179392b5795668a405} [ 44 ms] [default] [rows:3  ] SELECT `id`,`avatar`,`name`,`nickname`,`survival_stage`,`nationality`,`achievement`,`gender`,`content`,`if_show` FROM `role` WHERE `if_show`=1 LIMIT 6,3 
2022-07-10 00:20:37.516 [DEBU] {c0a5c615a33500179392b5795668a405} [ 37 ms] [default] [rows:1  ] SELECT COUNT(1) FROM `role` WHERE `if_show`=1 
2022-07-10 00:20:38.424 [DEBU] {58c0994ea33500179492b579786e58d0} [ 37 ms] [default] [rows:3  ] SELECT `id`,`avatar`,`name`,`nickname`,`survival_stage`,`nationality`,`achievement`,`gender`,`content`,`if_show` FROM `role` WHERE `if_show`=1 LIMIT 9,3 
2022-07-10 00:20:38.468 [DEBU] {58c0994ea33500179492b579786e58d0} [ 42 ms] [default] [rows:1  ] SELECT COUNT(1) FROM `role` WHERE `if_show`=1 
2022-07-10 00:20:39.355 [DEBU] {90d02386a33500179592b57941508a58} [ 36 ms] [default] [rows:2  ] SELECT `id`,`avatar`,`name`,`nickname`,`survival_stage`,`nationality`,`achievement`,`gender`,`content`,`if_show` FROM `role` WHERE `if_show`=1 LIMIT 12,3 
2022-07-10 00:20:39.392 [DEBU] {90d02386a33500179592b57941508a58} [ 36 ms] [default] [rows:1  ] SELECT COUNT(1) FROM `role` WHERE `if_show`=1 
2022-07-10 00:20:47.901 [DEBU] {9850ab7ea53500179692b579ccfcb802} [114 ms] [default] [rows:3  ] SELECT `id`,`avatar`,`name`,`nickname`,`survival_stage`,`nationality`,`achievement`,`gender`,`content`,`if_show` FROM `role` WHERE `if_show`=1 LIMIT 9,3 
2022-07-10 00:20:47.946 [DEBU] {9850ab7ea53500179692b579ccfcb802} [ 43 ms] [default] [rows:1  ] SELECT COUNT(1) FROM `role` WHERE `if_show`=1 
2022-07-10 00:20:50.508 [DEBU] {7840221ea63500179792b579550cf3de} [ 49 ms] [default] [rows:3  ] SELECT `id`,`avatar`,`name`,`nickname`,`survival_stage`,`nationality`,`achievement`,`gender`,`content`,`if_show` FROM `role` WHERE `if_show`=1 LIMIT 6,3 
2022-07-10 00:20:50.554 [DEBU] {7840221ea63500179792b579550cf3de} [ 44 ms] [default] [rows:1  ] SELECT COUNT(1) FROM `role` WHERE `if_show`=1 
2022-07-10 00:20:52.036 [DEBU] {40694979a63500179892b5791113f155} [ 47 ms] [default] [rows:3  ] SELECT `id`,`avatar`,`name`,`nickname`,`survival_stage`,`nationality`,`achievement`,`gender`,`content`,`if_show` FROM `role` WHERE `if_show`=1 LIMIT 3,3 
2022-07-10 00:20:52.078 [DEBU] {40694979a63500179892b5791113f155} [ 41 ms] [default] [rows:1  ] SELECT COUNT(1) FROM `role` WHERE `if_show`=1 
2022-07-10 00:20:53.566 [DEBU] {e0c34dd4a63500179992b5794c24ef4d} [ 51 ms] [default] [rows:3  ] SELECT `id`,`avatar`,`name`,`nickname`,`survival_stage`,`nationality`,`achievement`,`gender`,`content`,`if_show` FROM `role` WHERE `if_show`=1 LIMIT 0,3 
2022-07-10 00:20:53.611 [DEBU] {e0c34dd4a63500179992b5794c24ef4d} [ 44 ms] [default] [rows:1  ] SELECT COUNT(1) FROM `role` WHERE `if_show`=1 
2022-07-10 00:20:55.100 [DEBU] {681c4d30a73500179a92b579165b7140} [ 41 ms] [default] [rows:3  ] SELECT `id`,`avatar`,`name`,`nickname`,`survival_stage`,`nationality`,`achievement`,`gender`,`content`,`if_show` FROM `role` WHERE `if_show`=1 LIMIT 3,3 
2022-07-10 00:20:55.149 [DEBU] {681c4d30a73500179a92b579165b7140} [ 48 ms] [default] [rows:1  ] SELECT COUNT(1) FROM `role` WHERE `if_show`=1 
2022-07-10 00:20:56.596 [DEBU] {6002f888a73500179b92b5797d95e0b2} [ 49 ms] [default] [rows:3  ] SELECT `id`,`avatar`,`name`,`nickname`,`survival_stage`,`nationality`,`achievement`,`gender`,`content`,`if_show` FROM `role` WHERE `if_show`=1 LIMIT 6,3 
2022-07-10 00:20:56.638 [DEBU] {6002f888a73500179b92b5797d95e0b2} [ 41 ms] [default] [rows:1  ] SELECT COUNT(1) FROM `role` WHERE `if_show`=1 
2022-07-10 00:20:58.099 [DEBU] {60ff0ee3a73500179c92b5793fbfafa2} [ 41 ms] [default] [rows:3  ] SELECT `id`,`avatar`,`name`,`nickname`,`survival_stage`,`nationality`,`achievement`,`gender`,`content`,`if_show` FROM `role` WHERE `if_show`=1 LIMIT 9,3 
2022-07-10 00:20:58.145 [DEBU] {60ff0ee3a73500179c92b5793fbfafa2} [ 44 ms] [default] [rows:1  ] SELECT COUNT(1) FROM `role` WHERE `if_show`=1 
2022-07-10 00:21:00.008 [DEBU] {e88fd454a83500179d92b57927da530f} [ 42 ms] [default] [rows:2  ] SELECT `id`,`avatar`,`name`,`nickname`,`survival_stage`,`nationality`,`achievement`,`gender`,`content`,`if_show` FROM `role` WHERE `if_show`=1 LIMIT 12,3 
2022-07-10 00:21:00.050 [DEBU] {e88fd454a83500179d92b57927da530f} [ 41 ms] [default] [rows:1  ] SELECT COUNT(1) FROM `role` WHERE `if_show`=1 
2022-07-10 00:21:04.469 [DEBU] {f8cfde5da93500179e92b579e76e4131} [ 52 ms] [default] [rows:3  ] SELECT `id`,`avatar`,`name`,`nickname`,`survival_stage`,`nationality`,`achievement`,`gender`,`content`,`if_show` FROM `role` WHERE `if_show`=1 LIMIT 9,3 
2022-07-10 00:21:04.511 [DEBU] {f8cfde5da93500179e92b579e76e4131} [ 41 ms] [default] [rows:1  ] SELECT COUNT(1) FROM `role` WHERE `if_show`=1 
2022-07-10 00:21:09.901 [DEBU] {405913a2aa3500179f92b579211e5600} [ 49 ms] [default] [rows:3  ] SELECT `id`,`avatar`,`name`,`nickname`,`survival_stage`,`nationality`,`achievement`,`gender`,`content`,`if_show` FROM `role` WHERE `if_show`=1 LIMIT 6,3 
2022-07-10 00:21:09.946 [DEBU] {405913a2aa3500179f92b579211e5600} [ 44 ms] [default] [rows:1  ] SELECT COUNT(1) FROM `role` WHERE `if_show`=1 
2022-07-10 00:21:11.319 [DEBU] {0029fdf5aa350017a092b57995e38cdb} [ 59 ms] [default] [rows:3  ] SELECT `id`,`avatar`,`name`,`nickname`,`survival_stage`,`nationality`,`achievement`,`gender`,`content`,`if_show` FROM `role` WHERE `if_show`=1 LIMIT 9,3 
2022-07-10 00:21:11.366 [DEBU] {0029fdf5aa350017a092b57995e38cdb} [ 45 ms] [default] [rows:1  ] SELECT COUNT(1) FROM `role` WHERE `if_show`=1 
2022-07-10 00:21:12.497 [DEBU] {100f3d3dab350017a192b5797ef436e8} [ 41 ms] [default] [rows:3  ] SELECT `id`,`avatar`,`name`,`nickname`,`survival_stage`,`nationality`,`achievement`,`gender`,`content`,`if_show` FROM `role` WHERE `if_show`=1 LIMIT 6,3 
2022-07-10 00:21:12.539 [DEBU] {100f3d3dab350017a192b5797ef436e8} [ 41 ms] [default] [rows:1  ] SELECT COUNT(1) FROM `role` WHERE `if_show`=1 
2022-07-10 00:21:13.444 [DEBU] {b8f53975ab350017a292b579dfb9a515} [ 49 ms] [default] [rows:3  ] SELECT `id`,`avatar`,`name`,`nickname`,`survival_stage`,`nationality`,`achievement`,`gender`,`content`,`if_show` FROM `role` WHERE `if_show`=1 LIMIT 9,3 
2022-07-10 00:21:13.487 [DEBU] {b8f53975ab350017a292b579dfb9a515} [ 41 ms] [default] [rows:1  ] SELECT COUNT(1) FROM `role` WHERE `if_show`=1 
2022-07-10 00:21:14.420 [DEBU] {68e974afab350017a392b579f92bbcab} [ 48 ms] [default] [rows:3  ] SELECT `id`,`avatar`,`name`,`nickname`,`survival_stage`,`nationality`,`achievement`,`gender`,`content`,`if_show` FROM `role` WHERE `if_show`=1 LIMIT 6,3 
2022-07-10 00:21:14.465 [DEBU] {68e974afab350017a392b579f92bbcab} [ 44 ms] [default] [rows:1  ] SELECT COUNT(1) FROM `role` WHERE `if_show`=1 
2022-07-10 00:21:15.374 [DEBU] {88bd56e8ab350017a492b57914a928ce} [ 48 ms] [default] [rows:3  ] SELECT `id`,`avatar`,`name`,`nickname`,`survival_stage`,`nationality`,`achievement`,`gender`,`content`,`if_show` FROM `role` WHERE `if_show`=1 LIMIT 9,3 
2022-07-10 00:21:15.415 [DEBU] {88bd56e8ab350017a492b57914a928ce} [ 40 ms] [default] [rows:1  ] SELECT COUNT(1) FROM `role` WHERE `if_show`=1 
2022-07-10 00:21:16.228 [DEBU] {1885621bac350017a592b5798c7771c6} [ 43 ms] [default] [rows:3  ] SELECT `id`,`avatar`,`name`,`nickname`,`survival_stage`,`nationality`,`achievement`,`gender`,`content`,`if_show` FROM `role` WHERE `if_show`=1 LIMIT 6,3 
2022-07-10 00:21:16.269 [DEBU] {1885621bac350017a592b5798c7771c6} [ 39 ms] [default] [rows:1  ] SELECT COUNT(1) FROM `role` WHERE `if_show`=1 
2022-07-10 00:21:18.364 [DEBU] {c071ba97ac350017a692b579e2ab2993} [ 95 ms] [default] [rows:3  ] SELECT `id`,`avatar`,`name`,`nickname`,`survival_stage`,`nationality`,`achievement`,`gender`,`content`,`if_show` FROM `role` WHERE `if_show`=1 LIMIT 9,3 
2022-07-10 00:21:18.401 [DEBU] {c071ba97ac350017a692b579e2ab2993} [ 35 ms] [default] [rows:1  ] SELECT COUNT(1) FROM `role` WHERE `if_show`=1 
2022-07-10 00:21:21.950 [DEBU] {c0ff9870ad350017a792b579c8df296b} [ 43 ms] [default] [rows:2  ] SELECT `id`,`avatar`,`name`,`nickname`,`survival_stage`,`nationality`,`achievement`,`gender`,`content`,`if_show` FROM `role` WHERE `if_show`=1 LIMIT 12,3 
2022-07-10 00:21:21.989 [DEBU] {c0ff9870ad350017a792b579c8df296b} [ 38 ms] [default] [rows:1  ] SELECT COUNT(1) FROM `role` WHERE `if_show`=1 
2022-07-10 00:21:34.659 [DEBU] {e8de9d66b0350017a892b5793612d4fc} [ 34 ms] [default] [rows:3  ] SELECT `id`,`avatar`,`name`,`nickname`,`survival_stage`,`nationality`,`achievement`,`gender`,`content`,`if_show` FROM `role` WHERE `if_show`=1 LIMIT 6,3 
2022-07-10 00:21:34.695 [DEBU] {e8de9d66b0350017a892b5793612d4fc} [ 35 ms] [default] [rows:1  ] SELECT COUNT(1) FROM `role` WHERE `if_show`=1 
2022-07-10 00:21:49.014 [DEBU] {c8ef32bab3350017a992b579331fb72d} [102 ms] [default] [rows:3  ] SELECT `id`,`avatar`,`name`,`nickname`,`survival_stage`,`nationality`,`achievement`,`gender`,`content`,`if_show` FROM `role` WHERE `if_show`=1 LIMIT 0,3 
2022-07-10 00:21:49.055 [DEBU] {c8ef32bab3350017a992b579331fb72d} [ 39 ms] [default] [rows:1  ] SELECT COUNT(1) FROM `role` WHERE `if_show`=1 
2022-07-10 00:22:45.754 [DEBU] {581391f0c0350017aa92b579c89af965} [ 95 ms] [default] [rows:3  ] SELECT `id`,`avatar`,`name`,`nickname`,`survival_stage`,`nationality`,`achievement`,`gender`,`content`,`if_show` FROM `role` WHERE `if_show`=1 LIMIT 3,3 
2022-07-10 00:22:45.791 [DEBU] {581391f0c0350017aa92b579c89af965} [ 36 ms] [default] [rows:1  ] SELECT COUNT(1) FROM `role` WHERE `if_show`=1 
2022-07-10 00:22:47.520 [DEBU] {c8290c5dc1350017ab92b57975eb5577} [ 42 ms] [default] [rows:3  ] SELECT `id`,`avatar`,`name`,`nickname`,`survival_stage`,`nationality`,`achievement`,`gender`,`content`,`if_show` FROM `role` WHERE `if_show`=1 LIMIT 0,3 
2022-07-10 00:22:47.556 [DEBU] {c8290c5dc1350017ab92b57975eb5577} [ 34 ms] [default] [rows:1  ] SELECT COUNT(1) FROM `role` WHERE `if_show`=1 
2022-07-10 00:22:50.506 [DEBU] {f89b070fc2350017ac92b5795a8eaae1} [ 42 ms] [default] [rows:3  ] SELECT `id`,`avatar`,`name`,`nickname`,`survival_stage`,`nationality`,`achievement`,`gender`,`content`,`if_show` FROM `role` WHERE `if_show`=1 LIMIT 0,3 
2022-07-10 00:22:50.543 [DEBU] {f89b070fc2350017ac92b5795a8eaae1} [ 33 ms] [default] [rows:1  ] SELECT COUNT(1) FROM `role` WHERE `if_show`=1 
2022-07-10 00:22:51.782 [DEBU] {2897f45ac2350017ad92b579c2c27821} [ 44 ms] [default] [rows:3  ] SELECT `id`,`avatar`,`name`,`nickname`,`survival_stage`,`nationality`,`achievement`,`gender`,`content`,`if_show` FROM `role` WHERE `if_show`=1 LIMIT 0,3 
2022-07-10 00:22:51.815 [DEBU] {2897f45ac2350017ad92b579c2c27821} [ 32 ms] [default] [rows:1  ] SELECT COUNT(1) FROM `role` WHERE `if_show`=1 
2022-07-10 00:24:08.282 [DEBU] {a0557627d4350017ae92b579f5bd02fc} [ 98 ms] [default] [rows:3  ] SELECT `id`,`avatar`,`name`,`nickname`,`survival_stage`,`nationality`,`achievement`,`gender`,`content`,`if_show` FROM `role` WHERE `if_show`=1 LIMIT 0,3 
2022-07-10 00:24:08.319 [DEBU] {a0557627d4350017ae92b579f5bd02fc} [ 36 ms] [default] [rows:1  ] SELECT COUNT(1) FROM `role` WHERE `if_show`=1 
2022-07-10 00:24:17.595 [DEBU] {282cb055d6350017af92b579fde9aab7} [ 45 ms] [default] [rows:3  ] SELECT `id`,`avatar`,`name`,`nickname`,`survival_stage`,`nationality`,`achievement`,`gender`,`content`,`if_show` FROM `role` WHERE `if_show`=1 LIMIT 0,3 
2022-07-10 00:24:17.633 [DEBU] {282cb055d6350017af92b579fde9aab7} [ 36 ms] [default] [rows:1  ] SELECT COUNT(1) FROM `role` WHERE `if_show`=1 
2022-07-10 00:24:29.076 [DEBU] {68c84202d9350017b092b579bc506fe3} [ 41 ms] [default] [rows:3  ] SELECT `id`,`avatar`,`name`,`nickname`,`survival_stage`,`nationality`,`achievement`,`gender`,`content`,`if_show` FROM `role` WHERE `if_show`=1 LIMIT 0,3 
2022-07-10 00:24:29.116 [DEBU] {68c84202d9350017b092b579bc506fe3} [ 37 ms] [default] [rows:1  ] SELECT COUNT(1) FROM `role` WHERE `if_show`=1 
2022-07-10 00:24:51.512 [DEBU] {18353638de350017b192b579fa63888b} [ 97 ms] [default] [rows:3  ] SELECT `id`,`avatar`,`name`,`nickname`,`survival_stage`,`nationality`,`achievement`,`gender`,`content`,`if_show` FROM `role` WHERE `if_show`=1 LIMIT 0,3 
2022-07-10 00:24:51.547 [DEBU] {18353638de350017b192b579fa63888b} [ 35 ms] [default] [rows:1  ] SELECT COUNT(1) FROM `role` WHERE `if_show`=1 
2022-07-10 00:25:14.621 [DEBU] {d05e0d9de3350017b292b5799bd1d086} [ 39 ms] [default] [rows:3  ] SELECT `id`,`avatar`,`name`,`nickname`,`survival_stage`,`nationality`,`achievement`,`gender`,`content`,`if_show` FROM `role` WHERE `if_show`=1 LIMIT 0,3 
2022-07-10 00:25:14.657 [DEBU] {d05e0d9de3350017b292b5799bd1d086} [ 35 ms] [default] [rows:1  ] SELECT COUNT(1) FROM `role` WHERE `if_show`=1 
2022-07-10 00:25:17.693 [DEBU] {8027e753e4350017b392b57999e7bd24} [ 44 ms] [default] [rows:3  ] SELECT `id`,`avatar`,`name`,`nickname`,`survival_stage`,`nationality`,`achievement`,`gender`,`content`,`if_show` FROM `role` WHERE `if_show`=1 LIMIT 0,3 
2022-07-10 00:25:17.728 [DEBU] {8027e753e4350017b392b57999e7bd24} [ 35 ms] [default] [rows:1  ] SELECT COUNT(1) FROM `role` WHERE `if_show`=1 
2022-07-10 00:25:30.787 [DEBU] {40a4a25de7350017b492b579d0f662a7} [ 90 ms] [default] [rows:3  ] SELECT `id`,`avatar`,`name`,`nickname`,`survival_stage`,`nationality`,`achievement`,`gender`,`content`,`if_show` FROM `role` WHERE `if_show`=1 LIMIT 0,3 
2022-07-10 00:25:30.828 [DEBU] {40a4a25de7350017b492b579d0f662a7} [ 40 ms] [default] [rows:1  ] SELECT COUNT(1) FROM `role` WHERE `if_show`=1 
2022-07-10 00:25:32.601 [DEBU] {486353cce7350017b592b5796b252d49} [ 46 ms] [default] [rows:3  ] SELECT `id`,`avatar`,`name`,`nickname`,`survival_stage`,`nationality`,`achievement`,`gender`,`content`,`if_show` FROM `role` WHERE `if_show`=1 LIMIT 0,3 
2022-07-10 00:25:32.638 [DEBU] {486353cce7350017b592b5796b252d49} [ 37 ms] [default] [rows:1  ] SELECT COUNT(1) FROM `role` WHERE `if_show`=1 
2022-07-10 00:25:33.416 [DEBU] {b030fcfce7350017b692b57979c0f81b} [ 46 ms] [default] [rows:3  ] SELECT `id`,`avatar`,`name`,`nickname`,`survival_stage`,`nationality`,`achievement`,`gender`,`content`,`if_show` FROM `role` WHERE `if_show`=1 LIMIT 0,3 
2022-07-10 00:25:33.452 [DEBU] {b030fcfce7350017b692b57979c0f81b} [ 35 ms] [default] [rows:1  ] SELECT COUNT(1) FROM `role` WHERE `if_show`=1 
2022-07-10 00:25:39.776 [DEBU] {70d7d574e9350017b792b579b9a5d699} [ 47 ms] [default] [rows:3  ] SELECT `id`,`avatar`,`name`,`nickname`,`survival_stage`,`nationality`,`achievement`,`gender`,`content`,`if_show` FROM `role` WHERE `if_show`=1 LIMIT 0,3 
2022-07-10 00:25:39.817 [DEBU] {70d7d574e9350017b792b579b9a5d699} [ 34 ms] [default] [rows:1  ] SELECT COUNT(1) FROM `role` WHERE `if_show`=1 
2022-07-10 00:25:52.161 [DEBU] {e09c6c5aec350017b892b5797f90dc06} [ 43 ms] [default] [rows:3  ] SELECT `id`,`avatar`,`name`,`nickname`,`survival_stage`,`nationality`,`achievement`,`gender`,`content`,`if_show` FROM `role` WHERE `if_show`=1 LIMIT 0,3 
2022-07-10 00:25:52.198 [DEBU] {e09c6c5aec350017b892b5797f90dc06} [ 34 ms] [default] [rows:1  ] SELECT COUNT(1) FROM `role` WHERE `if_show`=1 
2022-07-10 00:25:55.982 [DEBU] {e86d4a3eed350017b992b579519f899b} [ 40 ms] [default] [rows:3  ] SELECT `id`,`avatar`,`name`,`nickname`,`survival_stage`,`nationality`,`achievement`,`gender`,`content`,`if_show` FROM `role` WHERE `if_show`=1 LIMIT 3,3 
2022-07-10 00:25:56.019 [DEBU] {e86d4a3eed350017b992b579519f899b} [ 36 ms] [default] [rows:1  ] SELECT COUNT(1) FROM `role` WHERE `if_show`=1 
2022-07-10 00:25:57.034 [DEBU] {3815237ded350017ba92b57969c48d78} [ 39 ms] [default] [rows:3  ] SELECT `id`,`avatar`,`name`,`nickname`,`survival_stage`,`nationality`,`achievement`,`gender`,`content`,`if_show` FROM `role` WHERE `if_show`=1 LIMIT 6,3 
2022-07-10 00:25:57.071 [DEBU] {3815237ded350017ba92b57969c48d78} [ 35 ms] [default] [rows:1  ] SELECT COUNT(1) FROM `role` WHERE `if_show`=1 
2022-07-10 00:25:57.902 [DEBU] {a077b6b0ed350017bb92b579ede3a580} [ 41 ms] [default] [rows:3  ] SELECT `id`,`avatar`,`name`,`nickname`,`survival_stage`,`nationality`,`achievement`,`gender`,`content`,`if_show` FROM `role` WHERE `if_show`=1 LIMIT 9,3 
2022-07-10 00:25:57.938 [DEBU] {a077b6b0ed350017bb92b579ede3a580} [ 35 ms] [default] [rows:1  ] SELECT COUNT(1) FROM `role` WHERE `if_show`=1 
2022-07-10 00:25:58.500 [DEBU] {e8cb4bd4ed350017bc92b5797baeef9e} [ 41 ms] [default] [rows:2  ] SELECT `id`,`avatar`,`name`,`nickname`,`survival_stage`,`nationality`,`achievement`,`gender`,`content`,`if_show` FROM `role` WHERE `if_show`=1 LIMIT 12,3 
2022-07-10 00:25:58.537 [DEBU] {e8cb4bd4ed350017bc92b5797baeef9e} [ 36 ms] [default] [rows:1  ] SELECT COUNT(1) FROM `role` WHERE `if_show`=1 
2022-07-10 00:25:59.657 [DEBU] {10b9aa19ee350017bd92b5790a979b10} [ 35 ms] [default] [rows:3  ] SELECT `id`,`avatar`,`name`,`nickname`,`survival_stage`,`nationality`,`achievement`,`gender`,`content`,`if_show` FROM `role` WHERE `if_show`=1 LIMIT 0,3 
2022-07-10 00:25:59.692 [DEBU] {10b9aa19ee350017bd92b5790a979b10} [ 32 ms] [default] [rows:1  ] SELECT COUNT(1) FROM `role` WHERE `if_show`=1 
2022-07-10 00:26:19.491 [DEBU] {98d2e2b3f2350017be92b57945a48cba} [101 ms] [default] [rows:3  ] SELECT `id`,`avatar`,`name`,`nickname`,`survival_stage`,`nationality`,`achievement`,`gender`,`content`,`if_show` FROM `role` WHERE `if_show`=1 LIMIT 0,3 
2022-07-10 00:26:19.539 [DEBU] {98d2e2b3f2350017be92b57945a48cba} [ 36 ms] [default] [rows:1  ] SELECT COUNT(1) FROM `role` WHERE `if_show`=1 
2022-07-10 00:26:27.113 [DEBU] {f836257ef4350017bf92b579809f5c95} [ 36 ms] [default] [rows:3  ] SELECT `id`,`avatar`,`name`,`nickname`,`survival_stage`,`nationality`,`achievement`,`gender`,`content`,`if_show` FROM `role` WHERE `if_show`=1 LIMIT 0,3 
2022-07-10 00:26:27.155 [DEBU] {f836257ef4350017bf92b579809f5c95} [ 40 ms] [default] [rows:1  ] SELECT COUNT(1) FROM `role` WHERE `if_show`=1 
2022-07-10 00:26:29.964 [DEBU] {40498f27f5350017c092b5791c078cfd} [ 44 ms] [default] [rows:3  ] SELECT `id`,`avatar`,`name`,`nickname`,`survival_stage`,`nationality`,`achievement`,`gender`,`content`,`if_show` FROM `role` WHERE `if_show`=1 LIMIT 0,3 
2022-07-10 00:26:30.001 [DEBU] {40498f27f5350017c092b5791c078cfd} [ 36 ms] [default] [rows:1  ] SELECT COUNT(1) FROM `role` WHERE `if_show`=1 
2022-07-10 00:26:33.846 [DEBU] {c0c4e20ef6350017c192b5790d8cc9a9} [ 45 ms] [default] [rows:3  ] SELECT `id`,`avatar`,`name`,`nickname`,`survival_stage`,`nationality`,`achievement`,`gender`,`content`,`if_show` FROM `role` WHERE `if_show`=1 LIMIT 0,3 
2022-07-10 00:26:33.889 [DEBU] {c0c4e20ef6350017c192b5790d8cc9a9} [ 39 ms] [default] [rows:1  ] SELECT COUNT(1) FROM `role` WHERE `if_show`=1 
2022-07-10 00:26:39.078 [DEBU] {f07f8746f7350017c292b579bb7affa1} [ 48 ms] [default] [rows:3  ] SELECT `id`,`avatar`,`name`,`nickname`,`survival_stage`,`nationality`,`achievement`,`gender`,`content`,`if_show` FROM `role` WHERE `if_show`=1 LIMIT 0,3 
2022-07-10 00:26:39.115 [DEBU] {f07f8746f7350017c292b579bb7affa1} [ 36 ms] [default] [rows:1  ] SELECT COUNT(1) FROM `role` WHERE `if_show`=1 
2022-07-10 00:26:44.954 [DEBU] {88bec9a4f8350017c392b5793a2e473a} [ 48 ms] [default] [rows:3  ] SELECT `id`,`avatar`,`name`,`nickname`,`survival_stage`,`nationality`,`achievement`,`gender`,`content`,`if_show` FROM `role` WHERE `if_show`=1 LIMIT 0,3 
2022-07-10 00:26:44.994 [DEBU] {88bec9a4f8350017c392b5793a2e473a} [ 35 ms] [default] [rows:1  ] SELECT COUNT(1) FROM `role` WHERE `if_show`=1 
2022-07-10 00:26:47.378 [DEBU] {b0978735f9350017c492b57993e76c8b} [ 44 ms] [default] [rows:3  ] SELECT `id`,`avatar`,`name`,`nickname`,`survival_stage`,`nationality`,`achievement`,`gender`,`content`,`if_show` FROM `role` WHERE `if_show`=1 LIMIT 0,3 
2022-07-10 00:26:47.418 [DEBU] {b0978735f9350017c492b57993e76c8b} [ 39 ms] [default] [rows:1  ] SELECT COUNT(1) FROM `role` WHERE `if_show`=1 
2022-07-10 00:26:51.914 [DEBU] {b0fb3441fa350017c592b579b6a9d7cf} [ 89 ms] [default] [rows:3  ] SELECT `id`,`avatar`,`name`,`nickname`,`survival_stage`,`nationality`,`achievement`,`gender`,`content`,`if_show` FROM `role` WHERE `if_show`=1 LIMIT 0,3 
2022-07-10 00:26:51.951 [DEBU] {b0fb3441fa350017c592b579b6a9d7cf} [ 36 ms] [default] [rows:1  ] SELECT COUNT(1) FROM `role` WHERE `if_show`=1 
2022-07-10 00:26:58.803 [DEBU] {c021dddefb350017c692b579265d03e2} [ 38 ms] [default] [rows:3  ] SELECT `id`,`avatar`,`name`,`nickname`,`survival_stage`,`nationality`,`achievement`,`gender`,`content`,`if_show` FROM `role` WHERE `if_show`=1 LIMIT 0,3 
2022-07-10 00:26:58.839 [DEBU] {c021dddefb350017c692b579265d03e2} [ 35 ms] [default] [rows:1  ] SELECT COUNT(1) FROM `role` WHERE `if_show`=1 
2022-07-10 00:27:13.881 [DEBU] {b0d73d61ff350017c792b57995d3f6ab} [ 44 ms] [default] [rows:3  ] SELECT `id`,`avatar`,`name`,`nickname`,`survival_stage`,`nationality`,`achievement`,`gender`,`content`,`if_show` FROM `role` WHERE `if_show`=1 LIMIT 0,3 
2022-07-10 00:27:13.915 [DEBU] {b0d73d61ff350017c792b57995d3f6ab} [ 33 ms] [default] [rows:1  ] SELECT COUNT(1) FROM `role` WHERE `if_show`=1 
2022-07-10 00:27:16.861 [DEBU] {403abc1200360017c892b5795579168d} [ 46 ms] [default] [rows:3  ] SELECT `id`,`avatar`,`name`,`nickname`,`survival_stage`,`nationality`,`achievement`,`gender`,`content`,`if_show` FROM `role` WHERE `if_show`=1 LIMIT 0,3 
2022-07-10 00:27:16.925 [DEBU] {403abc1200360017c892b5795579168d} [ 62 ms] [default] [rows:1  ] SELECT COUNT(1) FROM `role` WHERE `if_show`=1 
2022-07-10 16:23:16.914 [DEBU] {80488a3c2b6a001787d5e4734517c27f} [ 99 ms] [default] [rows:13 ] SHOW FULL COLUMNS FROM `role` 
2022-07-10 16:23:16.956 [DEBU] {80488a3c2b6a001787d5e4734517c27f} [ 39 ms] [default] [rows:3  ] SELECT `id`,`avatar`,`name`,`nickname`,`survival_stage`,`nationality`,`achievement`,`gender`,`content`,`if_show` FROM `role` WHERE `if_show`=1 LIMIT 0,3 
2022-07-10 16:23:16.996 [DEBU] {80488a3c2b6a001787d5e4734517c27f} [ 39 ms] [default] [rows:1  ] SELECT COUNT(1) FROM `role` WHERE `if_show`=1 
2022-07-10 16:23:27.283 [DEBU] {8032f9a92d6a001788d5e47344d9426c} [ 50 ms] [default] [rows:0  ] SELECT `id`,`avatar`,`name`,`nickname`,`survival_stage`,`nationality`,`achievement`,`gender`,`content`,`if_show` FROM `role` WHERE (`if_show`=1) AND (`name` LIKE '%x%') OR (`nickname` LIKE '%x%') LIMIT 0,3 
2022-07-10 16:23:37.765 [DEBU] {600c1c1b306a001789d5e47344fa13be} [ 46 ms] [default] [rows:3  ] SELECT `id`,`avatar`,`name`,`nickname`,`survival_stage`,`nationality`,`achievement`,`gender`,`content`,`if_show` FROM `role` WHERE (`if_show`=1) AND (`name` LIKE '%小%') OR (`nickname` LIKE '%小%') LIMIT 0,3 
2022-07-10 16:23:37.815 [DEBU] {600c1c1b306a001789d5e47344fa13be} [ 48 ms] [default] [rows:1  ] SELECT COUNT(1) FROM `role` WHERE (`if_show`=1) AND (`name` LIKE '%小%') OR (`nickname` LIKE '%小%') 
2022-07-10 16:23:45.792 [DEBU] {204f07f4316a00178ad5e4732957b0ba} [139 ms] [default] [rows:2  ] SELECT `id`,`avatar`,`name`,`nickname`,`survival_stage`,`nationality`,`achievement`,`gender`,`content`,`if_show` FROM `role` WHERE (`if_show`=1) AND (`name` LIKE '%2%') OR (`nickname` LIKE '%2%') LIMIT 0,3 
2022-07-10 16:23:45.834 [DEBU] {204f07f4316a00178ad5e4732957b0ba} [ 40 ms] [default] [rows:1  ] SELECT COUNT(1) FROM `role` WHERE (`if_show`=1) AND (`name` LIKE '%2%') OR (`nickname` LIKE '%2%') 
2022-07-10 16:28:13.931 [DEBU] {c88b8264706a00178bd5e4730e9cfb67} [103 ms] [default] [rows:3  ] SELECT `id`,`avatar`,`name`,`nickname`,`survival_stage`,`nationality`,`achievement`,`gender`,`content`,`if_show` FROM `role` WHERE `if_show`=1 LIMIT 0,3 
2022-07-10 16:28:13.971 [DEBU] {c88b8264706a00178bd5e4730e9cfb67} [ 39 ms] [default] [rows:1  ] SELECT COUNT(1) FROM `role` WHERE `if_show`=1 
2022-07-10 16:28:42.505 [DEBU] {80c0980f776a00178cd5e473e390dd6f} [ 37 ms] [default] [rows:2  ] SELECT `id`,`avatar`,`name`,`nickname`,`survival_stage`,`nationality`,`achievement`,`gender`,`content`,`if_show` FROM `role` WHERE (`if_show`=1) AND (`name` LIKE '%1%') OR (`nickname` LIKE '%1%') LIMIT 0,3 
2022-07-10 16:28:42.546 [DEBU] {80c0980f776a00178cd5e473e390dd6f} [ 38 ms] [default] [rows:1  ] SELECT COUNT(1) FROM `role` WHERE (`if_show`=1) AND (`name` LIKE '%1%') OR (`nickname` LIKE '%1%') 
2022-07-10 16:29:00.393 [DEBU] {387afc357b6a00178dd5e47316626a2b} [101 ms] [default] [rows:3  ] SELECT `id`,`avatar`,`name`,`nickname`,`survival_stage`,`nationality`,`achievement`,`gender`,`content`,`if_show` FROM `role` WHERE `if_show`=1 LIMIT 0,3 
2022-07-10 16:29:00.437 [DEBU] {387afc357b6a00178dd5e47316626a2b} [ 43 ms] [default] [rows:1  ] SELECT COUNT(1) FROM `role` WHERE `if_show`=1 
2022-07-10 16:29:02.854 [DEBU] {98f69ccc7b6a00178ed5e4732c4eca83} [ 35 ms] [default] [rows:3  ] SELECT `id`,`avatar`,`name`,`nickname`,`survival_stage`,`nationality`,`achievement`,`gender`,`content`,`if_show` FROM `role` WHERE `if_show`=1 LIMIT 3,3 
2022-07-10 16:29:02.895 [DEBU] {98f69ccc7b6a00178ed5e4732c4eca83} [ 40 ms] [default] [rows:1  ] SELECT COUNT(1) FROM `role` WHERE `if_show`=1 
2022-07-10 16:29:03.620 [DEBU] {10f585f97b6a00178fd5e4735e82adc1} [ 48 ms] [default] [rows:3  ] SELECT `id`,`avatar`,`name`,`nickname`,`survival_stage`,`nationality`,`achievement`,`gender`,`content`,`if_show` FROM `role` WHERE `if_show`=1 LIMIT 6,3 
2022-07-10 16:29:03.659 [DEBU] {10f585f97b6a00178fd5e4735e82adc1} [ 39 ms] [default] [rows:1  ] SELECT COUNT(1) FROM `role` WHERE `if_show`=1 
2022-07-10 16:29:04.973 [DEBU] {70c0ae4a7c6a001790d5e473fc65d425} [ 39 ms] [default] [rows:3  ] SELECT `id`,`avatar`,`name`,`nickname`,`survival_stage`,`nationality`,`achievement`,`gender`,`content`,`if_show` FROM `role` WHERE `if_show`=1 LIMIT 9,3 
2022-07-10 16:29:05.017 [DEBU] {70c0ae4a7c6a001790d5e473fc65d425} [ 43 ms] [default] [rows:1  ] SELECT COUNT(1) FROM `role` WHERE `if_show`=1 
2022-07-10 16:29:05.958 [DEBU] {8009ee847c6a001791d5e47393ead40c} [ 46 ms] [default] [rows:2  ] SELECT `id`,`avatar`,`name`,`nickname`,`survival_stage`,`nationality`,`achievement`,`gender`,`content`,`if_show` FROM `role` WHERE `if_show`=1 LIMIT 12,3 
2022-07-10 16:29:06.158 [DEBU] {8009ee847c6a001791d5e47393ead40c} [199 ms] [default] [rows:1  ] SELECT COUNT(1) FROM `role` WHERE `if_show`=1 
2022-07-10 16:29:07.496 [DEBU] {00560be17c6a001792d5e473b6ca043a} [ 39 ms] [default] [rows:3  ] SELECT `id`,`avatar`,`name`,`nickname`,`survival_stage`,`nationality`,`achievement`,`gender`,`content`,`if_show` FROM `role` WHERE `if_show`=1 LIMIT 6,3 
2022-07-10 16:29:07.534 [DEBU] {00560be17c6a001792d5e473b6ca043a} [ 37 ms] [default] [rows:1  ] SELECT COUNT(1) FROM `role` WHERE `if_show`=1 
2022-07-10 16:29:09.525 [DEBU] {887c11597d6a001793d5e4731bb73e48} [ 54 ms] [default] [rows:3  ] SELECT `id`,`avatar`,`name`,`nickname`,`survival_stage`,`nationality`,`achievement`,`gender`,`content`,`if_show` FROM `role` WHERE `if_show`=1 LIMIT 0,3 
2022-07-10 16:29:09.565 [DEBU] {887c11597d6a001793d5e4731bb73e48} [ 39 ms] [default] [rows:1  ] SELECT COUNT(1) FROM `role` WHERE `if_show`=1 
2022-07-10 16:29:11.828 [DEBU] {2092dee27d6a001794d5e473f4d617bc} [ 44 ms] [default] [rows:3  ] SELECT `id`,`avatar`,`name`,`nickname`,`survival_stage`,`nationality`,`achievement`,`gender`,`content`,`if_show` FROM `role` WHERE `if_show`=1 LIMIT 3,3 
2022-07-10 16:29:11.863 [DEBU] {2092dee27d6a001794d5e473f4d617bc} [ 34 ms] [default] [rows:1  ] SELECT COUNT(1) FROM `role` WHERE `if_show`=1 
2022-07-10 16:29:13.876 [DEBU] {b03fe55c7e6a001795d5e47317ab5905} [ 47 ms] [default] [rows:3  ] SELECT `id`,`avatar`,`name`,`nickname`,`survival_stage`,`nationality`,`achievement`,`gender`,`content`,`if_show` FROM `role` WHERE `if_show`=1 LIMIT 0,3 
2022-07-10 16:29:13.918 [DEBU] {b03fe55c7e6a001795d5e47317ab5905} [ 40 ms] [default] [rows:1  ] SELECT COUNT(1) FROM `role` WHERE `if_show`=1 
2022-07-10 16:33:32.697 [DEBU] {40cddc9cba6a001796d5e4730d36b220} [ 96 ms] [default] [rows:3  ] SELECT `id`,`avatar`,`name`,`nickname`,`survival_stage`,`nationality`,`achievement`,`gender`,`content`,`if_show` FROM `role` WHERE `if_show`=1 LIMIT 0,3 
2022-07-10 16:33:32.734 [DEBU] {40cddc9cba6a001796d5e4730d36b220} [ 36 ms] [default] [rows:1  ] SELECT COUNT(1) FROM `role` WHERE `if_show`=1 
2022-07-10 16:33:35.888 [DEBU] {d885a15ebb6a001797d5e4737ee666e4} [ 37 ms] [default] [rows:3  ] SELECT `id`,`avatar`,`name`,`nickname`,`survival_stage`,`nationality`,`achievement`,`gender`,`content`,`if_show` FROM `role` WHERE `if_show`=1 LIMIT 0,3 
2022-07-10 16:33:35.927 [DEBU] {d885a15ebb6a001797d5e4737ee666e4} [ 38 ms] [default] [rows:1  ] SELECT COUNT(1) FROM `role` WHERE `if_show`=1 
2022-07-10 16:33:37.716 [DEBU] {f0b5a5cbbb6a001798d5e473a6806540} [ 36 ms] [default] [rows:3  ] SELECT `id`,`avatar`,`name`,`nickname`,`survival_stage`,`nationality`,`achievement`,`gender`,`content`,`if_show` FROM `role` WHERE `if_show`=1 LIMIT 0,3 
2022-07-10 16:33:37.753 [DEBU] {f0b5a5cbbb6a001798d5e473a6806540} [ 36 ms] [default] [rows:1  ] SELECT COUNT(1) FROM `role` WHERE `if_show`=1 
2022-07-10 16:33:41.608 [DEBU] {20ca3cb3bc6a001799d5e47342e81bb3} [ 42 ms] [default] [rows:3  ] SELECT `id`,`avatar`,`name`,`nickname`,`survival_stage`,`nationality`,`achievement`,`gender`,`content`,`if_show` FROM `role` WHERE `if_show`=1 LIMIT 0,3 
2022-07-10 16:33:41.644 [DEBU] {20ca3cb3bc6a001799d5e47342e81bb3} [ 35 ms] [default] [rows:1  ] SELECT COUNT(1) FROM `role` WHERE `if_show`=1 
2022-07-10 16:34:40.151 [DEBU] {588aad50ca6a00179ad5e47340704939} [108 ms] [default] [rows:3  ] SELECT `id`,`avatar`,`name`,`nickname`,`survival_stage`,`nationality`,`achievement`,`gender`,`content`,`if_show` FROM `role` WHERE `if_show`=1 LIMIT 0,3 
2022-07-10 16:34:40.190 [DEBU] {588aad50ca6a00179ad5e47340704939} [ 37 ms] [default] [rows:1  ] SELECT COUNT(1) FROM `role` WHERE `if_show`=1 
2022-07-10 16:34:42.146 [DEBU] {e8f18fcbca6a00179bd5e4731e291ac4} [ 43 ms] [default] [rows:3  ] SELECT `id`,`avatar`,`name`,`nickname`,`survival_stage`,`nationality`,`achievement`,`gender`,`content`,`if_show` FROM `role` WHERE `if_show`=1 LIMIT 0,3 
2022-07-10 16:34:42.181 [DEBU] {e8f18fcbca6a00179bd5e4731e291ac4} [ 34 ms] [default] [rows:1  ] SELECT COUNT(1) FROM `role` WHERE `if_show`=1 
2022-07-10 16:34:51.891 [DEBU] {e0e96710cd6a00179cd5e4737e67cb9a} [ 42 ms] [default] [rows:3  ] SELECT `id`,`avatar`,`name`,`nickname`,`survival_stage`,`nationality`,`achievement`,`gender`,`content`,`if_show` FROM `role` WHERE `if_show`=1 LIMIT 0,3 
2022-07-10 16:34:51.927 [DEBU] {e0e96710cd6a00179cd5e4737e67cb9a} [ 35 ms] [default] [rows:1  ] SELECT COUNT(1) FROM `role` WHERE `if_show`=1 
2022-07-10 16:34:53.466 [DEBU] {50ca456ecd6a00179dd5e4731972535e} [ 43 ms] [default] [rows:3  ] SELECT `id`,`avatar`,`name`,`nickname`,`survival_stage`,`nationality`,`achievement`,`gender`,`content`,`if_show` FROM `role` WHERE `if_show`=1 LIMIT 0,3 
2022-07-10 16:34:53.501 [DEBU] {50ca456ecd6a00179dd5e4731972535e} [ 35 ms] [default] [rows:1  ] SELECT COUNT(1) FROM `role` WHERE `if_show`=1 
2022-07-10 16:34:57.762 [DEBU] {c869196ece6a00179ed5e473db0f5826} [ 44 ms] [default] [rows:3  ] SELECT `id`,`avatar`,`name`,`nickname`,`survival_stage`,`nationality`,`achievement`,`gender`,`content`,`if_show` FROM `role` WHERE `if_show`=1 LIMIT 0,3 
2022-07-10 16:34:57.799 [DEBU] {c869196ece6a00179ed5e473db0f5826} [ 36 ms] [default] [rows:1  ] SELECT COUNT(1) FROM `role` WHERE `if_show`=1 
2022-07-10 16:34:59.541 [DEBU] {109cd4d8ce6a00179fd5e4732bccf2e1} [ 35 ms] [default] [rows:3  ] SELECT `id`,`avatar`,`name`,`nickname`,`survival_stage`,`nationality`,`achievement`,`gender`,`content`,`if_show` FROM `role` WHERE `if_show`=1 LIMIT 0,3 
2022-07-10 16:34:59.577 [DEBU] {109cd4d8ce6a00179fd5e4732bccf2e1} [ 35 ms] [default] [rows:1  ] SELECT COUNT(1) FROM `role` WHERE `if_show`=1 
2022-07-10 16:35:00.080 [DEBU] {10f083f8ce6a0017a0d5e47357192c81} [ 42 ms] [default] [rows:3  ] SELECT `id`,`avatar`,`name`,`nickname`,`survival_stage`,`nationality`,`achievement`,`gender`,`content`,`if_show` FROM `role` WHERE `if_show`=1 LIMIT 0,3 
2022-07-10 16:35:00.116 [DEBU] {10f083f8ce6a0017a0d5e47357192c81} [ 35 ms] [default] [rows:1  ] SELECT COUNT(1) FROM `role` WHERE `if_show`=1 
2022-07-10 16:35:00.234 [DEBU] {e0b72802cf6a0017a1d5e473c2fee9d6} [ 35 ms] [default] [rows:3  ] SELECT `id`,`avatar`,`name`,`nickname`,`survival_stage`,`nationality`,`achievement`,`gender`,`content`,`if_show` FROM `role` WHERE `if_show`=1 LIMIT 0,3 
2022-07-10 16:35:00.270 [DEBU] {e0b72802cf6a0017a1d5e473c2fee9d6} [ 35 ms] [default] [rows:1  ] SELECT COUNT(1) FROM `role` WHERE `if_show`=1 
2022-07-10 16:35:00.418 [DEBU] {788cf70ccf6a0017a2d5e473394782db} [ 37 ms] [default] [rows:3  ] SELECT `id`,`avatar`,`name`,`nickname`,`survival_stage`,`nationality`,`achievement`,`gender`,`content`,`if_show` FROM `role` WHERE `if_show`=1 LIMIT 0,3 
2022-07-10 16:35:00.455 [DEBU] {788cf70ccf6a0017a2d5e473394782db} [ 36 ms] [default] [rows:1  ] SELECT COUNT(1) FROM `role` WHERE `if_show`=1 
2022-07-10 16:35:54.699 [DEBU] {000400addb6a0017a3d5e473ec7d7c25} [ 94 ms] [default] [rows:3  ] SELECT `id`,`avatar`,`name`,`nickname`,`survival_stage`,`nationality`,`achievement`,`gender`,`content`,`if_show` FROM `role` WHERE `if_show`=1 LIMIT 0,3 
2022-07-10 16:35:54.733 [DEBU] {000400addb6a0017a3d5e473ec7d7c25} [ 33 ms] [default] [rows:1  ] SELECT COUNT(1) FROM `role` WHERE `if_show`=1 
2022-07-10 16:36:28.506 [DEBU] {1851d78be36a0017a4d5e473c752af41} [ 97 ms] [default] [rows:3  ] SELECT `id`,`avatar`,`name`,`nickname`,`survival_stage`,`nationality`,`achievement`,`gender`,`content`,`if_show` FROM `role` WHERE `if_show`=1 LIMIT 0,3 
2022-07-10 16:36:28.544 [DEBU] {1851d78be36a0017a4d5e473c752af41} [ 37 ms] [default] [rows:1  ] SELECT COUNT(1) FROM `role` WHERE `if_show`=1 
2022-07-10 16:36:29.974 [DEBU] {384f63e6e36a0017a5d5e473d0495f59} [ 45 ms] [default] [rows:3  ] SELECT `id`,`avatar`,`name`,`nickname`,`survival_stage`,`nationality`,`achievement`,`gender`,`content`,`if_show` FROM `role` WHERE `if_show`=1 LIMIT 0,3 
2022-07-10 16:36:30.013 [DEBU] {384f63e6e36a0017a5d5e473d0495f59} [ 39 ms] [default] [rows:1  ] SELECT COUNT(1) FROM `role` WHERE `if_show`=1 
2022-07-10 16:36:42.308 [DEBU] {7816a2c5e66a0017a6d5e473f1dcd4cc} [ 45 ms] [default] [rows:3  ] SELECT `id`,`avatar`,`name`,`nickname`,`survival_stage`,`nationality`,`achievement`,`gender`,`content`,`if_show` FROM `role` WHERE `if_show`=1 LIMIT 0,3 
2022-07-10 16:36:42.343 [DEBU] {7816a2c5e66a0017a6d5e473f1dcd4cc} [ 35 ms] [default] [rows:1  ] SELECT COUNT(1) FROM `role` WHERE `if_show`=1 
2022-07-10 16:37:25.628 [DEBU] {6030e2d8f06a0017a7d5e473a67279c1} [ 92 ms] [default] [rows:3  ] SELECT `id`,`avatar`,`name`,`nickname`,`survival_stage`,`nationality`,`achievement`,`gender`,`content`,`if_show` FROM `role` WHERE `if_show`=1 LIMIT 0,3 
2022-07-10 16:37:25.661 [DEBU] {6030e2d8f06a0017a7d5e473a67279c1} [ 32 ms] [default] [rows:1  ] SELECT COUNT(1) FROM `role` WHERE `if_show`=1 
2022-07-10 16:37:27.378 [DEBU] {50d52c44f16a0017a8d5e473124ed1c3} [ 42 ms] [default] [rows:3  ] SELECT `id`,`avatar`,`name`,`nickname`,`survival_stage`,`nationality`,`achievement`,`gender`,`content`,`if_show` FROM `role` WHERE `if_show`=1 LIMIT 0,3 
2022-07-10 16:37:27.411 [DEBU] {50d52c44f16a0017a8d5e473124ed1c3} [ 33 ms] [default] [rows:1  ] SELECT COUNT(1) FROM `role` WHERE `if_show`=1 
2022-07-10 16:51:09.675 [DEBU] {c0e7dcb5b06b0017a9d5e47317e61212} [ 92 ms] [default] [rows:3  ] SELECT `id`,`avatar`,`name`,`nickname`,`survival_stage`,`nationality`,`achievement`,`gender`,`content`,`if_show` FROM `role` WHERE `if_show`=1 LIMIT 0,3 
2022-07-10 16:51:09.712 [DEBU] {c0e7dcb5b06b0017a9d5e47317e61212} [ 36 ms] [default] [rows:1  ] SELECT COUNT(1) FROM `role` WHERE `if_show`=1 
2022-07-10 16:51:18.207 [DEBU] {601c7ab5b26b0017aad5e4733faff78f} [ 41 ms] [default] [rows:3  ] SELECT `id`,`avatar`,`name`,`nickname`,`survival_stage`,`nationality`,`achievement`,`gender`,`content`,`if_show` FROM `role` WHERE (`if_show`=1) AND (`name` LIKE '%四%') OR (`nickname` LIKE '%四%') LIMIT 0,3 
2022-07-10 16:51:18.243 [DEBU] {601c7ab5b26b0017aad5e4733faff78f} [ 35 ms] [default] [rows:1  ] SELECT COUNT(1) FROM `role` WHERE (`if_show`=1) AND (`name` LIKE '%四%') OR (`nickname` LIKE '%四%') 
2022-07-10 16:51:28.465 [DEBU] {007a3e19b56b0017abd5e473a9032272} [ 35 ms] [default] [rows:2  ] SELECT `id`,`avatar`,`name`,`nickname`,`survival_stage`,`nationality`,`achievement`,`gender`,`content`,`if_show` FROM `role` WHERE (`if_show`=1) AND (`name` LIKE '%1%') OR (`nickname` LIKE '%1%') LIMIT 0,3 
2022-07-10 16:51:28.501 [DEBU] {007a3e19b56b0017abd5e473a9032272} [ 35 ms] [default] [rows:1  ] SELECT COUNT(1) FROM `role` WHERE (`if_show`=1) AND (`name` LIKE '%1%') OR (`nickname` LIKE '%1%') 
2022-07-10 16:52:26.654 [DEBU] {0816e1a1c26b0017acd5e47364646df6} [ 98 ms] [default] [rows:3  ] SELECT `id`,`avatar`,`name`,`nickname`,`survival_stage`,`nationality`,`achievement`,`gender`,`content`,`if_show` FROM `role` WHERE `if_show`=1 LIMIT 0,3 
2022-07-10 16:52:26.693 [DEBU] {0816e1a1c26b0017acd5e47364646df6} [ 37 ms] [default] [rows:1  ] SELECT COUNT(1) FROM `role` WHERE `if_show`=1 
2022-07-10 16:52:28.342 [DEBU] {b0399909c36b0017add5e4739567b3c7} [ 46 ms] [default] [rows:2  ] SELECT `id`,`avatar`,`name`,`nickname`,`survival_stage`,`nationality`,`achievement`,`gender`,`content`,`if_show` FROM `role` WHERE (`if_show`=1) AND (`name` LIKE '%1%') OR (`nickname` LIKE '%1%') LIMIT 0,3 
2022-07-10 16:52:28.379 [DEBU] {b0399909c36b0017add5e4739567b3c7} [ 36 ms] [default] [rows:1  ] SELECT COUNT(1) FROM `role` WHERE (`if_show`=1) AND (`name` LIKE '%1%') OR (`nickname` LIKE '%1%') 
2022-07-10 16:53:25.444 [DEBU] {784ad951d06b0017aed5e473e50eee97} [101 ms] [default] [rows:3  ] SELECT `id`,`avatar`,`name`,`nickname`,`survival_stage`,`nationality`,`achievement`,`gender`,`content`,`if_show` FROM `role` WHERE `if_show`=1 LIMIT 0,3 
2022-07-10 16:53:25.482 [DEBU] {784ad951d06b0017aed5e473e50eee97} [ 36 ms] [default] [rows:1  ] SELECT COUNT(1) FROM `role` WHERE `if_show`=1 
2022-07-10 16:53:27.017 [DEBU] {b061ceb2d06b0017afd5e4735a7e799d} [ 47 ms] [default] [rows:3  ] SELECT `id`,`avatar`,`name`,`nickname`,`survival_stage`,`nationality`,`achievement`,`gender`,`content`,`if_show` FROM `role` WHERE `if_show`=1 LIMIT 0,3 
2022-07-10 16:53:27.054 [DEBU] {b061ceb2d06b0017afd5e4735a7e799d} [ 36 ms] [default] [rows:1  ] SELECT COUNT(1) FROM `role` WHERE `if_show`=1 
2022-07-10 16:53:27.951 [DEBU] {c8e3b5ead06b0017b0d5e473c8890c31} [ 44 ms] [default] [rows:3  ] SELECT `id`,`avatar`,`name`,`nickname`,`survival_stage`,`nationality`,`achievement`,`gender`,`content`,`if_show` FROM `role` WHERE `if_show`=1 LIMIT 0,3 
2022-07-10 16:53:27.987 [DEBU] {c8e3b5ead06b0017b0d5e473c8890c31} [ 35 ms] [default] [rows:1  ] SELECT COUNT(1) FROM `role` WHERE `if_show`=1 
2022-07-10 16:53:42.746 [DEBU] {98286d5cd46b0017b1d5e4736416ecbe} [ 46 ms] [default] [rows:3  ] SELECT `id`,`avatar`,`name`,`nickname`,`survival_stage`,`nationality`,`achievement`,`gender`,`content`,`if_show` FROM `role` WHERE `if_show`=1 LIMIT 0,3 
2022-07-10 16:53:42.783 [DEBU] {98286d5cd46b0017b1d5e4736416ecbe} [ 36 ms] [default] [rows:1  ] SELECT COUNT(1) FROM `role` WHERE `if_show`=1 
2022-07-10 16:56:10.014 [DEBU] {e8505fa2f66b0017b2d5e47327f2b38b} [110 ms] [default] [rows:3  ] SELECT `id`,`avatar`,`name`,`nickname`,`survival_stage`,`nationality`,`achievement`,`gender`,`content`,`if_show` FROM `role` WHERE `if_show`=1 LIMIT 0,3 
2022-07-10 16:56:10.054 [DEBU] {e8505fa2f66b0017b2d5e47327f2b38b} [ 40 ms] [default] [rows:1  ] SELECT COUNT(1) FROM `role` WHERE `if_show`=1 
